2025-04-18 00:10:13,745 [INFO] WebApp:190 - Connection lost
2025-04-18 00:10:33,980 [INFO] WebApp:187 - Connection restablished
2025-04-18 00:10:35,771 [INFO] WebApp:190 - Connection lost
2025-04-18 00:10:35,952 [INFO] WebApp:187 - Connection restablished
2025-04-18 00:19:30,280 [INFO] WebApp:190 - Connection lost
2025-04-18 00:19:30,437 [INFO] WebApp:187 - Connection restablished
2025-04-18 00:40:52,259 [INFO] UtilMem:75 - End SaveConfig() Used Memory: 892263240 Bytes (1073741824)
2025-04-18 00:40:53,512 [INFO] UtilMem:75 - End SaveConfig() Used Memory: 913583160 Bytes (1073741824)
2025-04-18 00:40:54,520 [INFO] UtilMem:75 - End SaveConfig() Used Memory: 953778816 Bytes (1073741824)
2025-04-18 00:40:54,740 [INFO] BlockDiagram:2766 - set Specific Code input for plugin: NVIC
2025-04-18 00:40:54,740 [INFO] BlockDiagram:2766 - set Specific Code input for plugin: SYS
2025-04-18 00:40:54,740 [INFO] BlockDiagram:2766 - set Specific Code input for plugin: GPIO
2025-04-18 00:40:54,740 [INFO] BlockDiagram:2766 - set Specific Code input for plugin: RCC
2025-04-18 00:40:54,741 [INFO] CodeGenerator:896 - code generatio: config db path: C:\ST\STM32CubeIDE_1.16.1\STM32CubeIDE\plugins\com.st.stm32cube.common.mx_6.13.0.202411220809\\db\
2025-04-18 00:40:54,807 [INFO] CodeEngine:255 - oldGeneratedFile, C:\Users\OS\STM32CubeIDE\workspace_1.16.1\pc817\MXTmpFiles\license.tmp_save
2025-04-18 00:40:54,988 [INFO] CodeEngine:279 - Generated code: C:\Users\OS\STM32CubeIDE\workspace_1.16.1\pc817\MXTmpFiles\license.tmp
2025-04-18 00:40:55,019 [INFO] CodeEngine:255 - oldGeneratedFile, C:\Users\OS\STM32CubeIDE\workspace_1.16.1\pc817\MXTmpFiles\gpio.tmp_save
2025-04-18 00:40:55,141 [INFO] CodeEngine:279 - Generated code: C:\Users\OS\STM32CubeIDE\workspace_1.16.1\pc817\MXTmpFiles\gpio.tmp
2025-04-18 00:40:55,179 [INFO] CodeEngine:255 - oldGeneratedFile, C:\Users\OS\STM32CubeIDE\workspace_1.16.1\pc817\Core\Src\stm32f1xx_it.c_save
2025-04-18 00:40:55,391 [INFO] CodeEngine:279 - Generated code: C:\Users\OS\STM32CubeIDE\workspace_1.16.1\pc817\Core\Src\stm32f1xx_it.c
2025-04-18 00:40:55,397 [INFO] CodeEngine:255 - oldGeneratedFile, C:\Users\OS\STM32CubeIDE\workspace_1.16.1\pc817\Core\Inc\stm32f1xx_it.h_save
2025-04-18 00:40:55,483 [INFO] CodeEngine:279 - Generated code: C:\Users\OS\STM32CubeIDE\workspace_1.16.1\pc817\Core\Inc\stm32f1xx_it.h
2025-04-18 00:40:55,506 [INFO] CodeEngine:255 - oldGeneratedFile, C:\Users\OS\STM32CubeIDE\workspace_1.16.1\pc817\Core\Src\stm32f1xx_hal_msp.c_save
2025-04-18 00:40:55,617 [INFO] CodeEngine:279 - Generated code: C:\Users\OS\STM32CubeIDE\workspace_1.16.1\pc817\Core\Src\stm32f1xx_hal_msp.c
2025-04-18 00:40:55,621 [INFO] CodeEngine:255 - oldGeneratedFile, C:\Users\OS\STM32CubeIDE\workspace_1.16.1\pc817\MXTmpFiles\system.tmp_save
2025-04-18 00:40:55,687 [INFO] CodeEngine:279 - Generated code: C:\Users\OS\STM32CubeIDE\workspace_1.16.1\pc817\MXTmpFiles\system.tmp
2025-04-18 00:40:55,713 [INFO] CodeEngine:311 - oldGeneratedFile, C:\Users\OS\STM32CubeIDE\workspace_1.16.1\pc817\Core\Inc\stm32f1xx_hal_conf.h_save
2025-04-18 00:40:55,808 [INFO] CodeEngine:335 - Generated code: C:\Users\OS\STM32CubeIDE\workspace_1.16.1\pc817\Core\Inc\stm32f1xx_hal_conf.h
2025-04-18 00:40:55,859 [INFO] CodeEngine:255 - oldGeneratedFile, C:\Users\OS\STM32CubeIDE\workspace_1.16.1\pc817\Core\Inc\main.h_save
2025-04-18 00:40:55,963 [INFO] CodeEngine:279 - Generated code: C:\Users\OS\STM32CubeIDE\workspace_1.16.1\pc817\Core\Inc\main.h
2025-04-18 00:40:55,978 [INFO] CodeEngine:255 - oldGeneratedFile, C:\Users\OS\STM32CubeIDE\workspace_1.16.1\pc817\Core\Src\main.c_save
2025-04-18 00:40:56,097 [INFO] CodeEngine:279 - Generated code: C:\Users\OS\STM32CubeIDE\workspace_1.16.1\pc817\Core\Src\main.c
2025-04-18 00:40:56,439 [INFO] ProjectBuilder:3289 - Time for Copy HAL[1] : 132mS.
2025-04-18 00:40:56,442 [INFO] ProjectBuilder:4876 - Project Generator version: 4.5.0-RC5
2025-04-18 00:40:56,550 [INFO] ConfigFileManager:1579 - The Die is : DIE410
2025-04-18 00:40:57,439 [INFO] ProjectBuilder:5154 - Time for Generating toolchain IDE Files: 997mS.
2025-04-18 00:40:57,440 [INFO] ProjectBuilder:3146 - Time for Copy CMSIS : 1mS.
2025-04-18 00:40:57,443 [INFO] ProjectBuilder:3146 - Time for Copy CMSIS : 0mS.
