2025-01-13 19:15:40,453 [INFO] Activator:176 - 


2025-01-13 19:15:40,463 [INFO] Activator:177 - !SESSION log4j initialized
2025-01-13 19:15:46,636 [INFO] LogOutputStream:77 - [STDOUT_REDIRECT] 
2025-01-13 19:15:50,104 [INFO] ApplicationProperties:184 - Using Application install path: C:\ST\STM32CubeIDE_1.16.1\STM32CubeIDE\plugins\com.st.stm32cube.common.mx_6.13.0.202411220809
2025-01-13 19:15:50,124 [INFO] DbMcusXml:78 - Set database path to: C:\ST\STM32CubeIDE_1.16.1\STM32CubeIDE\plugins\com.st.stm32cube.common.mx_6.13.0.202411220809\\db\/mcu/
2025-01-13 19:15:50,124 [INFO] ApiDb:274 - Set plugin database path to: C:\ST\STM32CubeIDE_1.16.1\STM32CubeIDE\plugins\com.st.stm32cube.common.mx_6.13.0.202411220809\\db\/plugins/boardmanager/
2025-01-13 19:15:50,124 [WARN] ApiDb:259 - Overriding images path with different value:  => C:\ST\STM32CubeIDE_1.16.1\STM32CubeIDE\plugins\com.st.stm32cube.common.mx_6.13.0.202411220809\\db\/plugins/mcufinder/images/
2025-01-13 19:15:50,141 [INFO] ApiDb:250 - Set database path to: C:\Users\OS\.stmcufinder\plugins\mcufinder//mcu/
2025-01-13 19:15:50,142 [INFO] DbMcusAds:125 - Set database path to: C:\Users\OS\.stmcufinder\plugins\mcufinder//mcu/
2025-01-13 19:15:51,088 [INFO] CrossReferenceDbSqlite:203 - Set database path to: C:\Users\OS\.stmcufinder\plugins\mcufinder//mcu/cs/
2025-01-13 19:15:51,203 [INFO] RulesReader:64 - Compatibility file has been processed (297 Rules)
2025-01-13 19:15:51,280 [INFO] DbMcusXml:78 - Set database path to: C:\ST\STM32CubeIDE_1.16.1\STM32CubeIDE\plugins\com.st.stm32cube.common.mx_6.13.0.202411220809\\db\/mcu/
2025-01-13 19:15:51,280 [INFO] ApiDb:274 - Set plugin database path to: C:\ST\STM32CubeIDE_1.16.1\STM32CubeIDE\plugins\com.st.stm32cube.common.mx_6.13.0.202411220809\\db\/plugins/boardmanager/
2025-01-13 19:15:51,280 [INFO] ApiDb:261 - Set plugin images path to: C:\ST\STM32CubeIDE_1.16.1\STM32CubeIDE\plugins\com.st.stm32cube.common.mx_6.13.0.202411220809\\db\/plugins/mcufinder/images/
2025-01-13 19:15:51,280 [WARN] DbFile:41 - Overriding database path with different value: C:\Users\OS\.stmcufinder\plugins\mcufinder/ => C:\Users\OS\.stmcufinder\plugins\mcufinder
2025-01-13 19:15:51,280 [INFO] ApiDb:250 - Set database path to: C:\Users\OS\.stmcufinder\plugins\mcufinder//mcu/
2025-01-13 19:15:51,280 [WARN] DbFile:41 - Overriding database path with different value: C:\Users\OS\.stmcufinder\plugins\mcufinder/ => C:\Users\OS\.stmcufinder\plugins\mcufinder
2025-01-13 19:15:51,280 [INFO] DbMcusAds:125 - Set database path to: C:\Users\OS\.stmcufinder\plugins\mcufinder//mcu/
2025-01-13 19:15:51,280 [WARN] DbFile:41 - Overriding database path with different value: C:\Users\OS\.stmcufinder\plugins\mcufinder/ => C:\Users\OS\.stmcufinder\plugins\mcufinder
2025-01-13 19:15:51,280 [WARN] DbFile:41 - Overriding database path with different value: C:\Users\OS\.stmcufinder\plugins\mcufinder/ => C:\Users\OS\.stmcufinder\plugins\mcufinder
2025-01-13 19:15:52,089 [INFO] CrossReferenceDbSqlite:203 - Set database path to: C:\Users\OS\.stmcufinder\plugins\mcufinder//mcu/cs/
2025-01-13 19:15:52,152 [INFO] MainPanel:272 - HeapMemory: 268435456
2025-01-13 19:15:52,247 [INFO] DbMcusXml:78 - Set database path to: C:\ST\STM32CubeIDE_1.16.1\STM32CubeIDE\plugins\com.st.stm32cube.common.mx_6.13.0.202411220809\\db\/mcu/
2025-01-13 19:15:52,247 [INFO] ApiDb:274 - Set plugin database path to: C:\ST\STM32CubeIDE_1.16.1\STM32CubeIDE\plugins\com.st.stm32cube.common.mx_6.13.0.202411220809\\db\/plugins/boardmanager/
2025-01-13 19:15:52,247 [INFO] ApiDb:261 - Set plugin images path to: C:\ST\STM32CubeIDE_1.16.1\STM32CubeIDE\plugins\com.st.stm32cube.common.mx_6.13.0.202411220809\\db\/plugins/mcufinder/images/
2025-01-13 19:15:52,248 [WARN] DbFile:41 - Overriding database path with different value: C:\Users\OS\.stmcufinder\plugins\mcufinder/ => C:\Users\OS\.stmcufinder\plugins\mcufinder
2025-01-13 19:15:52,248 [INFO] ApiDb:250 - Set database path to: C:\Users\OS\.stmcufinder\plugins\mcufinder//mcu/
2025-01-13 19:15:52,248 [WARN] DbFile:41 - Overriding database path with different value: C:\Users\OS\.stmcufinder\plugins\mcufinder/ => C:\Users\OS\.stmcufinder\plugins\mcufinder
2025-01-13 19:15:52,248 [INFO] DbMcusAds:125 - Set database path to: C:\Users\OS\.stmcufinder\plugins\mcufinder//mcu/
2025-01-13 19:15:52,248 [WARN] DbFile:41 - Overriding database path with different value: C:\Users\OS\.stmcufinder\plugins\mcufinder/ => C:\Users\OS\.stmcufinder\plugins\mcufinder
2025-01-13 19:15:52,248 [WARN] DbFile:41 - Overriding database path with different value: C:\Users\OS\.stmcufinder\plugins\mcufinder/ => C:\Users\OS\.stmcufinder\plugins\mcufinder
2025-01-13 19:15:53,088 [INFO] CrossReferenceDbSqlite:203 - Set database path to: C:\Users\OS\.stmcufinder\plugins\mcufinder//mcu/cs/
2025-01-13 19:15:53,105 [INFO] ApplicationProperties:184 - Using Application install path: C:\ST\STM32CubeIDE_1.16.1\STM32CubeIDE\plugins\com.st.stm32cube.common.mx_6.13.0.202411220809
2025-01-13 19:15:53,106 [INFO] PluginManage:196 - Search for loadable plugins [exclusion list=, ]
2025-01-13 19:15:53,108 [INFO] PluginManage:310 - Check plugin analytics
2025-01-13 19:15:54,157 [INFO] AnalyticsPlugin:253 - Accepted Software Licenses: 
2025-01-13 19:15:54,157 [INFO] AnalyticsPlugin:255 - Accepted CMSIS Pack Licenses: 
2025-01-13 19:15:54,157 [INFO] AnalyticsPlugin:257 - Accepted Firmware Licenses: 
2025-01-13 19:15:54,159 [INFO] PluginManage:359 - Loaded plugin analytics (category:tool,tabindex:-1)
2025-01-13 19:15:54,159 [INFO] PluginManage:310 - Check plugin cadmodel
2025-01-13 19:15:54,177 [INFO] CADModel:105 - Init CAD model plugin
2025-01-13 19:15:54,177 [INFO] PluginManage:359 - Loaded plugin cadmodel (category:power,tabindex:5)
2025-01-13 19:15:54,177 [INFO] PluginManage:310 - Check plugin clock
2025-01-13 19:15:54,197 [INFO] PluginManage:359 - Loaded plugin clock (category:base,tabindex:2)
2025-01-13 19:15:54,197 [INFO] PluginManage:310 - Check plugin ddr
2025-01-13 19:15:54,199 [INFO] PluginManage:359 - Loaded plugin ddr (category:tool,tabindex:6)
2025-01-13 19:15:54,199 [INFO] PluginManage:310 - Check plugin filemanager
2025-01-13 19:15:54,324 [INFO] PluginManage:359 - Loaded plugin filemanager (category:base,tabindex:10)
2025-01-13 19:15:54,324 [INFO] PluginManage:310 - Check plugin ipmanager
2025-01-13 19:15:54,330 [INFO] PluginManage:359 - Loaded plugin ipmanager (category:base,tabindex:5)
2025-01-13 19:15:54,330 [INFO] PluginManage:310 - Check plugin lpbam
2025-01-13 19:15:54,349 [INFO] PluginManage:359 - Loaded plugin lpbam (category:base,tabindex:0)
2025-01-13 19:15:54,349 [INFO] PluginManage:310 - Check plugin memorymap
2025-01-13 19:15:54,374 [INFO] PluginManage:359 - Loaded plugin memorymap (category:base,tabindex:4)
2025-01-13 19:15:54,375 [INFO] PluginManage:310 - Check plugin pinoutandconfiguration
2025-01-13 19:15:54,393 [INFO] PluginManage:359 - Loaded plugin pinoutandconfiguration (category:base,tabindex:1)
2025-01-13 19:15:54,393 [INFO] PluginManage:310 - Check plugin pinoutconfig
2025-01-13 19:15:54,475 [WARN] SupportedApi:132 - Cannot load RTOS API schema: s4s-elt-must-match.1: The content of 'definitions' must match (annotation?, (simpleType | complexType)?, (unique | key | keyref)*)). A problem was found starting at: attribute.
2025-01-13 19:15:54,585 [INFO] PluginManage:359 - Loaded plugin pinoutconfig (category:base,tabindex:0)
2025-01-13 19:15:54,585 [INFO] PluginManage:310 - Check plugin power
2025-01-13 19:15:54,606 [INFO] PluginManage:359 - Loaded plugin power (category:power,tabindex:4)
2025-01-13 19:15:54,607 [INFO] PluginManage:310 - Check plugin projectmanager
2025-01-13 19:15:54,621 [INFO] PluginManage:359 - Loaded plugin projectmanager (category:projectmanager,tabindex:4)
2025-01-13 19:15:54,621 [INFO] PluginManage:310 - Check plugin rif
2025-01-13 19:15:54,642 [INFO] PluginManage:359 - Loaded plugin rif (category:base,tabindex:3)
2025-01-13 19:15:54,643 [INFO] PluginManage:310 - Check plugin thirdparty
2025-01-13 19:15:54,948 [INFO] PluginManage:359 - Loaded plugin thirdparty (category:base,tabindex:-1)
2025-01-13 19:15:54,948 [WARN] IntegrityCheckThread:84 - waiting for thirdparty lock release [integrity check]
2025-01-13 19:15:54,948 [INFO] PluginManage:310 - Check plugin tools
2025-01-13 19:15:54,948 [INFO] IntegrityCheckThread:86 - entering critical section [integrity check]
2025-01-13 19:15:54,948 [INFO] ThirdPartyUpdaterWithRetryManager:70 - Updater plugin not ready yet. [1/15]
2025-01-13 19:15:54,993 [INFO] PluginManage:359 - Loaded plugin tools (category:base,tabindex:7)
2025-01-13 19:15:54,993 [INFO] PluginManage:310 - Check plugin tutovideos
2025-01-13 19:15:55,184 [INFO] PluginManage:359 - Loaded plugin tutovideos (category:base,tabindex:-1)
2025-01-13 19:15:55,185 [INFO] PluginManage:310 - Check plugin updater
2025-01-13 19:15:55,202 [INFO] PluginManage:359 - Loaded plugin updater (category:base,tabindex:12)
2025-01-13 19:15:55,202 [INFO] PluginManage:310 - Check plugin userauth
2025-01-13 19:15:55,207 [INFO] UserAuth:118 - Init User Auth plugin
2025-01-13 19:15:55,208 [INFO] PluginManage:359 - Loaded plugin userauth (category:base,tabindex:14)
2025-01-13 19:15:55,208 [INFO] PluginManage:283 - PluginManage : Loaded plugins [18]
2025-01-13 19:15:55,386 [INFO] PinOutPanel:1589 - setPackage(No Configuration,No Configuration)
2025-01-13 19:15:55,456 [INFO] CADModel:165 - CPN selected for project level
2025-01-13 19:15:55,457 [INFO] CADModel:114 - Register for checkConnection events
2025-01-13 19:15:55,485 [INFO] IPUIPlugin:80 - create IPUIPlugin
2025-01-13 19:15:55,485 [INFO] PluginManager:220 - loadIPPluginJar : add adc
2025-01-13 19:15:55,531 [INFO] IPUIPlugin:80 - create IPUIPlugin
2025-01-13 19:15:55,533 [INFO] PluginManager:220 - loadIPPluginJar : add aes
2025-01-13 19:15:55,591 [INFO] IPUIPlugin:80 - create IPUIPlugin
2025-01-13 19:15:55,591 [INFO] PluginManager:220 - loadIPPluginJar : add can
2025-01-13 19:15:55,627 [INFO] IPUIPlugin:80 - create IPUIPlugin
2025-01-13 19:15:55,627 [INFO] PluginManager:220 - loadIPPluginJar : add comp
2025-01-13 19:15:55,676 [INFO] IPUIPlugin:80 - create IPUIPlugin
2025-01-13 19:15:55,676 [INFO] PluginManager:220 - loadIPPluginJar : add cryp
2025-01-13 19:15:55,691 [INFO] IPUIPlugin:80 - create IPUIPlugin
2025-01-13 19:15:55,691 [INFO] PluginManager:220 - loadIPPluginJar : add ddr_ctrl_phy
2025-01-13 19:15:55,728 [INFO] IPUIPlugin:80 - create IPUIPlugin
2025-01-13 19:15:55,729 [INFO] PluginManager:220 - loadIPPluginJar : add dfsdm
2025-01-13 19:15:55,746 [INFO] IPUIPlugin:80 - create IPUIPlugin
2025-01-13 19:15:55,746 [INFO] PluginManager:220 - loadIPPluginJar : add dma
2025-01-13 19:15:55,794 [INFO] IPUIPlugin:80 - create IPUIPlugin
2025-01-13 19:15:55,795 [INFO] PluginManager:220 - loadIPPluginJar : add dma3
2025-01-13 19:15:55,854 [INFO] IPUIPlugin:80 - create IPUIPlugin
2025-01-13 19:15:55,854 [INFO] PluginManager:220 - loadIPPluginJar : add extmemmanager
2025-01-13 19:15:55,876 [INFO] IPUIPlugin:80 - create IPUIPlugin
2025-01-13 19:15:55,876 [INFO] PluginManager:220 - loadIPPluginJar : add fatfs
2025-01-13 19:15:55,920 [INFO] IPUIPlugin:80 - create IPUIPlugin
2025-01-13 19:15:55,920 [INFO] PluginManager:220 - loadIPPluginJar : add fmc
2025-01-13 19:15:55,936 [INFO] IPUIPlugin:80 - create IPUIPlugin
2025-01-13 19:15:55,936 [INFO] PluginManager:220 - loadIPPluginJar : add freertos
2025-01-13 19:15:55,957 [INFO] IPUIPlugin:80 - create IPUIPlugin
2025-01-13 19:15:55,957 [INFO] PluginManager:220 - loadIPPluginJar : add genericplugin
2025-01-13 19:15:56,039 [INFO] IPUIPlugin:80 - create IPUIPlugin
2025-01-13 19:15:56,039 [INFO] PluginManager:220 - loadIPPluginJar : add gfxmmu
2025-01-13 19:15:56,144 [INFO] IPUIPlugin:80 - create IPUIPlugin
2025-01-13 19:15:56,145 [INFO] PluginManager:220 - loadIPPluginJar : add gic
2025-01-13 19:15:56,158 [INFO] IPUIPlugin:80 - create IPUIPlugin
2025-01-13 19:15:56,158 [INFO] PluginManager:220 - loadIPPluginJar : add gpio
2025-01-13 19:15:56,263 [INFO] IPUIPlugin:80 - create IPUIPlugin
2025-01-13 19:15:56,263 [INFO] PluginManager:220 - loadIPPluginJar : add gtzc
2025-01-13 19:15:56,296 [INFO] IPUIPlugin:80 - create IPUIPlugin
2025-01-13 19:15:56,296 [INFO] PluginManager:220 - loadIPPluginJar : add hash
2025-01-13 19:15:56,352 [INFO] IPUIPlugin:80 - create IPUIPlugin
2025-01-13 19:15:56,353 [INFO] PluginManager:220 - loadIPPluginJar : add i2c
2025-01-13 19:15:56,389 [INFO] IPUIPlugin:80 - create IPUIPlugin
2025-01-13 19:15:56,389 [INFO] PluginManager:220 - loadIPPluginJar : add i2s
2025-01-13 19:15:56,433 [INFO] IPUIPlugin:80 - create IPUIPlugin
2025-01-13 19:15:56,433 [INFO] PluginManager:220 - loadIPPluginJar : add i3c
2025-01-13 19:15:56,537 [INFO] IPUIPlugin:80 - create IPUIPlugin
2025-01-13 19:15:56,538 [INFO] PluginManager:220 - loadIPPluginJar : add ipddr
2025-01-13 19:15:56,632 [INFO] IPUIPlugin:80 - create IPUIPlugin
2025-01-13 19:15:56,632 [INFO] PluginManager:220 - loadIPPluginJar : add linkedlist
2025-01-13 19:15:56,670 [INFO] IPUIPlugin:80 - create IPUIPlugin
2025-01-13 19:15:56,670 [INFO] PluginManager:220 - loadIPPluginJar : add lorawan
2025-01-13 19:15:56,702 [INFO] IPUIPlugin:80 - create IPUIPlugin
2025-01-13 19:15:56,702 [INFO] PluginManager:220 - loadIPPluginJar : add ltdc
2025-01-13 19:15:56,718 [INFO] IPUIPlugin:80 - create IPUIPlugin
2025-01-13 19:15:56,718 [INFO] PluginManager:220 - loadIPPluginJar : add mdma
2025-01-13 19:15:56,730 [INFO] IPUIPlugin:80 - create IPUIPlugin
2025-01-13 19:15:56,730 [INFO] PluginManager:220 - loadIPPluginJar : add nvic
2025-01-13 19:15:56,770 [INFO] IPUIPlugin:80 - create IPUIPlugin
2025-01-13 19:15:56,771 [INFO] PluginManager:220 - loadIPPluginJar : add opamp
2025-01-13 19:15:56,838 [INFO] IPUIPlugin:80 - create IPUIPlugin
2025-01-13 19:15:56,838 [INFO] PluginManager:220 - loadIPPluginJar : add openamp
2025-01-13 19:15:56,879 [INFO] IPUIPlugin:80 - create IPUIPlugin
2025-01-13 19:15:56,879 [INFO] PluginManager:220 - loadIPPluginJar : add pdm2pcm
2025-01-13 19:15:56,894 [INFO] IPUIPlugin:80 - create IPUIPlugin
2025-01-13 19:15:56,896 [INFO] PluginManager:220 - loadIPPluginJar : add plateformsettings
2025-01-13 19:15:56,922 [INFO] IPUIPlugin:80 - create IPUIPlugin
2025-01-13 19:15:56,922 [INFO] PluginManager:220 - loadIPPluginJar : add quadspi
2025-01-13 19:15:56,949 [INFO] IPUIPlugin:80 - create IPUIPlugin
2025-01-13 19:15:56,949 [INFO] PluginManager:220 - loadIPPluginJar : add radio
2025-01-13 19:15:56,962 [INFO] IPUIPlugin:80 - create IPUIPlugin
2025-01-13 19:15:56,962 [INFO] PluginManager:220 - loadIPPluginJar : add resmgrutility
2025-01-13 19:15:57,015 [INFO] IPUIPlugin:80 - create IPUIPlugin
2025-01-13 19:15:57,015 [INFO] PluginManager:220 - loadIPPluginJar : add sai
2025-01-13 19:15:57,062 [INFO] IPUIPlugin:80 - create IPUIPlugin
2025-01-13 19:15:57,063 [INFO] PluginManager:220 - loadIPPluginJar : add spi
2025-01-13 19:15:57,145 [INFO] IPUIPlugin:80 - create IPUIPlugin
2025-01-13 19:15:57,145 [INFO] PluginManager:220 - loadIPPluginJar : add stm32_wpan
2025-01-13 19:15:57,173 [INFO] IPUIPlugin:80 - create IPUIPlugin
2025-01-13 19:15:57,173 [INFO] PluginManager:220 - loadIPPluginJar : add tim
2025-01-13 19:15:57,244 [INFO] IPUIPlugin:80 - create IPUIPlugin
2025-01-13 19:15:57,244 [INFO] PluginManager:220 - loadIPPluginJar : add touchsensing
2025-01-13 19:15:57,270 [INFO] IPUIPlugin:80 - create IPUIPlugin
2025-01-13 19:15:57,270 [INFO] PluginManager:220 - loadIPPluginJar : add tracer_emb
2025-01-13 19:15:57,293 [INFO] IPUIPlugin:80 - create IPUIPlugin
2025-01-13 19:15:57,293 [INFO] PluginManager:220 - loadIPPluginJar : add ts
2025-01-13 19:15:57,316 [INFO] IPUIPlugin:80 - create IPUIPlugin
2025-01-13 19:15:57,316 [INFO] PluginManager:220 - loadIPPluginJar : add tsc
2025-01-13 19:15:57,337 [INFO] IPUIPlugin:80 - create IPUIPlugin
2025-01-13 19:15:57,337 [INFO] PluginManager:220 - loadIPPluginJar : add ucpd
2025-01-13 19:15:57,382 [INFO] IPUIPlugin:80 - create IPUIPlugin
2025-01-13 19:15:57,382 [INFO] PluginManager:220 - loadIPPluginJar : add usart
2025-01-13 19:15:57,422 [INFO] IPUIPlugin:80 - create IPUIPlugin
2025-01-13 19:15:57,422 [INFO] PluginManager:220 - loadIPPluginJar : add usbx
2025-01-13 19:15:57,534 [FATAL] Updater:351 - Updater called before beeing initialized
2025-01-13 19:15:57,552 [INFO] RulesReader:64 - Compatibility file has been processed (297 Rules)
2025-01-13 19:15:57,560 [INFO] RulesReader:64 - Compatibility file has been processed (297 Rules)
2025-01-13 19:15:57,565 [INFO] CADModel:165 - CPN selected for project level
2025-01-13 19:15:57,565 [INFO] CADModel:114 - Register for checkConnection events
2025-01-13 19:15:57,565 [FATAL] Updater:351 - Updater called before beeing initialized
2025-01-13 19:15:57,565 [ERROR] CADModel:125 - Updater not yet initialized, retry later 
2025-01-13 19:15:57,694 [FATAL] Updater:351 - Updater called before beeing initialized
2025-01-13 19:15:57,695 [INFO] CADModel:165 - CPN selected for project level
2025-01-13 19:15:57,696 [INFO] CADModel:114 - Register for checkConnection events
2025-01-13 19:15:57,696 [FATAL] Updater:351 - Updater called before beeing initialized
2025-01-13 19:15:57,696 [ERROR] CADModel:125 - Updater not yet initialized, retry later 
2025-01-13 19:15:57,698 [FATAL] Updater:351 - Updater called before beeing initialized
2025-01-13 19:15:57,791 [FATAL] Updater:351 - Updater called before beeing initialized
2025-01-13 19:15:57,801 [INFO] DbMcusAds:53 - JSON generation date=Tue Dec 17 23:01:15 ICT 2024 (1734451275222)
2025-01-13 19:15:57,801 [FATAL] Updater:351 - Updater called before beeing initialized
2025-01-13 19:15:57,832 [WARN] DetailPanel:346 - Failed to get advertising image, set to default
2025-01-13 19:15:57,951 [INFO] ThirdPartyUpdaterWithRetryManager:70 - Updater plugin not ready yet. [2/15]
2025-01-13 19:15:58,017 [FATAL] Updater:351 - Updater called before beeing initialized
2025-01-13 19:15:58,018 [FATAL] Updater:351 - Updater called before beeing initialized
2025-01-13 19:15:58,019 [FATAL] Updater:351 - Updater called before beeing initialized
2025-01-13 19:15:58,019 [WARN] DetailPanel:346 - Failed to get advertising image, set to default
2025-01-13 19:15:58,019 [FATAL] Updater:351 - Updater called before beeing initialized
2025-01-13 19:15:58,073 [ERROR] Updater:1198 - MainUpdater not yet initialized. External WinMGr cannot be set.
2025-01-13 19:15:58,083 [INFO] Updater:1134 - Updater Version found : 6.13.0
2025-01-13 19:15:58,097 [INFO] ApplicationProperties:184 - Using Application install path: C:\ST\STM32CubeIDE_1.16.1\STM32CubeIDE\plugins\com.st.stm32cube.common.mx_6.13.0.202411220809
2025-01-13 19:15:58,548 [INFO] MainUpdater:2872 - connection check result : 10
2025-01-13 19:15:58,548 [INFO] MainUpdater:289 - Updater Check For Update Now.
2025-01-13 19:15:58,549 [INFO] MicroXplorer:498 - Change Database Version : DB.6.0.130
2025-01-13 19:15:58,563 [INFO] McuFinderGlobals:63 - Set McuFinder mode to 2 (CubeIDE integrated)
2025-01-13 19:15:58,569 [INFO] UserAuth:486 - Internet connection configuration mode: 1
2025-01-13 19:15:58,594 [INFO] JxBrowserEngine:152 - Initiate JxBrowser Engine with user profile folder
2025-01-13 19:15:58,764 [INFO] CheckServerUpdateThread:120 - End of CheckServer Thread
2025-01-13 19:15:59,829 [INFO] WebApp:168 - Instantiating new browser for Auth
2025-01-13 19:16:00,515 [INFO] WebApp:449 - Apply proxy settings
2025-01-13 19:16:00,515 [INFO] WebApp:534 - Chromium requires no authentication
2025-01-13 19:16:00,532 [INFO] WebApp:477 - Direct internet connection detected
2025-01-13 19:16:00,567 [INFO] WebApp:880 - Register for checkConnection events
2025-01-13 19:16:00,568 [INFO] WebApp:449 - Apply proxy settings
2025-01-13 19:16:00,568 [INFO] WebApp:534 - Chromium requires no authentication
2025-01-13 19:16:00,568 [INFO] WebApp:477 - Direct internet connection detected
2025-01-13 19:16:00,750 [INFO] WebApp:221 - Starting web application
2025-01-13 19:16:00,750 [INFO] WebApp:579 - Web application path used C:\ST\STM32CubeIDE_1.16.1\STM32CubeIDE\plugins\com.st.stm32cube.common.mx_6.13.0.202411220809\db\plugins\mcufinder\reactClient1\index.html
2025-01-13 19:16:00,886 [INFO] WebApp:187 - Connection restablished
2025-01-13 19:16:00,934 [INFO] UserAuth:486 - Internet connection configuration mode: 1
2025-01-13 19:16:01,129 [WARN] ConditionMgr:438 - getConditionDescription Invalid condition id : Cortex-A Device cause : null
2025-01-13 19:16:01,166 [WARN] ConditionMgr:1044 - genDependencies : Invalid condition id : Cortex-A Device cause : null
2025-01-13 19:16:01,166 [WARN] ConditionMgr:1044 - genDependencies : Invalid condition id : Cortex-A Device cause : null
2025-01-13 19:16:01,166 [WARN] ConditionMgr:1044 - genDependencies : Invalid condition id : Cortex-A Device cause : null
2025-01-13 19:16:01,223 [WARN] PackLoader:240 - Cannot read IP mode file for STMicroelectronics.X-CUBE-IPS.3.1.0
2025-01-13 19:16:01,262 [WARN] PackLoader:240 - Cannot read IP mode file for STMicroelectronics.X-CUBE-TOUCHGFX.4.24.2
2025-01-13 19:16:01,263 [INFO] ThirdParty:978 - Integrity check success = true
2025-01-13 19:16:01,263 [INFO] IntegrityCheckThread:100 - exiting critical section [integrity check]
2025-01-13 19:16:01,263 [INFO] IntegrityCheckThread:103 - End integrity checks thread
2025-01-13 22:48:49,394 [ERROR] LogOutputStream:75 - [STDERR_REDIRECT] 
