2025-01-10 00:17:15,314 [ERROR] LogOutputStream:75 - [STDERR_REDIRECT] 
2025-01-10 17:12:17,798 [INFO] Activator:176 - 


2025-01-10 17:12:17,798 [INFO] Activator:177 - !SESSION log4j initialized
2025-01-10 17:12:23,390 [INFO] LogOutputStream:77 - [STDOUT_REDIRECT] 
2025-01-10 17:12:26,284 [INFO] ApplicationProperties:184 - Using Application install path: C:\ST\STM32CubeIDE_1.16.1\STM32CubeIDE\plugins\com.st.stm32cube.common.mx_6.13.0.202411220809
2025-01-10 17:12:26,299 [INFO] DbMcusXml:78 - Set database path to: C:\ST\STM32CubeIDE_1.16.1\STM32CubeIDE\plugins\com.st.stm32cube.common.mx_6.13.0.202411220809\\db\/mcu/
2025-01-10 17:12:26,300 [INFO] ApiDb:274 - Set plugin database path to: C:\ST\STM32CubeIDE_1.16.1\STM32CubeIDE\plugins\com.st.stm32cube.common.mx_6.13.0.202411220809\\db\/plugins/boardmanager/
2025-01-10 17:12:26,300 [WARN] ApiDb:259 - Overriding images path with different value:  => C:\ST\STM32CubeIDE_1.16.1\STM32CubeIDE\plugins\com.st.stm32cube.common.mx_6.13.0.202411220809\\db\/plugins/mcufinder/images/
2025-01-10 17:12:26,314 [INFO] ApiDb:250 - Set database path to: C:\Users\OS\.stmcufinder\plugins\mcufinder//mcu/
2025-01-10 17:12:26,316 [INFO] DbMcusAds:125 - Set database path to: C:\Users\OS\.stmcufinder\plugins\mcufinder//mcu/
2025-01-10 17:12:26,882 [INFO] CrossReferenceDbSqlite:203 - Set database path to: C:\Users\OS\.stmcufinder\plugins\mcufinder//mcu/cs/
2025-01-10 17:12:26,993 [INFO] RulesReader:64 - Compatibility file has been processed (297 Rules)
2025-01-10 17:12:27,059 [INFO] DbMcusXml:78 - Set database path to: C:\ST\STM32CubeIDE_1.16.1\STM32CubeIDE\plugins\com.st.stm32cube.common.mx_6.13.0.202411220809\\db\/mcu/
2025-01-10 17:12:27,060 [INFO] ApiDb:274 - Set plugin database path to: C:\ST\STM32CubeIDE_1.16.1\STM32CubeIDE\plugins\com.st.stm32cube.common.mx_6.13.0.202411220809\\db\/plugins/boardmanager/
2025-01-10 17:12:27,060 [INFO] ApiDb:261 - Set plugin images path to: C:\ST\STM32CubeIDE_1.16.1\STM32CubeIDE\plugins\com.st.stm32cube.common.mx_6.13.0.202411220809\\db\/plugins/mcufinder/images/
2025-01-10 17:12:27,060 [WARN] DbFile:41 - Overriding database path with different value: C:\Users\OS\.stmcufinder\plugins\mcufinder/ => C:\Users\OS\.stmcufinder\plugins\mcufinder
2025-01-10 17:12:27,060 [INFO] ApiDb:250 - Set database path to: C:\Users\OS\.stmcufinder\plugins\mcufinder//mcu/
2025-01-10 17:12:27,060 [WARN] DbFile:41 - Overriding database path with different value: C:\Users\OS\.stmcufinder\plugins\mcufinder/ => C:\Users\OS\.stmcufinder\plugins\mcufinder
2025-01-10 17:12:27,060 [INFO] DbMcusAds:125 - Set database path to: C:\Users\OS\.stmcufinder\plugins\mcufinder//mcu/
2025-01-10 17:12:27,060 [WARN] DbFile:41 - Overriding database path with different value: C:\Users\OS\.stmcufinder\plugins\mcufinder/ => C:\Users\OS\.stmcufinder\plugins\mcufinder
2025-01-10 17:12:27,060 [WARN] DbFile:41 - Overriding database path with different value: C:\Users\OS\.stmcufinder\plugins\mcufinder/ => C:\Users\OS\.stmcufinder\plugins\mcufinder
2025-01-10 17:12:27,882 [INFO] CrossReferenceDbSqlite:203 - Set database path to: C:\Users\OS\.stmcufinder\plugins\mcufinder//mcu/cs/
2025-01-10 17:12:27,955 [INFO] MainPanel:272 - HeapMemory: 268435456
2025-01-10 17:12:28,065 [INFO] DbMcusXml:78 - Set database path to: C:\ST\STM32CubeIDE_1.16.1\STM32CubeIDE\plugins\com.st.stm32cube.common.mx_6.13.0.202411220809\\db\/mcu/
2025-01-10 17:12:28,065 [INFO] ApiDb:274 - Set plugin database path to: C:\ST\STM32CubeIDE_1.16.1\STM32CubeIDE\plugins\com.st.stm32cube.common.mx_6.13.0.202411220809\\db\/plugins/boardmanager/
2025-01-10 17:12:28,065 [INFO] ApiDb:261 - Set plugin images path to: C:\ST\STM32CubeIDE_1.16.1\STM32CubeIDE\plugins\com.st.stm32cube.common.mx_6.13.0.202411220809\\db\/plugins/mcufinder/images/
2025-01-10 17:12:28,065 [WARN] DbFile:41 - Overriding database path with different value: C:\Users\OS\.stmcufinder\plugins\mcufinder/ => C:\Users\OS\.stmcufinder\plugins\mcufinder
2025-01-10 17:12:28,065 [INFO] ApiDb:250 - Set database path to: C:\Users\OS\.stmcufinder\plugins\mcufinder//mcu/
2025-01-10 17:12:28,065 [WARN] DbFile:41 - Overriding database path with different value: C:\Users\OS\.stmcufinder\plugins\mcufinder/ => C:\Users\OS\.stmcufinder\plugins\mcufinder
2025-01-10 17:12:28,065 [INFO] DbMcusAds:125 - Set database path to: C:\Users\OS\.stmcufinder\plugins\mcufinder//mcu/
2025-01-10 17:12:28,065 [WARN] DbFile:41 - Overriding database path with different value: C:\Users\OS\.stmcufinder\plugins\mcufinder/ => C:\Users\OS\.stmcufinder\plugins\mcufinder
2025-01-10 17:12:28,065 [WARN] DbFile:41 - Overriding database path with different value: C:\Users\OS\.stmcufinder\plugins\mcufinder/ => C:\Users\OS\.stmcufinder\plugins\mcufinder
2025-01-10 17:12:28,882 [INFO] CrossReferenceDbSqlite:203 - Set database path to: C:\Users\OS\.stmcufinder\plugins\mcufinder//mcu/cs/
2025-01-10 17:12:28,899 [INFO] ApplicationProperties:184 - Using Application install path: C:\ST\STM32CubeIDE_1.16.1\STM32CubeIDE\plugins\com.st.stm32cube.common.mx_6.13.0.202411220809
2025-01-10 17:12:28,900 [INFO] PluginManage:196 - Search for loadable plugins [exclusion list=, ]
2025-01-10 17:12:28,901 [INFO] PluginManage:310 - Check plugin analytics
2025-01-10 17:12:29,939 [INFO] AnalyticsPlugin:253 - Accepted Software Licenses: 
2025-01-10 17:12:29,939 [INFO] AnalyticsPlugin:255 - Accepted CMSIS Pack Licenses: 
2025-01-10 17:12:29,939 [INFO] AnalyticsPlugin:257 - Accepted Firmware Licenses: 
2025-01-10 17:12:29,942 [INFO] PluginManage:359 - Loaded plugin analytics (category:tool,tabindex:-1)
2025-01-10 17:12:29,942 [INFO] PluginManage:310 - Check plugin cadmodel
2025-01-10 17:12:29,959 [INFO] CADModel:105 - Init CAD model plugin
2025-01-10 17:12:29,959 [INFO] PluginManage:359 - Loaded plugin cadmodel (category:power,tabindex:5)
2025-01-10 17:12:29,959 [INFO] PluginManage:310 - Check plugin clock
2025-01-10 17:12:29,979 [INFO] PluginManage:359 - Loaded plugin clock (category:base,tabindex:2)
2025-01-10 17:12:29,979 [INFO] PluginManage:310 - Check plugin ddr
2025-01-10 17:12:29,981 [INFO] PluginManage:359 - Loaded plugin ddr (category:tool,tabindex:6)
2025-01-10 17:12:29,981 [INFO] PluginManage:310 - Check plugin filemanager
2025-01-10 17:12:30,099 [INFO] PluginManage:359 - Loaded plugin filemanager (category:base,tabindex:10)
2025-01-10 17:12:30,099 [INFO] PluginManage:310 - Check plugin ipmanager
2025-01-10 17:12:30,105 [INFO] PluginManage:359 - Loaded plugin ipmanager (category:base,tabindex:5)
2025-01-10 17:12:30,105 [INFO] PluginManage:310 - Check plugin lpbam
2025-01-10 17:12:30,122 [INFO] PluginManage:359 - Loaded plugin lpbam (category:base,tabindex:0)
2025-01-10 17:12:30,123 [INFO] PluginManage:310 - Check plugin memorymap
2025-01-10 17:12:30,144 [INFO] PluginManage:359 - Loaded plugin memorymap (category:base,tabindex:4)
2025-01-10 17:12:30,144 [INFO] PluginManage:310 - Check plugin pinoutandconfiguration
2025-01-10 17:12:30,163 [INFO] PluginManage:359 - Loaded plugin pinoutandconfiguration (category:base,tabindex:1)
2025-01-10 17:12:30,163 [INFO] PluginManage:310 - Check plugin pinoutconfig
2025-01-10 17:12:30,244 [WARN] SupportedApi:132 - Cannot load RTOS API schema: s4s-elt-must-match.1: The content of 'definitions' must match (annotation?, (simpleType | complexType)?, (unique | key | keyref)*)). A problem was found starting at: attribute.
2025-01-10 17:12:30,350 [INFO] PluginManage:359 - Loaded plugin pinoutconfig (category:base,tabindex:0)
2025-01-10 17:12:30,350 [INFO] PluginManage:310 - Check plugin power
2025-01-10 17:12:30,373 [INFO] PluginManage:359 - Loaded plugin power (category:power,tabindex:4)
2025-01-10 17:12:30,373 [INFO] PluginManage:310 - Check plugin projectmanager
2025-01-10 17:12:30,386 [INFO] PluginManage:359 - Loaded plugin projectmanager (category:projectmanager,tabindex:4)
2025-01-10 17:12:30,386 [INFO] PluginManage:310 - Check plugin rif
2025-01-10 17:12:30,403 [INFO] PluginManage:359 - Loaded plugin rif (category:base,tabindex:3)
2025-01-10 17:12:30,403 [INFO] PluginManage:310 - Check plugin thirdparty
2025-01-10 17:12:30,661 [INFO] PluginManage:359 - Loaded plugin thirdparty (category:base,tabindex:-1)
2025-01-10 17:12:30,661 [WARN] IntegrityCheckThread:84 - waiting for thirdparty lock release [integrity check]
2025-01-10 17:12:30,661 [INFO] PluginManage:310 - Check plugin tools
2025-01-10 17:12:30,661 [INFO] IntegrityCheckThread:86 - entering critical section [integrity check]
2025-01-10 17:12:30,662 [INFO] ThirdPartyUpdaterWithRetryManager:70 - Updater plugin not ready yet. [1/15]
2025-01-10 17:12:30,694 [INFO] PluginManage:359 - Loaded plugin tools (category:base,tabindex:7)
2025-01-10 17:12:30,694 [INFO] PluginManage:310 - Check plugin tutovideos
2025-01-10 17:12:30,853 [INFO] PluginManage:359 - Loaded plugin tutovideos (category:base,tabindex:-1)
2025-01-10 17:12:30,853 [INFO] PluginManage:310 - Check plugin updater
2025-01-10 17:12:30,872 [INFO] PluginManage:359 - Loaded plugin updater (category:base,tabindex:12)
2025-01-10 17:12:30,872 [INFO] PluginManage:310 - Check plugin userauth
2025-01-10 17:12:30,875 [INFO] UserAuth:118 - Init User Auth plugin
2025-01-10 17:12:30,876 [INFO] PluginManage:359 - Loaded plugin userauth (category:base,tabindex:14)
2025-01-10 17:12:30,876 [INFO] PluginManage:283 - PluginManage : Loaded plugins [18]
2025-01-10 17:12:31,044 [INFO] PinOutPanel:1589 - setPackage(No Configuration,No Configuration)
2025-01-10 17:12:31,113 [INFO] CADModel:165 - CPN selected for project level
2025-01-10 17:12:31,113 [INFO] CADModel:114 - Register for checkConnection events
2025-01-10 17:12:31,140 [INFO] IPUIPlugin:80 - create IPUIPlugin
2025-01-10 17:12:31,140 [INFO] PluginManager:220 - loadIPPluginJar : add adc
2025-01-10 17:12:31,184 [INFO] IPUIPlugin:80 - create IPUIPlugin
2025-01-10 17:12:31,184 [INFO] PluginManager:220 - loadIPPluginJar : add aes
2025-01-10 17:12:31,232 [INFO] IPUIPlugin:80 - create IPUIPlugin
2025-01-10 17:12:31,232 [INFO] PluginManager:220 - loadIPPluginJar : add can
2025-01-10 17:12:31,260 [INFO] IPUIPlugin:80 - create IPUIPlugin
2025-01-10 17:12:31,260 [INFO] PluginManager:220 - loadIPPluginJar : add comp
2025-01-10 17:12:31,296 [INFO] IPUIPlugin:80 - create IPUIPlugin
2025-01-10 17:12:31,298 [INFO] PluginManager:220 - loadIPPluginJar : add cryp
2025-01-10 17:12:31,311 [INFO] IPUIPlugin:80 - create IPUIPlugin
2025-01-10 17:12:31,311 [INFO] PluginManager:220 - loadIPPluginJar : add ddr_ctrl_phy
2025-01-10 17:12:31,338 [INFO] IPUIPlugin:80 - create IPUIPlugin
2025-01-10 17:12:31,338 [INFO] PluginManager:220 - loadIPPluginJar : add dfsdm
2025-01-10 17:12:31,351 [INFO] IPUIPlugin:80 - create IPUIPlugin
2025-01-10 17:12:31,351 [INFO] PluginManager:220 - loadIPPluginJar : add dma
2025-01-10 17:12:31,387 [INFO] IPUIPlugin:80 - create IPUIPlugin
2025-01-10 17:12:31,387 [INFO] PluginManager:220 - loadIPPluginJar : add dma3
2025-01-10 17:12:31,427 [INFO] IPUIPlugin:80 - create IPUIPlugin
2025-01-10 17:12:31,427 [INFO] PluginManager:220 - loadIPPluginJar : add extmemmanager
2025-01-10 17:12:31,447 [INFO] IPUIPlugin:80 - create IPUIPlugin
2025-01-10 17:12:31,447 [INFO] PluginManager:220 - loadIPPluginJar : add fatfs
2025-01-10 17:12:31,489 [INFO] IPUIPlugin:80 - create IPUIPlugin
2025-01-10 17:12:31,489 [INFO] PluginManager:220 - loadIPPluginJar : add fmc
2025-01-10 17:12:31,504 [INFO] IPUIPlugin:80 - create IPUIPlugin
2025-01-10 17:12:31,504 [INFO] PluginManager:220 - loadIPPluginJar : add freertos
2025-01-10 17:12:31,525 [INFO] IPUIPlugin:80 - create IPUIPlugin
2025-01-10 17:12:31,525 [INFO] PluginManager:220 - loadIPPluginJar : add genericplugin
2025-01-10 17:12:31,599 [INFO] IPUIPlugin:80 - create IPUIPlugin
2025-01-10 17:12:31,599 [INFO] PluginManager:220 - loadIPPluginJar : add gfxmmu
2025-01-10 17:12:31,698 [INFO] IPUIPlugin:80 - create IPUIPlugin
2025-01-10 17:12:31,698 [INFO] PluginManager:220 - loadIPPluginJar : add gic
2025-01-10 17:12:31,710 [INFO] IPUIPlugin:80 - create IPUIPlugin
2025-01-10 17:12:31,710 [INFO] PluginManager:220 - loadIPPluginJar : add gpio
2025-01-10 17:12:31,788 [INFO] IPUIPlugin:80 - create IPUIPlugin
2025-01-10 17:12:31,788 [INFO] PluginManager:220 - loadIPPluginJar : add gtzc
2025-01-10 17:12:31,816 [INFO] IPUIPlugin:80 - create IPUIPlugin
2025-01-10 17:12:31,816 [INFO] PluginManager:220 - loadIPPluginJar : add hash
2025-01-10 17:12:31,858 [INFO] IPUIPlugin:80 - create IPUIPlugin
2025-01-10 17:12:31,858 [INFO] PluginManager:220 - loadIPPluginJar : add i2c
2025-01-10 17:12:31,890 [INFO] IPUIPlugin:80 - create IPUIPlugin
2025-01-10 17:12:31,890 [INFO] PluginManager:220 - loadIPPluginJar : add i2s
2025-01-10 17:12:31,926 [INFO] IPUIPlugin:80 - create IPUIPlugin
2025-01-10 17:12:31,926 [INFO] PluginManager:220 - loadIPPluginJar : add i3c
2025-01-10 17:12:32,022 [INFO] IPUIPlugin:80 - create IPUIPlugin
2025-01-10 17:12:32,022 [INFO] PluginManager:220 - loadIPPluginJar : add ipddr
2025-01-10 17:12:32,106 [INFO] IPUIPlugin:80 - create IPUIPlugin
2025-01-10 17:12:32,107 [INFO] PluginManager:220 - loadIPPluginJar : add linkedlist
2025-01-10 17:12:32,146 [INFO] IPUIPlugin:80 - create IPUIPlugin
2025-01-10 17:12:32,146 [INFO] PluginManager:220 - loadIPPluginJar : add lorawan
2025-01-10 17:12:32,178 [INFO] IPUIPlugin:80 - create IPUIPlugin
2025-01-10 17:12:32,178 [INFO] PluginManager:220 - loadIPPluginJar : add ltdc
2025-01-10 17:12:32,191 [INFO] IPUIPlugin:80 - create IPUIPlugin
2025-01-10 17:12:32,191 [INFO] PluginManager:220 - loadIPPluginJar : add mdma
2025-01-10 17:12:32,203 [INFO] IPUIPlugin:80 - create IPUIPlugin
2025-01-10 17:12:32,203 [INFO] PluginManager:220 - loadIPPluginJar : add nvic
2025-01-10 17:12:32,235 [INFO] IPUIPlugin:80 - create IPUIPlugin
2025-01-10 17:12:32,235 [INFO] PluginManager:220 - loadIPPluginJar : add opamp
2025-01-10 17:12:32,284 [INFO] IPUIPlugin:80 - create IPUIPlugin
2025-01-10 17:12:32,284 [INFO] PluginManager:220 - loadIPPluginJar : add openamp
2025-01-10 17:12:32,319 [INFO] IPUIPlugin:80 - create IPUIPlugin
2025-01-10 17:12:32,319 [INFO] PluginManager:220 - loadIPPluginJar : add pdm2pcm
2025-01-10 17:12:32,334 [INFO] IPUIPlugin:80 - create IPUIPlugin
2025-01-10 17:12:32,335 [INFO] PluginManager:220 - loadIPPluginJar : add plateformsettings
2025-01-10 17:12:32,355 [INFO] IPUIPlugin:80 - create IPUIPlugin
2025-01-10 17:12:32,355 [INFO] PluginManager:220 - loadIPPluginJar : add quadspi
2025-01-10 17:12:32,381 [INFO] IPUIPlugin:80 - create IPUIPlugin
2025-01-10 17:12:32,382 [INFO] PluginManager:220 - loadIPPluginJar : add radio
2025-01-10 17:12:32,395 [INFO] IPUIPlugin:80 - create IPUIPlugin
2025-01-10 17:12:32,395 [INFO] PluginManager:220 - loadIPPluginJar : add resmgrutility
2025-01-10 17:12:32,436 [INFO] IPUIPlugin:80 - create IPUIPlugin
2025-01-10 17:12:32,437 [INFO] PluginManager:220 - loadIPPluginJar : add sai
2025-01-10 17:12:32,468 [INFO] IPUIPlugin:80 - create IPUIPlugin
2025-01-10 17:12:32,468 [INFO] PluginManager:220 - loadIPPluginJar : add spi
2025-01-10 17:12:32,529 [INFO] IPUIPlugin:80 - create IPUIPlugin
2025-01-10 17:12:32,529 [INFO] PluginManager:220 - loadIPPluginJar : add stm32_wpan
2025-01-10 17:12:32,551 [INFO] IPUIPlugin:80 - create IPUIPlugin
2025-01-10 17:12:32,551 [INFO] PluginManager:220 - loadIPPluginJar : add tim
2025-01-10 17:12:32,601 [INFO] IPUIPlugin:80 - create IPUIPlugin
2025-01-10 17:12:32,601 [INFO] PluginManager:220 - loadIPPluginJar : add touchsensing
2025-01-10 17:12:32,622 [INFO] IPUIPlugin:80 - create IPUIPlugin
2025-01-10 17:12:32,622 [INFO] PluginManager:220 - loadIPPluginJar : add tracer_emb
2025-01-10 17:12:32,645 [INFO] IPUIPlugin:80 - create IPUIPlugin
2025-01-10 17:12:32,645 [INFO] PluginManager:220 - loadIPPluginJar : add ts
2025-01-10 17:12:32,668 [INFO] IPUIPlugin:80 - create IPUIPlugin
2025-01-10 17:12:32,668 [INFO] PluginManager:220 - loadIPPluginJar : add tsc
2025-01-10 17:12:32,690 [INFO] IPUIPlugin:80 - create IPUIPlugin
2025-01-10 17:12:32,691 [INFO] PluginManager:220 - loadIPPluginJar : add ucpd
2025-01-10 17:12:32,733 [INFO] IPUIPlugin:80 - create IPUIPlugin
2025-01-10 17:12:32,733 [INFO] PluginManager:220 - loadIPPluginJar : add usart
2025-01-10 17:12:32,771 [INFO] IPUIPlugin:80 - create IPUIPlugin
2025-01-10 17:12:32,772 [INFO] PluginManager:220 - loadIPPluginJar : add usbx
2025-01-10 17:12:32,883 [FATAL] Updater:351 - Updater called before beeing initialized
2025-01-10 17:12:32,903 [INFO] RulesReader:64 - Compatibility file has been processed (297 Rules)
2025-01-10 17:12:32,911 [INFO] RulesReader:64 - Compatibility file has been processed (297 Rules)
2025-01-10 17:12:32,916 [INFO] CADModel:165 - CPN selected for project level
2025-01-10 17:12:32,916 [INFO] CADModel:114 - Register for checkConnection events
2025-01-10 17:12:32,916 [FATAL] Updater:351 - Updater called before beeing initialized
2025-01-10 17:12:32,916 [ERROR] CADModel:125 - Updater not yet initialized, retry later 
2025-01-10 17:12:33,039 [FATAL] Updater:351 - Updater called before beeing initialized
2025-01-10 17:12:33,040 [INFO] CADModel:165 - CPN selected for project level
2025-01-10 17:12:33,040 [INFO] CADModel:114 - Register for checkConnection events
2025-01-10 17:12:33,041 [FATAL] Updater:351 - Updater called before beeing initialized
2025-01-10 17:12:33,041 [ERROR] CADModel:125 - Updater not yet initialized, retry later 
2025-01-10 17:12:33,043 [FATAL] Updater:351 - Updater called before beeing initialized
2025-01-10 17:12:33,121 [FATAL] Updater:351 - Updater called before beeing initialized
2025-01-10 17:12:33,132 [INFO] DbMcusAds:53 - JSON generation date=Tue Dec 17 23:01:15 ICT 2024 (1734451275222)
2025-01-10 17:12:33,133 [FATAL] Updater:351 - Updater called before beeing initialized
2025-01-10 17:12:33,163 [WARN] DetailPanel:346 - Failed to get advertising image, set to default
2025-01-10 17:12:33,348 [FATAL] Updater:351 - Updater called before beeing initialized
2025-01-10 17:12:33,350 [FATAL] Updater:351 - Updater called before beeing initialized
2025-01-10 17:12:33,350 [FATAL] Updater:351 - Updater called before beeing initialized
2025-01-10 17:12:33,350 [WARN] DetailPanel:346 - Failed to get advertising image, set to default
2025-01-10 17:12:33,351 [FATAL] Updater:351 - Updater called before beeing initialized
2025-01-10 17:12:33,400 [ERROR] Updater:1198 - MainUpdater not yet initialized. External WinMGr cannot be set.
2025-01-10 17:12:33,410 [INFO] Updater:1134 - Updater Version found : 6.13.0
2025-01-10 17:12:33,425 [INFO] ApplicationProperties:184 - Using Application install path: C:\ST\STM32CubeIDE_1.16.1\STM32CubeIDE\plugins\com.st.stm32cube.common.mx_6.13.0.202411220809
2025-01-10 17:12:33,662 [INFO] ThirdPartyUpdaterWithRetryManager:70 - Updater plugin not ready yet. [2/15]
2025-01-10 17:12:33,877 [INFO] MainUpdater:2872 - connection check result : 10
2025-01-10 17:12:33,877 [INFO] MainUpdater:289 - Updater Check For Update Now.
2025-01-10 17:12:33,878 [INFO] MicroXplorer:498 - Change Database Version : DB.6.0.130
2025-01-10 17:12:33,894 [INFO] McuFinderGlobals:63 - Set McuFinder mode to 2 (CubeIDE integrated)
2025-01-10 17:12:33,903 [INFO] UserAuth:486 - Internet connection configuration mode: 1
2025-01-10 17:12:33,928 [INFO] JxBrowserEngine:152 - Initiate JxBrowser Engine with user profile folder
2025-01-10 17:12:34,096 [INFO] CheckServerUpdateThread:120 - End of CheckServer Thread
2025-01-10 17:12:35,266 [INFO] WebApp:168 - Instantiating new browser for Auth
2025-01-10 17:12:35,929 [INFO] WebApp:449 - Apply proxy settings
2025-01-10 17:12:35,929 [INFO] WebApp:534 - Chromium requires no authentication
2025-01-10 17:12:35,949 [INFO] WebApp:477 - Direct internet connection detected
2025-01-10 17:12:36,011 [INFO] WebApp:880 - Register for checkConnection events
2025-01-10 17:12:36,012 [INFO] WebApp:449 - Apply proxy settings
2025-01-10 17:12:36,012 [INFO] WebApp:534 - Chromium requires no authentication
2025-01-10 17:12:36,012 [INFO] WebApp:477 - Direct internet connection detected
2025-01-10 17:12:36,183 [INFO] WebApp:221 - Starting web application
2025-01-10 17:12:36,184 [INFO] WebApp:579 - Web application path used C:\ST\STM32CubeIDE_1.16.1\STM32CubeIDE\plugins\com.st.stm32cube.common.mx_6.13.0.202411220809\db\plugins\mcufinder\reactClient1\index.html
2025-01-10 17:12:36,319 [INFO] UserAuth:486 - Internet connection configuration mode: 1
2025-01-10 17:12:36,469 [INFO] WebApp:187 - Connection restablished
2025-01-10 17:12:36,818 [WARN] ConditionMgr:438 - getConditionDescription Invalid condition id : Cortex-A Device cause : null
2025-01-10 17:12:36,849 [WARN] ConditionMgr:1044 - genDependencies : Invalid condition id : Cortex-A Device cause : null
2025-01-10 17:12:36,849 [WARN] ConditionMgr:1044 - genDependencies : Invalid condition id : Cortex-A Device cause : null
2025-01-10 17:12:36,849 [WARN] ConditionMgr:1044 - genDependencies : Invalid condition id : Cortex-A Device cause : null
2025-01-10 17:12:36,851 [INFO] ThirdParty:978 - Integrity check success = true
2025-01-10 17:12:36,851 [INFO] IntegrityCheckThread:100 - exiting critical section [integrity check]
2025-01-10 17:12:36,851 [INFO] IntegrityCheckThread:103 - End integrity checks thread
2025-01-10 17:24:14,429 [INFO] WebApp:190 - Connection lost
2025-01-10 17:24:14,786 [INFO] WebApp:187 - Connection restablished
2025-01-10 17:24:16,095 [INFO] WebApp:190 - Connection lost
2025-01-10 17:24:16,217 [INFO] WebApp:187 - Connection restablished
2025-01-10 17:24:19,432 [INFO] WebApp:190 - Connection lost
2025-01-10 17:24:19,573 [INFO] WebApp:187 - Connection restablished
2025-01-10 19:17:30,203 [ERROR] LogOutputStream:75 - [STDERR_REDIRECT] 
