2024-10-30 11:57:08,626 [INFO] Activator:176 - 


2024-10-30 11:57:08,631 [INFO] Activator:177 - !SESSION log4j initialized
2024-10-30 11:57:14,382 [INFO] LogOutputStream:77 - [STDOUT_REDIRECT] 
2024-10-30 11:57:16,854 [INFO] ApplicationProperties:184 - Using Application install path: C:\ST\STM32CubeIDE_1.16.1\STM32CubeIDE\plugins\com.st.stm32cube.common.mx_6.12.1.202409122256
2024-10-30 11:57:16,870 [INFO] DbMcusXml:78 - Set database path to: C:\ST\STM32CubeIDE_1.16.1\STM32CubeIDE\plugins\com.st.stm32cube.common.mx_6.12.1.202409122256\\db\/mcu/
2024-10-30 11:57:16,870 [INFO] ApiDb:274 - Set plugin database path to: C:\ST\STM32CubeIDE_1.16.1\STM32CubeIDE\plugins\com.st.stm32cube.common.mx_6.12.1.202409122256\\db\/plugins/boardmanager/
2024-10-30 11:57:16,871 [WARN] ApiDb:259 - Overriding images path with different value:  => C:\ST\STM32CubeIDE_1.16.1\STM32CubeIDE\plugins\com.st.stm32cube.common.mx_6.12.1.202409122256\\db\/plugins/mcufinder/images/
2024-10-30 11:57:16,884 [INFO] ApiDb:250 - Set database path to: C:\Users\OS\.stmcufinder\plugins\mcufinder//mcu/
2024-10-30 11:57:16,885 [INFO] DbMcusAds:125 - Set database path to: C:\Users\OS\.stmcufinder\plugins\mcufinder//mcu/
2024-10-30 11:57:17,600 [INFO] CrossReferenceDbSqlite:203 - Set database path to: C:\Users\OS\.stmcufinder\plugins\mcufinder//mcu/cs/
2024-10-30 11:57:17,699 [INFO] RulesReader:64 - Compatibility file has been processed (297 Rules)
2024-10-30 11:57:17,762 [INFO] DbMcusXml:78 - Set database path to: C:\ST\STM32CubeIDE_1.16.1\STM32CubeIDE\plugins\com.st.stm32cube.common.mx_6.12.1.202409122256\\db\/mcu/
2024-10-30 11:57:17,762 [INFO] ApiDb:274 - Set plugin database path to: C:\ST\STM32CubeIDE_1.16.1\STM32CubeIDE\plugins\com.st.stm32cube.common.mx_6.12.1.202409122256\\db\/plugins/boardmanager/
2024-10-30 11:57:17,762 [INFO] ApiDb:261 - Set plugin images path to: C:\ST\STM32CubeIDE_1.16.1\STM32CubeIDE\plugins\com.st.stm32cube.common.mx_6.12.1.202409122256\\db\/plugins/mcufinder/images/
2024-10-30 11:57:17,762 [WARN] DbFile:41 - Overriding database path with different value: C:\Users\OS\.stmcufinder\plugins\mcufinder/ => C:\Users\OS\.stmcufinder\plugins\mcufinder
2024-10-30 11:57:17,762 [INFO] ApiDb:250 - Set database path to: C:\Users\OS\.stmcufinder\plugins\mcufinder//mcu/
2024-10-30 11:57:17,762 [WARN] DbFile:41 - Overriding database path with different value: C:\Users\OS\.stmcufinder\plugins\mcufinder/ => C:\Users\OS\.stmcufinder\plugins\mcufinder
2024-10-30 11:57:17,763 [INFO] DbMcusAds:125 - Set database path to: C:\Users\OS\.stmcufinder\plugins\mcufinder//mcu/
2024-10-30 11:57:17,763 [WARN] DbFile:41 - Overriding database path with different value: C:\Users\OS\.stmcufinder\plugins\mcufinder/ => C:\Users\OS\.stmcufinder\plugins\mcufinder
2024-10-30 11:57:17,763 [WARN] DbFile:41 - Overriding database path with different value: C:\Users\OS\.stmcufinder\plugins\mcufinder/ => C:\Users\OS\.stmcufinder\plugins\mcufinder
2024-10-30 11:57:18,595 [INFO] CrossReferenceDbSqlite:203 - Set database path to: C:\Users\OS\.stmcufinder\plugins\mcufinder//mcu/cs/
2024-10-30 11:57:18,663 [INFO] MainPanel:268 - HeapMemory: 268435456
2024-10-30 11:57:18,750 [INFO] DbMcusXml:78 - Set database path to: C:\ST\STM32CubeIDE_1.16.1\STM32CubeIDE\plugins\com.st.stm32cube.common.mx_6.12.1.202409122256\\db\/mcu/
2024-10-30 11:57:18,750 [INFO] ApiDb:274 - Set plugin database path to: C:\ST\STM32CubeIDE_1.16.1\STM32CubeIDE\plugins\com.st.stm32cube.common.mx_6.12.1.202409122256\\db\/plugins/boardmanager/
2024-10-30 11:57:18,750 [INFO] ApiDb:261 - Set plugin images path to: C:\ST\STM32CubeIDE_1.16.1\STM32CubeIDE\plugins\com.st.stm32cube.common.mx_6.12.1.202409122256\\db\/plugins/mcufinder/images/
2024-10-30 11:57:18,750 [WARN] DbFile:41 - Overriding database path with different value: C:\Users\OS\.stmcufinder\plugins\mcufinder/ => C:\Users\OS\.stmcufinder\plugins\mcufinder
2024-10-30 11:57:18,751 [INFO] ApiDb:250 - Set database path to: C:\Users\OS\.stmcufinder\plugins\mcufinder//mcu/
2024-10-30 11:57:18,751 [WARN] DbFile:41 - Overriding database path with different value: C:\Users\OS\.stmcufinder\plugins\mcufinder/ => C:\Users\OS\.stmcufinder\plugins\mcufinder
2024-10-30 11:57:18,751 [INFO] DbMcusAds:125 - Set database path to: C:\Users\OS\.stmcufinder\plugins\mcufinder//mcu/
2024-10-30 11:57:18,751 [WARN] DbFile:41 - Overriding database path with different value: C:\Users\OS\.stmcufinder\plugins\mcufinder/ => C:\Users\OS\.stmcufinder\plugins\mcufinder
2024-10-30 11:57:18,751 [WARN] DbFile:41 - Overriding database path with different value: C:\Users\OS\.stmcufinder\plugins\mcufinder/ => C:\Users\OS\.stmcufinder\plugins\mcufinder
2024-10-30 11:57:19,594 [INFO] CrossReferenceDbSqlite:203 - Set database path to: C:\Users\OS\.stmcufinder\plugins\mcufinder//mcu/cs/
2024-10-30 11:57:19,614 [INFO] ApplicationProperties:184 - Using Application install path: C:\ST\STM32CubeIDE_1.16.1\STM32CubeIDE\plugins\com.st.stm32cube.common.mx_6.12.1.202409122256
2024-10-30 11:57:19,615 [INFO] PluginManage:196 - Search for loadable plugins [exclusion list=, ]
2024-10-30 11:57:19,617 [INFO] PluginManage:310 - Check plugin analytics
2024-10-30 11:57:20,650 [INFO] AnalyticsPlugin:253 - Accepted Software Licenses: 
2024-10-30 11:57:20,650 [INFO] AnalyticsPlugin:255 - Accepted CMSIS Pack Licenses: 
2024-10-30 11:57:20,650 [INFO] AnalyticsPlugin:257 - Accepted Firmware Licenses: 
2024-10-30 11:57:20,652 [INFO] PluginManage:359 - Loaded plugin analytics (category:tool,tabindex:-1)
2024-10-30 11:57:20,652 [INFO] PluginManage:310 - Check plugin cadmodel
2024-10-30 11:57:20,664 [INFO] CADModel:105 - Init CAD model plugin
2024-10-30 11:57:20,664 [INFO] PluginManage:359 - Loaded plugin cadmodel (category:power,tabindex:5)
2024-10-30 11:57:20,664 [INFO] PluginManage:310 - Check plugin clock
2024-10-30 11:57:20,680 [INFO] PluginManage:359 - Loaded plugin clock (category:base,tabindex:2)
2024-10-30 11:57:20,680 [INFO] PluginManage:310 - Check plugin ddr
2024-10-30 11:57:20,682 [INFO] PluginManage:359 - Loaded plugin ddr (category:tool,tabindex:6)
2024-10-30 11:57:20,683 [INFO] PluginManage:310 - Check plugin filemanager
2024-10-30 11:57:20,795 [INFO] PluginManage:359 - Loaded plugin filemanager (category:base,tabindex:10)
2024-10-30 11:57:20,797 [INFO] PluginManage:310 - Check plugin ipmanager
2024-10-30 11:57:20,802 [INFO] PluginManage:359 - Loaded plugin ipmanager (category:base,tabindex:5)
2024-10-30 11:57:20,802 [INFO] PluginManage:310 - Check plugin lpbam
2024-10-30 11:57:20,817 [INFO] PluginManage:359 - Loaded plugin lpbam (category:base,tabindex:0)
2024-10-30 11:57:20,817 [INFO] PluginManage:310 - Check plugin memorymap
2024-10-30 11:57:20,837 [INFO] PluginManage:359 - Loaded plugin memorymap (category:base,tabindex:4)
2024-10-30 11:57:20,837 [INFO] PluginManage:310 - Check plugin pinoutandconfiguration
2024-10-30 11:57:20,852 [INFO] PluginManage:359 - Loaded plugin pinoutandconfiguration (category:base,tabindex:1)
2024-10-30 11:57:20,852 [INFO] PluginManage:310 - Check plugin pinoutconfig
2024-10-30 11:57:20,950 [WARN] SupportedApi:132 - Cannot load RTOS API schema: s4s-elt-must-match.1: The content of 'definitions' must match (annotation?, (simpleType | complexType)?, (unique | key | keyref)*)). A problem was found starting at: attribute.
2024-10-30 11:57:21,057 [INFO] PluginManage:359 - Loaded plugin pinoutconfig (category:base,tabindex:0)
2024-10-30 11:57:21,057 [INFO] PluginManage:310 - Check plugin power
2024-10-30 11:57:21,074 [INFO] PluginManage:359 - Loaded plugin power (category:power,tabindex:4)
2024-10-30 11:57:21,074 [INFO] PluginManage:310 - Check plugin projectmanager
2024-10-30 11:57:21,086 [INFO] PluginManage:359 - Loaded plugin projectmanager (category:projectmanager,tabindex:4)
2024-10-30 11:57:21,086 [INFO] PluginManage:310 - Check plugin rif
2024-10-30 11:57:21,100 [INFO] PluginManage:359 - Loaded plugin rif (category:base,tabindex:3)
2024-10-30 11:57:21,100 [INFO] PluginManage:310 - Check plugin thirdparty
2024-10-30 11:57:21,323 [INFO] PluginManage:359 - Loaded plugin thirdparty (category:base,tabindex:-1)
2024-10-30 11:57:21,323 [WARN] IntegrityCheckThread:84 - waiting for thirdparty lock release [integrity check]
2024-10-30 11:57:21,323 [INFO] PluginManage:310 - Check plugin tools
2024-10-30 11:57:21,323 [INFO] IntegrityCheckThread:86 - entering critical section [integrity check]
2024-10-30 11:57:21,324 [INFO] ThirdPartyUpdaterWithRetryManager:70 - Updater plugin not ready yet. [1/15]
2024-10-30 11:57:21,353 [INFO] PluginManage:359 - Loaded plugin tools (category:base,tabindex:7)
2024-10-30 11:57:21,353 [INFO] PluginManage:310 - Check plugin tutovideos
2024-10-30 11:57:21,505 [INFO] PluginManage:359 - Loaded plugin tutovideos (category:base,tabindex:-1)
2024-10-30 11:57:21,505 [INFO] PluginManage:310 - Check plugin updater
2024-10-30 11:57:21,519 [INFO] PluginManage:359 - Loaded plugin updater (category:base,tabindex:12)
2024-10-30 11:57:21,519 [INFO] PluginManage:310 - Check plugin userauth
2024-10-30 11:57:21,524 [INFO] UserAuth:113 - Init User Auth plugin
2024-10-30 11:57:21,524 [INFO] PluginManage:359 - Loaded plugin userauth (category:base,tabindex:14)
2024-10-30 11:57:21,524 [INFO] PluginManage:283 - PluginManage : Loaded plugins [18]
2024-10-30 11:57:21,691 [INFO] PinOutPanel:1561 - setPackage(No Configuration,No Configuration)
2024-10-30 11:57:21,762 [INFO] CADModel:165 - CPN selected for project level
2024-10-30 11:57:21,762 [INFO] CADModel:114 - Register for checkConnection events
2024-10-30 11:57:21,784 [INFO] IPUIPlugin:80 - create IPUIPlugin
2024-10-30 11:57:21,784 [INFO] PluginManager:220 - loadIPPluginJar : add adc
2024-10-30 11:57:21,812 [INFO] IPUIPlugin:80 - create IPUIPlugin
2024-10-30 11:57:21,812 [INFO] PluginManager:220 - loadIPPluginJar : add aes
2024-10-30 11:57:21,842 [INFO] IPUIPlugin:80 - create IPUIPlugin
2024-10-30 11:57:21,842 [INFO] PluginManager:220 - loadIPPluginJar : add can
2024-10-30 11:57:21,860 [INFO] IPUIPlugin:80 - create IPUIPlugin
2024-10-30 11:57:21,861 [INFO] PluginManager:220 - loadIPPluginJar : add comp
2024-10-30 11:57:21,885 [INFO] IPUIPlugin:80 - create IPUIPlugin
2024-10-30 11:57:21,885 [INFO] PluginManager:220 - loadIPPluginJar : add cryp
2024-10-30 11:57:21,895 [INFO] IPUIPlugin:80 - create IPUIPlugin
2024-10-30 11:57:21,895 [INFO] PluginManager:220 - loadIPPluginJar : add ddr_ctrl_phy
2024-10-30 11:57:21,918 [INFO] IPUIPlugin:80 - create IPUIPlugin
2024-10-30 11:57:21,918 [INFO] PluginManager:220 - loadIPPluginJar : add dfsdm
2024-10-30 11:57:21,930 [INFO] IPUIPlugin:80 - create IPUIPlugin
2024-10-30 11:57:21,930 [INFO] PluginManager:220 - loadIPPluginJar : add dma
2024-10-30 11:57:21,960 [INFO] IPUIPlugin:80 - create IPUIPlugin
2024-10-30 11:57:21,960 [INFO] PluginManager:220 - loadIPPluginJar : add dma3
2024-10-30 11:57:22,003 [INFO] IPUIPlugin:80 - create IPUIPlugin
2024-10-30 11:57:22,004 [INFO] PluginManager:220 - loadIPPluginJar : add extmemmanager
2024-10-30 11:57:22,020 [INFO] IPUIPlugin:80 - create IPUIPlugin
2024-10-30 11:57:22,020 [INFO] PluginManager:220 - loadIPPluginJar : add fatfs
2024-10-30 11:57:22,059 [INFO] IPUIPlugin:80 - create IPUIPlugin
2024-10-30 11:57:22,059 [INFO] PluginManager:220 - loadIPPluginJar : add fmc
2024-10-30 11:57:22,072 [INFO] IPUIPlugin:80 - create IPUIPlugin
2024-10-30 11:57:22,072 [INFO] PluginManager:220 - loadIPPluginJar : add freertos
2024-10-30 11:57:22,090 [INFO] IPUIPlugin:80 - create IPUIPlugin
2024-10-30 11:57:22,091 [INFO] PluginManager:220 - loadIPPluginJar : add genericplugin
2024-10-30 11:57:22,162 [INFO] IPUIPlugin:80 - create IPUIPlugin
2024-10-30 11:57:22,162 [INFO] PluginManager:220 - loadIPPluginJar : add gfxmmu
2024-10-30 11:57:22,249 [INFO] IPUIPlugin:80 - create IPUIPlugin
2024-10-30 11:57:22,249 [INFO] PluginManager:220 - loadIPPluginJar : add gic
2024-10-30 11:57:22,259 [INFO] IPUIPlugin:80 - create IPUIPlugin
2024-10-30 11:57:22,260 [INFO] PluginManager:220 - loadIPPluginJar : add gpio
2024-10-30 11:57:22,327 [INFO] IPUIPlugin:80 - create IPUIPlugin
2024-10-30 11:57:22,327 [INFO] PluginManager:220 - loadIPPluginJar : add gtzc
2024-10-30 11:57:22,351 [INFO] IPUIPlugin:80 - create IPUIPlugin
2024-10-30 11:57:22,351 [INFO] PluginManager:220 - loadIPPluginJar : add hash
2024-10-30 11:57:22,386 [INFO] IPUIPlugin:80 - create IPUIPlugin
2024-10-30 11:57:22,386 [INFO] PluginManager:220 - loadIPPluginJar : add i2c
2024-10-30 11:57:22,417 [INFO] IPUIPlugin:80 - create IPUIPlugin
2024-10-30 11:57:22,417 [INFO] PluginManager:220 - loadIPPluginJar : add i2s
2024-10-30 11:57:22,447 [INFO] IPUIPlugin:80 - create IPUIPlugin
2024-10-30 11:57:22,447 [INFO] PluginManager:220 - loadIPPluginJar : add i3c
2024-10-30 11:57:22,530 [INFO] IPUIPlugin:80 - create IPUIPlugin
2024-10-30 11:57:22,530 [INFO] PluginManager:220 - loadIPPluginJar : add ipddr
2024-10-30 11:57:22,596 [INFO] IPUIPlugin:80 - create IPUIPlugin
2024-10-30 11:57:22,596 [INFO] PluginManager:220 - loadIPPluginJar : add linkedlist
2024-10-30 11:57:22,620 [INFO] IPUIPlugin:80 - create IPUIPlugin
2024-10-30 11:57:22,621 [INFO] PluginManager:220 - loadIPPluginJar : add lorawan
2024-10-30 11:57:22,646 [INFO] IPUIPlugin:80 - create IPUIPlugin
2024-10-30 11:57:22,647 [INFO] PluginManager:220 - loadIPPluginJar : add ltdc
2024-10-30 11:57:22,657 [INFO] IPUIPlugin:80 - create IPUIPlugin
2024-10-30 11:57:22,657 [INFO] PluginManager:220 - loadIPPluginJar : add mdma
2024-10-30 11:57:22,667 [INFO] IPUIPlugin:80 - create IPUIPlugin
2024-10-30 11:57:22,667 [INFO] PluginManager:220 - loadIPPluginJar : add nvic
2024-10-30 11:57:22,697 [INFO] IPUIPlugin:80 - create IPUIPlugin
2024-10-30 11:57:22,697 [INFO] PluginManager:220 - loadIPPluginJar : add opamp
2024-10-30 11:57:22,740 [INFO] IPUIPlugin:80 - create IPUIPlugin
2024-10-30 11:57:22,740 [INFO] PluginManager:220 - loadIPPluginJar : add openamp
2024-10-30 11:57:22,770 [INFO] IPUIPlugin:80 - create IPUIPlugin
2024-10-30 11:57:22,770 [INFO] PluginManager:220 - loadIPPluginJar : add pdm2pcm
2024-10-30 11:57:22,782 [INFO] IPUIPlugin:80 - create IPUIPlugin
2024-10-30 11:57:22,784 [INFO] PluginManager:220 - loadIPPluginJar : add plateformsettings
2024-10-30 11:57:22,801 [INFO] IPUIPlugin:80 - create IPUIPlugin
2024-10-30 11:57:22,802 [INFO] PluginManager:220 - loadIPPluginJar : add quadspi
2024-10-30 11:57:22,820 [INFO] IPUIPlugin:80 - create IPUIPlugin
2024-10-30 11:57:22,821 [INFO] PluginManager:220 - loadIPPluginJar : add radio
2024-10-30 11:57:22,831 [INFO] IPUIPlugin:80 - create IPUIPlugin
2024-10-30 11:57:22,831 [INFO] PluginManager:220 - loadIPPluginJar : add resmgrutility
2024-10-30 11:57:22,867 [INFO] IPUIPlugin:80 - create IPUIPlugin
2024-10-30 11:57:22,867 [INFO] PluginManager:220 - loadIPPluginJar : add sai
2024-10-30 11:57:22,894 [INFO] IPUIPlugin:80 - create IPUIPlugin
2024-10-30 11:57:22,894 [INFO] PluginManager:220 - loadIPPluginJar : add spi
2024-10-30 11:57:22,949 [INFO] IPUIPlugin:80 - create IPUIPlugin
2024-10-30 11:57:22,949 [INFO] PluginManager:220 - loadIPPluginJar : add stm32_wpan
2024-10-30 11:57:22,968 [INFO] IPUIPlugin:80 - create IPUIPlugin
2024-10-30 11:57:22,968 [INFO] PluginManager:220 - loadIPPluginJar : add tim
2024-10-30 11:57:23,014 [INFO] IPUIPlugin:80 - create IPUIPlugin
2024-10-30 11:57:23,014 [INFO] PluginManager:220 - loadIPPluginJar : add touchsensing
2024-10-30 11:57:23,031 [INFO] IPUIPlugin:80 - create IPUIPlugin
2024-10-30 11:57:23,031 [INFO] PluginManager:220 - loadIPPluginJar : add tracer_emb
2024-10-30 11:57:23,048 [INFO] IPUIPlugin:80 - create IPUIPlugin
2024-10-30 11:57:23,048 [INFO] PluginManager:220 - loadIPPluginJar : add ts
2024-10-30 11:57:23,064 [INFO] IPUIPlugin:80 - create IPUIPlugin
2024-10-30 11:57:23,065 [INFO] PluginManager:220 - loadIPPluginJar : add tsc
2024-10-30 11:57:23,080 [INFO] IPUIPlugin:80 - create IPUIPlugin
2024-10-30 11:57:23,080 [INFO] PluginManager:220 - loadIPPluginJar : add ucpd
2024-10-30 11:57:23,114 [INFO] IPUIPlugin:80 - create IPUIPlugin
2024-10-30 11:57:23,114 [INFO] PluginManager:220 - loadIPPluginJar : add usart
2024-10-30 11:57:23,146 [INFO] IPUIPlugin:80 - create IPUIPlugin
2024-10-30 11:57:23,147 [INFO] PluginManager:220 - loadIPPluginJar : add usbx
2024-10-30 11:57:23,256 [INFO] CADModel:165 - CPN selected for project level
2024-10-30 11:57:23,256 [INFO] CADModel:114 - Register for checkConnection events
2024-10-30 11:57:23,256 [FATAL] Updater:334 - Updater called before beeing initialized
2024-10-30 11:57:23,256 [ERROR] CADModel:125 - Updater not yet initialized, retry later 
2024-10-30 11:57:23,367 [INFO] CADModel:165 - CPN selected for project level
2024-10-30 11:57:23,367 [INFO] CADModel:114 - Register for checkConnection events
2024-10-30 11:57:23,367 [FATAL] Updater:334 - Updater called before beeing initialized
2024-10-30 11:57:23,367 [ERROR] CADModel:125 - Updater not yet initialized, retry later 
2024-10-30 11:57:23,370 [FATAL] Updater:334 - Updater called before beeing initialized
2024-10-30 11:57:23,443 [FATAL] Updater:334 - Updater called before beeing initialized
2024-10-30 11:57:23,451 [INFO] DbMcusAds:53 - JSON generation date=Fri Sep 20 20:04:38 ICT 2024 (1726837478367)
2024-10-30 11:57:23,451 [FATAL] Updater:334 - Updater called before beeing initialized
2024-10-30 11:57:23,483 [WARN] DetailPanel:346 - Failed to get advertising image, set to default
2024-10-30 11:57:23,551 [FATAL] Updater:334 - Updater called before beeing initialized
2024-10-30 11:57:23,553 [FATAL] Updater:334 - Updater called before beeing initialized
2024-10-30 11:57:23,553 [FATAL] Updater:334 - Updater called before beeing initialized
2024-10-30 11:57:23,553 [WARN] DetailPanel:346 - Failed to get advertising image, set to default
2024-10-30 11:57:23,554 [FATAL] Updater:334 - Updater called before beeing initialized
2024-10-30 11:57:23,599 [ERROR] Updater:1164 - MainUpdater not yet initialized. External WinMGr cannot be set.
2024-10-30 11:57:23,607 [INFO] Updater:1100 - Updater Version found : 6.12.1
2024-10-30 11:57:23,623 [INFO] ApplicationProperties:184 - Using Application install path: C:\ST\STM32CubeIDE_1.16.1\STM32CubeIDE\plugins\com.st.stm32cube.common.mx_6.12.1.202409122256
2024-10-30 11:57:23,994 [INFO] MainUpdater:2873 - connection check result : 10
2024-10-30 11:57:23,994 [INFO] MainUpdater:290 - Updater Check For Update Now.
2024-10-30 11:57:23,994 [INFO] MicroXplorer:498 - Change Database Version : DB.6.0.121
2024-10-30 11:57:24,007 [INFO] McuFinderGlobals:63 - Set McuFinder mode to 2 (CubeIDE integrated)
2024-10-30 11:57:24,012 [INFO] UserAuth:417 - Internet connection configuration mode: 1
2024-10-30 11:57:24,034 [INFO] JxBrowserEngine:152 - Initiate JxBrowser Engine with user profile folder
2024-10-30 11:57:24,199 [INFO] CheckServerUpdateThread:120 - End of CheckServer Thread
2024-10-30 11:57:24,387 [INFO] ThirdParty:978 - Integrity check success = true
2024-10-30 11:57:24,387 [INFO] IntegrityCheckThread:100 - exiting critical section [integrity check]
2024-10-30 11:57:24,387 [INFO] IntegrityCheckThread:103 - End integrity checks thread
2024-10-30 11:57:28,759 [INFO] WebApp:167 - Instantiating new browser for Auth
2024-10-30 11:57:29,581 [INFO] WebApp:448 - Apply proxy settings
2024-10-30 11:57:29,581 [INFO] WebApp:533 - Chromium requires no authentication
2024-10-30 11:57:29,600 [INFO] WebApp:476 - Direct internet connection detected
2024-10-30 11:57:29,634 [INFO] WebApp:869 - Register for checkConnection events
2024-10-30 11:57:29,634 [INFO] WebApp:448 - Apply proxy settings
2024-10-30 11:57:29,634 [INFO] WebApp:533 - Chromium requires no authentication
2024-10-30 11:57:29,635 [INFO] WebApp:476 - Direct internet connection detected
2024-10-30 11:57:29,879 [INFO] WebApp:220 - Starting web application
2024-10-30 11:57:29,879 [INFO] WebApp:578 - Web application path used C:\ST\STM32CubeIDE_1.16.1\STM32CubeIDE\plugins\com.st.stm32cube.common.mx_6.12.1.202409122256\db\plugins\mcufinder\reactClient1\index.html
2024-10-30 11:57:29,887 [INFO] WebApp:186 - Connection restablished
2024-10-30 11:57:30,116 [INFO] UserAuth:417 - Internet connection configuration mode: 1
2024-10-30 12:42:59,345 [ERROR] LogOutputStream:75 - [STDERR_REDIRECT] 
2024-10-30 13:31:47,460 [INFO] Activator:176 - 


2024-10-30 13:31:47,460 [INFO] Activator:177 - !SESSION log4j initialized
2024-10-30 13:31:52,684 [INFO] LogOutputStream:77 - [STDOUT_REDIRECT] 
2024-10-30 13:31:53,719 [INFO] ApplicationProperties:184 - Using Application install path: C:\ST\STM32CubeIDE_1.16.1\STM32CubeIDE\plugins\com.st.stm32cube.common.mx_6.12.1.202409122256
2024-10-30 13:31:53,734 [INFO] DbMcusXml:78 - Set database path to: C:\ST\STM32CubeIDE_1.16.1\STM32CubeIDE\plugins\com.st.stm32cube.common.mx_6.12.1.202409122256\\db\/mcu/
2024-10-30 13:31:53,734 [INFO] ApiDb:274 - Set plugin database path to: C:\ST\STM32CubeIDE_1.16.1\STM32CubeIDE\plugins\com.st.stm32cube.common.mx_6.12.1.202409122256\\db\/plugins/boardmanager/
2024-10-30 13:31:53,734 [WARN] ApiDb:259 - Overriding images path with different value:  => C:\ST\STM32CubeIDE_1.16.1\STM32CubeIDE\plugins\com.st.stm32cube.common.mx_6.12.1.202409122256\\db\/plugins/mcufinder/images/
2024-10-30 13:31:53,747 [INFO] ApiDb:250 - Set database path to: C:\Users\OS\.stmcufinder\plugins\mcufinder//mcu/
2024-10-30 13:31:53,748 [INFO] DbMcusAds:125 - Set database path to: C:\Users\OS\.stmcufinder\plugins\mcufinder//mcu/
2024-10-30 13:31:53,750 [INFO] CrossReferenceDbSqlite:203 - Set database path to: C:\Users\OS\.stmcufinder\plugins\mcufinder//mcu/cs/
2024-10-30 13:31:53,850 [INFO] RulesReader:64 - Compatibility file has been processed (297 Rules)
2024-10-30 13:31:53,916 [INFO] DbMcusXml:78 - Set database path to: C:\ST\STM32CubeIDE_1.16.1\STM32CubeIDE\plugins\com.st.stm32cube.common.mx_6.12.1.202409122256\\db\/mcu/
2024-10-30 13:31:53,916 [INFO] ApiDb:274 - Set plugin database path to: C:\ST\STM32CubeIDE_1.16.1\STM32CubeIDE\plugins\com.st.stm32cube.common.mx_6.12.1.202409122256\\db\/plugins/boardmanager/
2024-10-30 13:31:53,916 [INFO] ApiDb:261 - Set plugin images path to: C:\ST\STM32CubeIDE_1.16.1\STM32CubeIDE\plugins\com.st.stm32cube.common.mx_6.12.1.202409122256\\db\/plugins/mcufinder/images/
2024-10-30 13:31:53,916 [WARN] DbFile:41 - Overriding database path with different value: C:\Users\OS\.stmcufinder\plugins\mcufinder/ => C:\Users\OS\.stmcufinder\plugins\mcufinder
2024-10-30 13:31:53,916 [INFO] ApiDb:250 - Set database path to: C:\Users\OS\.stmcufinder\plugins\mcufinder//mcu/
2024-10-30 13:31:53,917 [WARN] DbFile:41 - Overriding database path with different value: C:\Users\OS\.stmcufinder\plugins\mcufinder/ => C:\Users\OS\.stmcufinder\plugins\mcufinder
2024-10-30 13:31:53,917 [INFO] DbMcusAds:125 - Set database path to: C:\Users\OS\.stmcufinder\plugins\mcufinder//mcu/
2024-10-30 13:31:53,917 [WARN] DbFile:41 - Overriding database path with different value: C:\Users\OS\.stmcufinder\plugins\mcufinder/ => C:\Users\OS\.stmcufinder\plugins\mcufinder
2024-10-30 13:31:53,917 [WARN] DbFile:41 - Overriding database path with different value: C:\Users\OS\.stmcufinder\plugins\mcufinder/ => C:\Users\OS\.stmcufinder\plugins\mcufinder
2024-10-30 13:31:53,917 [INFO] CrossReferenceDbSqlite:203 - Set database path to: C:\Users\OS\.stmcufinder\plugins\mcufinder//mcu/cs/
2024-10-30 13:31:54,003 [INFO] MainPanel:268 - HeapMemory: 268435456
2024-10-30 13:31:54,104 [INFO] DbMcusXml:78 - Set database path to: C:\ST\STM32CubeIDE_1.16.1\STM32CubeIDE\plugins\com.st.stm32cube.common.mx_6.12.1.202409122256\\db\/mcu/
2024-10-30 13:31:54,104 [INFO] ApiDb:274 - Set plugin database path to: C:\ST\STM32CubeIDE_1.16.1\STM32CubeIDE\plugins\com.st.stm32cube.common.mx_6.12.1.202409122256\\db\/plugins/boardmanager/
2024-10-30 13:31:54,104 [INFO] ApiDb:261 - Set plugin images path to: C:\ST\STM32CubeIDE_1.16.1\STM32CubeIDE\plugins\com.st.stm32cube.common.mx_6.12.1.202409122256\\db\/plugins/mcufinder/images/
2024-10-30 13:31:54,104 [WARN] DbFile:41 - Overriding database path with different value: C:\Users\OS\.stmcufinder\plugins\mcufinder/ => C:\Users\OS\.stmcufinder\plugins\mcufinder
2024-10-30 13:31:54,104 [INFO] ApiDb:250 - Set database path to: C:\Users\OS\.stmcufinder\plugins\mcufinder//mcu/
2024-10-30 13:31:54,104 [WARN] DbFile:41 - Overriding database path with different value: C:\Users\OS\.stmcufinder\plugins\mcufinder/ => C:\Users\OS\.stmcufinder\plugins\mcufinder
2024-10-30 13:31:54,104 [INFO] DbMcusAds:125 - Set database path to: C:\Users\OS\.stmcufinder\plugins\mcufinder//mcu/
2024-10-30 13:31:54,104 [WARN] DbFile:41 - Overriding database path with different value: C:\Users\OS\.stmcufinder\plugins\mcufinder/ => C:\Users\OS\.stmcufinder\plugins\mcufinder
2024-10-30 13:31:54,104 [WARN] DbFile:41 - Overriding database path with different value: C:\Users\OS\.stmcufinder\plugins\mcufinder/ => C:\Users\OS\.stmcufinder\plugins\mcufinder
2024-10-30 13:31:54,104 [INFO] CrossReferenceDbSqlite:203 - Set database path to: C:\Users\OS\.stmcufinder\plugins\mcufinder//mcu/cs/
2024-10-30 13:31:54,121 [INFO] ApplicationProperties:184 - Using Application install path: C:\ST\STM32CubeIDE_1.16.1\STM32CubeIDE\plugins\com.st.stm32cube.common.mx_6.12.1.202409122256
2024-10-30 13:31:54,122 [INFO] PluginManage:196 - Search for loadable plugins [exclusion list=, ]
2024-10-30 13:31:54,124 [INFO] PluginManage:310 - Check plugin analytics
2024-10-30 13:31:54,263 [INFO] AnalyticsPlugin:253 - Accepted Software Licenses: 
2024-10-30 13:31:54,264 [INFO] AnalyticsPlugin:255 - Accepted CMSIS Pack Licenses: 
2024-10-30 13:31:54,264 [INFO] AnalyticsPlugin:257 - Accepted Firmware Licenses: 
2024-10-30 13:31:54,265 [INFO] PluginManage:359 - Loaded plugin analytics (category:tool,tabindex:-1)
2024-10-30 13:31:54,266 [INFO] PluginManage:310 - Check plugin cadmodel
2024-10-30 13:31:54,279 [INFO] CADModel:105 - Init CAD model plugin
2024-10-30 13:31:54,279 [INFO] PluginManage:359 - Loaded plugin cadmodel (category:power,tabindex:5)
2024-10-30 13:31:54,279 [INFO] PluginManage:310 - Check plugin clock
2024-10-30 13:31:54,295 [INFO] PluginManage:359 - Loaded plugin clock (category:base,tabindex:2)
2024-10-30 13:31:54,296 [INFO] PluginManage:310 - Check plugin ddr
2024-10-30 13:31:54,297 [INFO] PluginManage:359 - Loaded plugin ddr (category:tool,tabindex:6)
2024-10-30 13:31:54,297 [INFO] PluginManage:310 - Check plugin filemanager
2024-10-30 13:31:54,412 [INFO] PluginManage:359 - Loaded plugin filemanager (category:base,tabindex:10)
2024-10-30 13:31:54,412 [INFO] PluginManage:310 - Check plugin ipmanager
2024-10-30 13:31:54,417 [INFO] PluginManage:359 - Loaded plugin ipmanager (category:base,tabindex:5)
2024-10-30 13:31:54,417 [INFO] PluginManage:310 - Check plugin lpbam
2024-10-30 13:31:54,433 [INFO] PluginManage:359 - Loaded plugin lpbam (category:base,tabindex:0)
2024-10-30 13:31:54,433 [INFO] PluginManage:310 - Check plugin memorymap
2024-10-30 13:31:54,452 [INFO] PluginManage:359 - Loaded plugin memorymap (category:base,tabindex:4)
2024-10-30 13:31:54,453 [INFO] PluginManage:310 - Check plugin pinoutandconfiguration
2024-10-30 13:31:54,468 [INFO] PluginManage:359 - Loaded plugin pinoutandconfiguration (category:base,tabindex:1)
2024-10-30 13:31:54,468 [INFO] PluginManage:310 - Check plugin pinoutconfig
2024-10-30 13:31:54,548 [WARN] SupportedApi:132 - Cannot load RTOS API schema: s4s-elt-must-match.1: The content of 'definitions' must match (annotation?, (simpleType | complexType)?, (unique | key | keyref)*)). A problem was found starting at: attribute.
2024-10-30 13:31:54,651 [INFO] PluginManage:359 - Loaded plugin pinoutconfig (category:base,tabindex:0)
2024-10-30 13:31:54,651 [INFO] PluginManage:310 - Check plugin power
2024-10-30 13:31:54,666 [INFO] PluginManage:359 - Loaded plugin power (category:power,tabindex:4)
2024-10-30 13:31:54,666 [INFO] PluginManage:310 - Check plugin projectmanager
2024-10-30 13:31:54,680 [INFO] PluginManage:359 - Loaded plugin projectmanager (category:projectmanager,tabindex:4)
2024-10-30 13:31:54,681 [INFO] PluginManage:310 - Check plugin rif
2024-10-30 13:31:54,695 [INFO] PluginManage:359 - Loaded plugin rif (category:base,tabindex:3)
2024-10-30 13:31:54,695 [INFO] PluginManage:310 - Check plugin thirdparty
2024-10-30 13:31:54,904 [INFO] PluginManage:359 - Loaded plugin thirdparty (category:base,tabindex:-1)
2024-10-30 13:31:54,904 [INFO] PluginManage:310 - Check plugin tools
2024-10-30 13:31:54,904 [WARN] IntegrityCheckThread:84 - waiting for thirdparty lock release [integrity check]
2024-10-30 13:31:54,904 [INFO] IntegrityCheckThread:86 - entering critical section [integrity check]
2024-10-30 13:31:54,904 [INFO] ThirdPartyUpdaterWithRetryManager:70 - Updater plugin not ready yet. [1/15]
2024-10-30 13:31:54,933 [INFO] PluginManage:359 - Loaded plugin tools (category:base,tabindex:7)
2024-10-30 13:31:54,933 [INFO] PluginManage:310 - Check plugin tutovideos
2024-10-30 13:31:55,081 [INFO] PluginManage:359 - Loaded plugin tutovideos (category:base,tabindex:-1)
2024-10-30 13:31:55,081 [INFO] PluginManage:310 - Check plugin updater
2024-10-30 13:31:55,096 [INFO] PluginManage:359 - Loaded plugin updater (category:base,tabindex:12)
2024-10-30 13:31:55,096 [INFO] PluginManage:310 - Check plugin userauth
2024-10-30 13:31:55,101 [INFO] UserAuth:113 - Init User Auth plugin
2024-10-30 13:31:55,101 [INFO] PluginManage:359 - Loaded plugin userauth (category:base,tabindex:14)
2024-10-30 13:31:55,101 [INFO] PluginManage:283 - PluginManage : Loaded plugins [18]
2024-10-30 13:31:55,295 [INFO] PinOutPanel:1561 - setPackage(No Configuration,No Configuration)
2024-10-30 13:31:55,370 [INFO] CADModel:165 - CPN selected for project level
2024-10-30 13:31:55,370 [INFO] CADModel:114 - Register for checkConnection events
2024-10-30 13:31:55,392 [INFO] IPUIPlugin:80 - create IPUIPlugin
2024-10-30 13:31:55,393 [INFO] PluginManager:220 - loadIPPluginJar : add adc
2024-10-30 13:31:55,422 [INFO] IPUIPlugin:80 - create IPUIPlugin
2024-10-30 13:31:55,422 [INFO] PluginManager:220 - loadIPPluginJar : add aes
2024-10-30 13:31:55,454 [INFO] IPUIPlugin:80 - create IPUIPlugin
2024-10-30 13:31:55,454 [INFO] PluginManager:220 - loadIPPluginJar : add can
2024-10-30 13:31:55,473 [INFO] IPUIPlugin:80 - create IPUIPlugin
2024-10-30 13:31:55,473 [INFO] PluginManager:220 - loadIPPluginJar : add comp
2024-10-30 13:31:55,498 [INFO] IPUIPlugin:80 - create IPUIPlugin
2024-10-30 13:31:55,498 [INFO] PluginManager:220 - loadIPPluginJar : add cryp
2024-10-30 13:31:55,508 [INFO] IPUIPlugin:80 - create IPUIPlugin
2024-10-30 13:31:55,508 [INFO] PluginManager:220 - loadIPPluginJar : add ddr_ctrl_phy
2024-10-30 13:31:55,511 [INFO] IPUIPlugin:80 - create IPUIPlugin
2024-10-30 13:31:55,511 [INFO] PluginManager:220 - loadIPPluginJar : add dfsdm
2024-10-30 13:31:55,523 [INFO] IPUIPlugin:80 - create IPUIPlugin
2024-10-30 13:31:55,523 [INFO] PluginManager:220 - loadIPPluginJar : add dma
2024-10-30 13:31:55,557 [INFO] IPUIPlugin:80 - create IPUIPlugin
2024-10-30 13:31:55,557 [INFO] PluginManager:220 - loadIPPluginJar : add dma3
2024-10-30 13:31:55,593 [INFO] IPUIPlugin:80 - create IPUIPlugin
2024-10-30 13:31:55,593 [INFO] PluginManager:220 - loadIPPluginJar : add extmemmanager
2024-10-30 13:31:55,608 [INFO] IPUIPlugin:80 - create IPUIPlugin
2024-10-30 13:31:55,608 [INFO] PluginManager:220 - loadIPPluginJar : add fatfs
2024-10-30 13:31:55,646 [INFO] IPUIPlugin:80 - create IPUIPlugin
2024-10-30 13:31:55,646 [INFO] PluginManager:220 - loadIPPluginJar : add fmc
2024-10-30 13:31:55,659 [INFO] IPUIPlugin:80 - create IPUIPlugin
2024-10-30 13:31:55,659 [INFO] PluginManager:220 - loadIPPluginJar : add freertos
2024-10-30 13:31:55,676 [INFO] IPUIPlugin:80 - create IPUIPlugin
2024-10-30 13:31:55,676 [INFO] PluginManager:220 - loadIPPluginJar : add genericplugin
2024-10-30 13:31:55,739 [INFO] IPUIPlugin:80 - create IPUIPlugin
2024-10-30 13:31:55,739 [INFO] PluginManager:220 - loadIPPluginJar : add gfxmmu
2024-10-30 13:31:55,832 [INFO] IPUIPlugin:80 - create IPUIPlugin
2024-10-30 13:31:55,832 [INFO] PluginManager:220 - loadIPPluginJar : add gic
2024-10-30 13:31:55,842 [INFO] IPUIPlugin:80 - create IPUIPlugin
2024-10-30 13:31:55,842 [INFO] PluginManager:220 - loadIPPluginJar : add gpio
2024-10-30 13:31:55,918 [INFO] IPUIPlugin:80 - create IPUIPlugin
2024-10-30 13:31:55,918 [INFO] PluginManager:220 - loadIPPluginJar : add gtzc
2024-10-30 13:31:55,942 [INFO] IPUIPlugin:80 - create IPUIPlugin
2024-10-30 13:31:55,943 [INFO] PluginManager:220 - loadIPPluginJar : add hash
2024-10-30 13:31:55,981 [INFO] IPUIPlugin:80 - create IPUIPlugin
2024-10-30 13:31:55,981 [INFO] PluginManager:220 - loadIPPluginJar : add i2c
2024-10-30 13:31:56,010 [INFO] IPUIPlugin:80 - create IPUIPlugin
2024-10-30 13:31:56,010 [INFO] PluginManager:220 - loadIPPluginJar : add i2s
2024-10-30 13:31:56,041 [INFO] IPUIPlugin:80 - create IPUIPlugin
2024-10-30 13:31:56,041 [INFO] PluginManager:220 - loadIPPluginJar : add i3c
2024-10-30 13:31:56,126 [INFO] IPUIPlugin:80 - create IPUIPlugin
2024-10-30 13:31:56,126 [INFO] PluginManager:220 - loadIPPluginJar : add ipddr
2024-10-30 13:31:56,221 [INFO] IPUIPlugin:80 - create IPUIPlugin
2024-10-30 13:31:56,221 [INFO] PluginManager:220 - loadIPPluginJar : add linkedlist
2024-10-30 13:31:56,259 [INFO] IPUIPlugin:80 - create IPUIPlugin
2024-10-30 13:31:56,259 [INFO] PluginManager:220 - loadIPPluginJar : add lorawan
2024-10-30 13:31:56,294 [INFO] IPUIPlugin:80 - create IPUIPlugin
2024-10-30 13:31:56,294 [INFO] PluginManager:220 - loadIPPluginJar : add ltdc
2024-10-30 13:31:56,312 [INFO] IPUIPlugin:80 - create IPUIPlugin
2024-10-30 13:31:56,312 [INFO] PluginManager:220 - loadIPPluginJar : add mdma
2024-10-30 13:31:56,323 [INFO] IPUIPlugin:80 - create IPUIPlugin
2024-10-30 13:31:56,323 [INFO] PluginManager:220 - loadIPPluginJar : add nvic
2024-10-30 13:31:56,356 [INFO] IPUIPlugin:80 - create IPUIPlugin
2024-10-30 13:31:56,356 [INFO] PluginManager:220 - loadIPPluginJar : add opamp
2024-10-30 13:31:56,411 [INFO] IPUIPlugin:80 - create IPUIPlugin
2024-10-30 13:31:56,411 [INFO] PluginManager:220 - loadIPPluginJar : add openamp
2024-10-30 13:31:56,444 [INFO] IPUIPlugin:80 - create IPUIPlugin
2024-10-30 13:31:56,444 [INFO] PluginManager:220 - loadIPPluginJar : add pdm2pcm
2024-10-30 13:31:56,455 [INFO] IPUIPlugin:80 - create IPUIPlugin
2024-10-30 13:31:56,458 [INFO] PluginManager:220 - loadIPPluginJar : add plateformsettings
2024-10-30 13:31:56,478 [INFO] IPUIPlugin:80 - create IPUIPlugin
2024-10-30 13:31:56,478 [INFO] PluginManager:220 - loadIPPluginJar : add quadspi
2024-10-30 13:31:56,501 [INFO] IPUIPlugin:80 - create IPUIPlugin
2024-10-30 13:31:56,502 [INFO] PluginManager:220 - loadIPPluginJar : add radio
2024-10-30 13:31:56,512 [INFO] IPUIPlugin:80 - create IPUIPlugin
2024-10-30 13:31:56,512 [INFO] PluginManager:220 - loadIPPluginJar : add resmgrutility
2024-10-30 13:31:56,549 [INFO] IPUIPlugin:80 - create IPUIPlugin
2024-10-30 13:31:56,549 [INFO] PluginManager:220 - loadIPPluginJar : add sai
2024-10-30 13:31:56,577 [INFO] IPUIPlugin:80 - create IPUIPlugin
2024-10-30 13:31:56,577 [INFO] PluginManager:220 - loadIPPluginJar : add spi
2024-10-30 13:31:56,633 [INFO] IPUIPlugin:80 - create IPUIPlugin
2024-10-30 13:31:56,633 [INFO] PluginManager:220 - loadIPPluginJar : add stm32_wpan
2024-10-30 13:31:56,653 [INFO] IPUIPlugin:80 - create IPUIPlugin
2024-10-30 13:31:56,653 [INFO] PluginManager:220 - loadIPPluginJar : add tim
2024-10-30 13:31:56,701 [INFO] IPUIPlugin:80 - create IPUIPlugin
2024-10-30 13:31:56,701 [INFO] PluginManager:220 - loadIPPluginJar : add touchsensing
2024-10-30 13:31:56,721 [INFO] IPUIPlugin:80 - create IPUIPlugin
2024-10-30 13:31:56,721 [INFO] PluginManager:220 - loadIPPluginJar : add tracer_emb
2024-10-30 13:31:56,746 [INFO] IPUIPlugin:80 - create IPUIPlugin
2024-10-30 13:31:56,746 [INFO] PluginManager:220 - loadIPPluginJar : add ts
2024-10-30 13:31:56,767 [INFO] IPUIPlugin:80 - create IPUIPlugin
2024-10-30 13:31:56,767 [INFO] PluginManager:220 - loadIPPluginJar : add tsc
2024-10-30 13:31:56,788 [INFO] IPUIPlugin:80 - create IPUIPlugin
2024-10-30 13:31:56,788 [INFO] PluginManager:220 - loadIPPluginJar : add ucpd
2024-10-30 13:31:56,826 [INFO] IPUIPlugin:80 - create IPUIPlugin
2024-10-30 13:31:56,826 [INFO] PluginManager:220 - loadIPPluginJar : add usart
2024-10-30 13:31:56,868 [INFO] IPUIPlugin:80 - create IPUIPlugin
2024-10-30 13:31:56,868 [INFO] PluginManager:220 - loadIPPluginJar : add usbx
2024-10-30 13:31:56,988 [INFO] CADModel:165 - CPN selected for project level
2024-10-30 13:31:56,988 [INFO] CADModel:114 - Register for checkConnection events
2024-10-30 13:31:56,988 [FATAL] Updater:334 - Updater called before beeing initialized
2024-10-30 13:31:56,989 [ERROR] CADModel:125 - Updater not yet initialized, retry later 
2024-10-30 13:31:57,106 [INFO] CADModel:165 - CPN selected for project level
2024-10-30 13:31:57,106 [INFO] CADModel:114 - Register for checkConnection events
2024-10-30 13:31:57,106 [FATAL] Updater:334 - Updater called before beeing initialized
2024-10-30 13:31:57,106 [ERROR] CADModel:125 - Updater not yet initialized, retry later 
2024-10-30 13:31:57,110 [FATAL] Updater:334 - Updater called before beeing initialized
2024-10-30 13:31:57,208 [FATAL] Updater:334 - Updater called before beeing initialized
2024-10-30 13:31:57,219 [INFO] DbMcusAds:53 - JSON generation date=Fri Sep 20 20:04:38 ICT 2024 (1726837478367)
2024-10-30 13:31:57,219 [FATAL] Updater:334 - Updater called before beeing initialized
2024-10-30 13:31:57,262 [WARN] DetailPanel:346 - Failed to get advertising image, set to default
2024-10-30 13:31:57,353 [FATAL] Updater:334 - Updater called before beeing initialized
2024-10-30 13:31:57,355 [FATAL] Updater:334 - Updater called before beeing initialized
2024-10-30 13:31:57,355 [FATAL] Updater:334 - Updater called before beeing initialized
2024-10-30 13:31:57,356 [WARN] DetailPanel:346 - Failed to get advertising image, set to default
2024-10-30 13:31:57,356 [FATAL] Updater:334 - Updater called before beeing initialized
2024-10-30 13:31:57,415 [ERROR] Updater:1164 - MainUpdater not yet initialized. External WinMGr cannot be set.
2024-10-30 13:31:57,433 [INFO] Updater:1100 - Updater Version found : 6.12.1
2024-10-30 13:31:57,457 [INFO] ApplicationProperties:184 - Using Application install path: C:\ST\STM32CubeIDE_1.16.1\STM32CubeIDE\plugins\com.st.stm32cube.common.mx_6.12.1.202409122256
2024-10-30 13:31:57,848 [INFO] MainUpdater:2873 - connection check result : 10
2024-10-30 13:31:57,849 [INFO] MainUpdater:290 - Updater Check For Update Now.
2024-10-30 13:31:57,850 [INFO] MicroXplorer:498 - Change Database Version : DB.6.0.121
2024-10-30 13:31:57,873 [INFO] McuFinderGlobals:63 - Set McuFinder mode to 2 (CubeIDE integrated)
2024-10-30 13:31:57,882 [INFO] UserAuth:417 - Internet connection configuration mode: 1
2024-10-30 13:31:57,906 [WARN] MainUpdater:1194 - Updater busy. Cannot search thirdparties
2024-10-30 13:31:57,906 [INFO] ThirdPartyUpdaterWithRetryManager:96 - Updater plugin is busy. [1/15]
2024-10-30 13:31:57,916 [INFO] JxBrowserEngine:152 - Initiate JxBrowser Engine with user profile folder
2024-10-30 13:31:58,117 [INFO] CheckServerUpdateThread:120 - End of CheckServer Thread
2024-10-30 13:32:00,970 [INFO] ThirdParty:978 - Integrity check success = true
2024-10-30 13:32:00,970 [INFO] IntegrityCheckThread:100 - exiting critical section [integrity check]
2024-10-30 13:32:00,970 [INFO] IntegrityCheckThread:103 - End integrity checks thread
2024-10-30 13:32:02,494 [INFO] WebApp:167 - Instantiating new browser for Auth
2024-10-30 13:32:03,237 [INFO] WebApp:448 - Apply proxy settings
2024-10-30 13:32:03,237 [INFO] WebApp:533 - Chromium requires no authentication
2024-10-30 13:32:03,254 [INFO] WebApp:476 - Direct internet connection detected
2024-10-30 13:32:03,292 [INFO] WebApp:869 - Register for checkConnection events
2024-10-30 13:32:03,292 [INFO] WebApp:448 - Apply proxy settings
2024-10-30 13:32:03,292 [INFO] WebApp:533 - Chromium requires no authentication
2024-10-30 13:32:03,292 [INFO] WebApp:476 - Direct internet connection detected
2024-10-30 13:32:03,481 [INFO] WebApp:220 - Starting web application
2024-10-30 13:32:03,481 [INFO] WebApp:578 - Web application path used C:\ST\STM32CubeIDE_1.16.1\STM32CubeIDE\plugins\com.st.stm32cube.common.mx_6.12.1.202409122256\db\plugins\mcufinder\reactClient1\index.html
2024-10-30 13:32:03,621 [INFO] UserAuth:417 - Internet connection configuration mode: 1
2024-10-30 13:32:03,891 [INFO] WebApp:186 - Connection restablished
2024-10-30 13:32:23,138 [INFO] WebApp:189 - Connection lost
2024-10-30 13:32:23,264 [INFO] WebApp:186 - Connection restablished
2024-10-30 13:32:26,631 [INFO] WebApp:189 - Connection lost
2024-10-30 13:32:26,752 [INFO] WebApp:186 - Connection restablished
2024-10-30 13:36:13,904 [INFO] McuFinderGlobals:63 - Set McuFinder mode to 2 (CubeIDE integrated)
2024-10-30 13:36:13,928 [INFO] MainUpdater:2873 - connection check result : 10
2024-10-30 13:36:13,935 [INFO] MainUpdater:2873 - connection check result : 10
2024-10-30 13:36:14,090 [INFO] RulesReader:64 - Compatibility file has been processed (297 Rules)
2024-10-30 13:36:14,098 [INFO] RulesReader:64 - Compatibility file has been processed (297 Rules)
2024-10-30 13:36:14,101 [INFO] MicroXplorer:468 - Change Database Path : 
2024-10-30 13:36:14,101 [INFO] MicroXplorer:498 - Change Database Version : DB.6.0.121
2024-10-30 13:36:14,110 [WARN] ThirdParty:871 - waiting for thirdparty lock release [close project]
2024-10-30 13:36:14,111 [INFO] ThirdParty:873 - entering critical section [close project]
2024-10-30 13:36:14,111 [INFO] ThirdParty:883 - exiting critical section [close project]
2024-10-30 13:36:14,113 [INFO] PinOutPanel:1561 - setPackage(No Configuration,No Configuration)
2024-10-30 13:36:14,115 [INFO] UtilMem:75 - Begin LoadConfig() Used Memory: 578873696 Bytes (926941184)
2024-10-30 13:36:14,117 [INFO] MicroXplorer:468 - Change Database Path : 
2024-10-30 13:36:14,117 [INFO] MicroXplorer:498 - Change Database Version : DB.6.0.121
2024-10-30 13:36:14,117 [INFO] OpenFileManager:332 - Change cursor
2024-10-30 13:36:14,141 [INFO] Mcu:2032 - Initializing MCU STM32F103C(8-B)Tx STM32F103C8Tx STM32F103C8T6
2024-10-30 13:36:14,902 [INFO] Context:742 - Trying to add GPIOservice into a context  which must be forbidden
2024-10-30 13:36:15,161 [INFO] RtosManager:555 - Registered RTOS mode: class=CMSIS, group=RTOS, mode=CMSIS_V1, owner=FREERTOS
2024-10-30 13:36:15,161 [INFO] RtosManager:555 - Registered RTOS mode: class=CMSIS, group=RTOS2, mode=CMSIS_V2, owner=FREERTOS
2024-10-30 13:36:15,161 [INFO] RtosManager:555 - Registered RTOS mode: class=RTOS, group=Core, mode=CMSIS_V1, owner=FREERTOS
2024-10-30 13:36:15,162 [INFO] RtosManager:555 - Registered RTOS mode: class=RTOS, group=Core, mode=CMSIS_V2, owner=FREERTOS
2024-10-30 13:36:15,162 [WARN] ModelIntegratedComponent:184 - Missing modes for component STMicroelectronics:FreeRTOS:0.0.1:STMicroelectronics:RTOS:FreeRTOS:Core:::10.2.0:
2024-10-30 13:36:15,164 [WARN] ModelIntegratedComponent:63 - No mode defined for component null
2024-10-30 13:36:15,164 [WARN] ModelIntegratedComponent:63 - No mode defined for component null
2024-10-30 13:36:15,164 [WARN] ModelIntegratedComponent:63 - No mode defined for component null
2024-10-30 13:36:15,164 [WARN] ModelIntegratedComponent:63 - No mode defined for component null
2024-10-30 13:36:15,164 [WARN] ModelIntegratedComponent:63 - No mode defined for component null
2024-10-30 13:36:15,164 [WARN] ModelIntegratedComponent:63 - No mode defined for component null
2024-10-30 13:36:15,164 [WARN] ModelIntegratedComponent:63 - No mode defined for component null
2024-10-30 13:36:15,164 [WARN] ModelIntegratedComponent:63 - No mode defined for component null
2024-10-30 13:36:15,164 [WARN] ModelIntegratedComponent:63 - No mode defined for component null
2024-10-30 13:36:15,164 [WARN] ModelIntegratedComponent:63 - No mode defined for component null
2024-10-30 13:36:15,164 [WARN] ModelIntegratedComponent:63 - No mode defined for component null
2024-10-30 13:36:15,164 [WARN] ModelIntegratedComponent:63 - No mode defined for component null
2024-10-30 13:36:15,164 [WARN] ModelIntegratedComponent:63 - No mode defined for component null
2024-10-30 13:36:15,164 [WARN] ModelIntegratedComponent:63 - No mode defined for component null
2024-10-30 13:36:15,164 [WARN] ModelIntegratedComponent:63 - No mode defined for component null
2024-10-30 13:36:15,164 [WARN] ModelIntegratedComponent:63 - No mode defined for component null
2024-10-30 13:36:15,165 [WARN] ModelIntegratedComponent:63 - No mode defined for component null
2024-10-30 13:36:15,165 [WARN] ModelIntegratedComponent:63 - No mode defined for component null
2024-10-30 13:36:15,165 [WARN] ModelIntegratedComponent:63 - No mode defined for component null
2024-10-30 13:36:15,165 [WARN] ModelIntegratedComponent:63 - No mode defined for component null
2024-10-30 13:36:15,165 [WARN] ModelIntegratedComponent:63 - No mode defined for component null
2024-10-30 13:36:15,165 [WARN] ModelIntegratedComponent:63 - No mode defined for component null
2024-10-30 13:36:15,165 [WARN] ModelIntegratedComponent:63 - No mode defined for component null
2024-10-30 13:36:15,165 [WARN] ModelIntegratedComponent:63 - No mode defined for component null
2024-10-30 13:36:15,165 [WARN] ModelIntegratedComponent:63 - No mode defined for component null
2024-10-30 13:36:15,165 [WARN] ModelIntegratedComponent:63 - No mode defined for component null
2024-10-30 13:36:15,165 [WARN] ModelIntegratedComponent:63 - No mode defined for component null
2024-10-30 13:36:15,165 [WARN] ModelIntegratedComponent:63 - No mode defined for component null
2024-10-30 13:36:15,165 [WARN] ModelIntegratedComponent:63 - No mode defined for component null
2024-10-30 13:36:15,165 [WARN] ModelIntegratedComponent:63 - No mode defined for component null
2024-10-30 13:36:15,165 [WARN] ModelIntegratedComponent:63 - No mode defined for component null
2024-10-30 13:36:15,165 [WARN] ModelIntegratedComponent:63 - No mode defined for component null
2024-10-30 13:36:15,165 [WARN] ModelIntegratedComponent:63 - No mode defined for component null
2024-10-30 13:36:15,165 [WARN] ModelIntegratedComponent:63 - No mode defined for component null
2024-10-30 13:36:15,165 [WARN] ModelIntegratedComponent:63 - No mode defined for component null
2024-10-30 13:36:15,166 [WARN] ModelPack:524 - Component already loaded: STMicroelectronics:HAL Drivers:0.0.0:STMicroelectronics:Device:STMicro_Driver:XSPI:HAL::0.0.1:HAL_XSPI
2024-10-30 13:36:15,171 [INFO] ThirdPartyModel:298 - Start build external matchings
2024-10-30 13:36:15,172 [INFO] ThirdPartyModel:316 - End build external matchings
2024-10-30 13:36:15,178 [INFO] ImportTextPane:205 - (OptionalMessage_ERROR) IP (RCC) : Parameter (ADCFreqValue) has invalid value (36000000)
2024-10-30 13:36:15,178 [INFO] ImportTextPane:205 - (OptionalMessage_ERROR) IP (RCC) : Invalid parameter (FamilyName)
2024-10-30 13:36:15,179 [INFO] ImportTextPane:205 - (OptionalMessage_ERROR) IP (RCC) : Parameter (MCOFreq_Value) has invalid value (72000000)
2024-10-30 13:36:15,179 [INFO] ImportTextPane:205 - (OptionalMessage_ERROR) IP (RCC) : Parameter (USBFreq_Value) has invalid value (72000000)
2024-10-30 13:36:15,407 [INFO] ApiDb:581 - Connected to CubeFinder SQLite database (C:\Users\OS\.stmcufinder\plugins\mcufinder\mcu\cube-finder-db.db)
2024-10-30 13:36:15,481 [INFO] ApiDb:668 - CubeFinder database Data Model version=2.1
2024-10-30 13:36:15,481 [INFO] ApiDb:669 - CubeFinder database Configuration version=3.0.39
2024-10-30 13:36:15,481 [INFO] ApiDb:670 - CubeFinder database generation date=2024-10-15 (1729006872)
2024-10-30 13:36:15,481 [INFO] ApiDb:671 - CubeFinder database FW Pack versions=[FP-ATR-ASTRA1_V2.0.0, FP-SNS-FLIGHT1_V5.0.2, FP-SNS-MOTENV1_V5.0.0, FP-SNS-MOTENVWB1_V1.4.0, FP-SNS-SMARTAG2_V1.2.0, FP-SNS-STBOX1_V2.0.0, STM32Cube_FW_C0_V1.2.0, STM32Cube_FW_F4_V1.28.1, STM32Cube_FW_F7_V1.17.2, STM32Cube_FW_G0_V1.6.2, STM32Cube_FW_G4_V1.6.0, STM32Cube_FW_H5_V1.3.0, STM32Cube_FW_H7RS_V1.1.0, STM32Cube_FW_H7_V1.11.2, STM32Cube_FW_L0_V1.12.2, STM32Cube_FW_L5_V1.5.1, STM32Cube_FW_U0_V1.1.0, STM32Cube_FW_U5_V1.6.0, STM32Cube_FW_WB0_V1.0.0, STM32Cube_FW_WBA_V1.4.1, STM32Cube_FW_WB_V1.20.0, STM32Cube_FW_WL_V1.3.0, X-CUBE-ALGOBUILD_V1.4.0, X-CUBE-ALS_V1.0.2, X-CUBE-AZRTOS-F4_V1.1.0, X-CUBE-AZRTOS-F7_V1.1.0, X-CUBE-AZRTOS-G0_V1.1.0, X-CUBE-AZRTOS-G4_V2.0.0, X-CUBE-AZRTOS-H7RS_V1.0.0, X-CUBE-AZRTOS-H7_V3.3.0, X-CUBE-AZRTOS-L4_V2.0.0, X-CUBE-AZRTOS-L5_V2.0.0, X-CUBE-AZRTOS-WB_V2.0.0, X-CUBE-AZRTOS-WL_V2.0.0, X-CUBE-BLE1_V7.0.0, X-CUBE-BLE2_V3.3.0, X-CUBE-BLEMGR_V3.1.0, X-CUBE-EEPRMA1_V5.1.0, X-CUBE-FREERTOS_V1.2.0, X-CUBE-GNSS1_V6.0.0, X-CUBE-MEMS1_V11.0.0, X-CUBE-NFC4_V3.0.0, X-CUBE-NFC7_V1.0.1, X-CUBE-SFXS2LP1_V4.0.0, X-CUBE-SUBG2_V5.0.0, X-CUBE-TOF1_V3.4.2]
2024-10-30 13:36:15,588 [INFO] DbBoardsSqlite:226 - include board P-NUCLEO-WB55-NUCLEO as a kit item of type 'Nucleo-64'
2024-10-30 13:36:15,588 [INFO] DbBoardsSqlite:226 - include board P-NUCLEO-WB55-USBDONGLE as a kit item of type 'Nucleo USB Dongle'
2024-10-30 13:36:15,589 [INFO] DbBoardsSqlite:226 - include board STEVAL-IDP005V1 as a kit item of type 'Evaluation Board'
2024-10-30 13:36:15,589 [INFO] DbBoardsSqlite:226 - include board STEVAL-IDP005V2 as a kit item of type 'Evaluation Board'
2024-10-30 13:36:15,972 [INFO] ApiDb:240 - Found 646 in-development CPN: [B-G473E-ZEST1S, B-WB1M-WPAN1, B-WL5M-SUBG1, NUCLEO-C031C6, NUCLEO-C071RB, NUCLEO-H503RB, NUCLEO-H533RE, NUCLEO-H563ZI, NUCLEO-H7S3L8, NUCLEO-U031R8, NUCLEO-U083RC, NUCLEO-U545RE-Q, NUCLEO-U5A5ZJ-Q, NUCLEO-WB05KZ, NUCLEO-WB07CC, NUCLEO-WB09KE, NUCLEO-WBA52CG, NUCLEO-WBA55CG, STEVAL-PROTEUS1, STEVAL-SMARTAG2, STEVAL-STWINBX1, STM320518-EVAL, STM32C0116-DK, STM32C011D6Y3TR, STM32C011D6Y6TR, STM32C011F4P3, STM32C011F4P6, STM32C011F4U3, STM32C011F4U6TR, STM32C011F6P3, STM32C011F6P6, STM32C011F6U3, STM32C011F6U6TR, STM32C011J4M3, STM32C011J4M6, STM32C011J6M3, STM32C011J6M6, STM32C0316-DK, STM32C031C4T3, STM32C031C4T6, STM32C031C4U3, STM32C031C4U6, STM32C031C6T3, STM32C031C6T6, STM32C031C6U3, STM32C031C6U6, STM32C031F4P3, STM32C031F4P6, STM32C031F6P3, STM32C031F6P6, STM32C031G4U3, STM32C031G4U6, STM32C031G6U3, STM32C031G6U6, STM32C031K4T3, STM32C031K4T6, STM32C031K4U3, STM32C031K4U6, STM32C031K6T3, STM32C031K6T6, STM32C031K6U3, STM32C031K6U6, STM32C071C8T6, STM32C071C8T6N, STM32C071C8U6, STM32C071C8U6N, STM32C071CBT6, STM32C071CBT6N, STM32C071CBU6, STM32C071CBU6N, STM32C071F8P6, STM32C071F8P6N, STM32C071FBP6, STM32C071FBP6N, STM32C071FBY6TR, STM32C071G8U6, STM32C071G8U6N, STM32C071GBU6, STM32C071GBU6N, STM32C071K8T6, STM32C071K8T6N, STM32C071K8U6, STM32C071K8U6N, STM32C071KBT6, STM32C071KBT6N, STM32C071KBU6, STM32C071KBU6N, STM32C071R8T6, STM32C071R8T6N, STM32C071RBI6N, STM32C071RBT6, STM32C071RBT6N, STM32G071K8TXN, STM32G071K8UXN, STM32G081GBU6N, STM32G081KBT6N, STM32G081KBUXN, STM32G0B1CCT6N, STM32G0B1KCT6, STM32G0B1NEY6TR, STM32G0B1RCT6N, STM32G0C1CCT6, STM32G0C1CCT6N, STM32G0C1CCU6N, STM32G0C1CET6N, STM32G0C1CEU6N, STM32G0C1KCT6, STM32G0C1NEY6TR, STM32G0C1RCI6N, STM32G0C1RCT6N, STM32G0C1REI6N, STM32G0C1RET6N, STM32G0C1VCI6, STM32G0C1VEI6, STM32G411C6T3, STM32G411C6T6, STM32G411C6U3, STM32G411C6U6, STM32G411C8T3, STM32G411C8T6, STM32G411C8U3, STM32G411C8U6, STM32G411CBT3, STM32G411CBT6, STM32G411CBU3, STM32G411CBU6, STM32G411K6T3, STM32G411K6T6, STM32G411K6U3, STM32G411K6U6, STM32G411K8T3, STM32G411K8T6, STM32G411K8U3, STM32G411K8U6, STM32G411KBT3, STM32G411KBT6, STM32G411KBU3, STM32G411KBU6, STM32G411M6T3, STM32G411M6T6, STM32G411M8T3, STM32G411M8T6, STM32G411MBT3, STM32G411MBT6, STM32G411R6T3, STM32G411R6T6, STM32G411R8T3, STM32G411R8T6, STM32G411RBT3, STM32G411RBT6, STM32G414CBT3, STM32G414CBT6, STM32G414CBU3, STM32G414CBU6, STM32G414CCT3, STM32G414CCT6, STM32G414CCU3, STM32G414CCU6, STM32G414MBT3, STM32G414MBT6, STM32G414MCT3, STM32G414MCT6, STM32G414RBT3, STM32G414RBT6, STM32G414RCT3, STM32G414RCT6, STM32G414VBT3, STM32G414VBT6, STM32G414VCT3, STM32G414VCT6, STM32G431CBT3Z, STM32G431RBT3Z, STM32G471CCT6, STM32G471CCU6, STM32G471CET3, STM32G471CET6, STM32G471CEU3, STM32G471CEU6, STM32G471MCT6, STM32G471MET3, STM32G471MET6, STM32G471MEY6TR, STM32G471QCT6, STM32G471QET3, STM32G471RCT6, STM32G471RET3, STM32G471RET6, STM32G471VCH6, STM32G471VCI6, STM32G471VCT6, STM32G471VEH3, STM32G471VEH6, STM32G471VEI3, STM32G471VEI6, STM32G471VET3, STM32G471VET6, STM32G473QET3Z, STM32G473RET3Z, STM32G474CCT6, STM32G491RET3Z, STM32H503CBT6, STM32H503CBU6, STM32H503EBY6TR, STM32H503KBU6, STM32H503RBT6, STM32H523CCT6, STM32H523CCU6, STM32H523CET6, STM32H523CEU6, STM32H523HEY6TR, STM32H523RCT6, STM32H523RET6, STM32H523VCI6, STM32H523VCT6, STM32H523VEI6, STM32H523VET6, STM32H523ZCJ6, STM32H523ZCT6, STM32H523ZEJ6, STM32H523ZET6, STM32H533CET6, STM32H533CEU6, STM32H533HEY6TR, STM32H533RET6, STM32H533VEI6, STM32H533VET6, STM32H533ZEJ6, STM32H533ZET6, STM32H562AGI6, STM32H562AII6, STM32H562IGK6, STM32H562IGT6, STM32H562IIK6, STM32H562IIT6, STM32H562RGT6, STM32H562RGV6, STM32H562RIT6, STM32H562RIV6, STM32H562VGT6, STM32H562VIT6, STM32H562ZGT6, STM32H562ZIT6, STM32H563AGI6, STM32H563AII3Q, STM32H563AII6, STM32H563IGK6, STM32H563IGT6, STM32H563IIK3Q, STM32H563IIK6, STM32H563IIT3Q, STM32H563IIT6, STM32H563MIY3QTR, STM32H563RGT6, STM32H563RGV6, STM32H563RIT6, STM32H563RIV6, STM32H563VGT6, STM32H563VIT3Q, STM32H563VIT6, STM32H563ZGT6, STM32H563ZIT3Q, STM32H563ZIT6, STM32H573AII3Q, STM32H573AII6, STM32H573I-DK, STM32H573IIK3Q, STM32H573IIK6, STM32H573IIT3Q, STM32H573IIT6, STM32H573MIY3QTR, STM32H573RIT6, STM32H573RIV6, STM32H573VIT3Q, STM32H573VIT6, STM32H573ZIT3Q, STM32H573ZIT6, STM32H7R3A8I6, STM32H7R3I8K6, STM32H7R3I8T6, STM32H7R3L8H6, STM32H7R3L8H6H, STM32H7R3R8V6, STM32H7R3V8H6, STM32H7R3V8T6, STM32H7R3V8Y6TR, STM32H7R3Z8J6, STM32H7R3Z8T6, STM32H7R7A8I6, STM32H7R7I8K6, STM32H7R7I8T6, STM32H7R7L8H6, STM32H7R7L8H6H, STM32H7R7Z8J6, STM32H7S3A8I6, STM32H7S3I8K6, STM32H7S3I8T6, STM32H7S3L8H6, STM32H7S3L8H6H, STM32H7S3R8V6, STM32H7S3V8H6, STM32H7S3V8T6, STM32H7S3V8Y6TR, STM32H7S3Z8J6, STM32H7S3Z8T6, STM32H7S78-DK, STM32H7S7A8I6, STM32H7S7I8K6, STM32H7S7I8T6, STM32H7S7L8H6, STM32H7S7L8H6H, STM32H7S7Z8J6, STM32L4R5QGI6STR, STM32MP131AAE3, STM32MP131AAF3, STM32MP131AAG3, STM32MP131CAE3, STM32MP131CAF3, STM32MP131CAG3, STM32MP131DAE7, STM32MP131DAF7, STM32MP131DAG7, STM32MP131FAE7, STM32MP131FAF7, STM32MP131FAG7, STM32MP133AAE3, STM32MP133AAF3, STM32MP133AAG3, STM32MP133CAE3, STM32MP133CAF3, STM32MP133CAG3, STM32MP133DAE7, STM32MP133DAF7, STM32MP133DAG7, STM32MP133FAE7, STM32MP133FAF7, STM32MP133FAG7, STM32MP135AAE3, STM32MP135AAF3, STM32MP135AAG3, STM32MP135CAE3, STM32MP135CAF3, STM32MP135CAG3, STM32MP135DAE7, STM32MP135DAF7, STM32MP135DAG7, STM32MP135F-DK, STM32MP135FAE7, STM32MP135FAF7, STM32MP135FAF7T, STM32MP135FAF7U, STM32MP135FAG7, STM32MP251AAI3, STM32MP251AAK3, STM32MP251AAL3, STM32MP251CAI3, STM32MP251CAK3, STM32MP251CAL3, STM32MP251DAI3, STM32MP251DAK3, STM32MP251DAL3, STM32MP251FAI3, STM32MP251FAK3, STM32MP251FAL3, STM32MP253AAI3, STM32MP253AAK3, STM32MP253AAL3, STM32MP253CAI3, STM32MP253CAK3, STM32MP253CAL3, STM32MP253DAI3, STM32MP253DAK3, STM32MP253DAL3, STM32MP253FAI3, STM32MP253FAK3, STM32MP253FAL3, STM32MP255AAI3, STM32MP255AAK3, STM32MP255AAL3, STM32MP255CAI3, STM32MP255CAK3, STM32MP255CAL3, STM32MP255DAI3, STM32MP255DAK3, STM32MP255DAL3, STM32MP255FAI3, STM32MP255FAK3, STM32MP255FAL3, STM32MP257AAI3, STM32MP257AAK3, STM32MP257AAL3, STM32MP257CAI3, STM32MP257CAK3, STM32MP257CAL3, STM32MP257DAI3, STM32MP257DAK3, STM32MP257DAL3, STM32MP257F-DK, STM32MP257F-EV1, STM32MP257FAI3, STM32MP257FAK3, STM32MP257FAL3, STM32U031C6T6, STM32U031C6U6, STM32U031C8T6, STM32U031C8U6, STM32U031F4P6, STM32U031F6P6, STM32U031F8P6, STM32U031G6Y6TR, STM32U031G8Y6TR, STM32U031K4U6, STM32U031K6U6, STM32U031K8U6, STM32U031R6I6, STM32U031R6T6, STM32U031R8I6, STM32U031R8T6, STM32U073C8T6, STM32U073C8U6, STM32U073CBT6, STM32U073CBU6, STM32U073CCT6, STM32U073CCU6, STM32U073H8Y6TR, STM32U073HBY6TR, STM32U073HCY6TR, STM32U073K8U6, STM32U073KBU6, STM32U073KCU6, STM32U073M8I6, STM32U073M8T6, STM32U073MBI6, STM32U073MBT6, STM32U073MCI6, STM32U073MCT6, STM32U073R8I6, STM32U073R8T6, STM32U073RBI6, STM32U073RBT6, STM32U073RCI6, STM32U073RCT6, STM32U083C-DK, STM32U083CCT6, STM32U083CCU6, STM32U083HCY6TR, STM32U083KCU6, STM32U083MCI6, STM32U083MCT6, STM32U083RCI6, STM32U083RCT6, STM32U535CBT6, STM32U535CBT6Q, STM32U535CBU6, STM32U535CBU6Q, STM32U535CCT6, STM32U535CCT6Q, STM32U535CCU6, STM32U535CCU6Q, STM32U535CET6, STM32U535CET6Q, STM32U535CEU6, STM32U535CEU6Q, STM32U535JEY6QTR, STM32U535NCY6QTR, STM32U535NEY6QTR, STM32U535RBI6, STM32U535RBI6Q, STM32U535RBT6, STM32U535RBT6Q, STM32U535RCI6, STM32U535RCI6Q, STM32U535RCT6, STM32U535RCT6Q, STM32U535REI6, STM32U535REI6Q, STM32U535RET6, STM32U535RET6Q, STM32U535VCI6, STM32U535VCI6Q, STM32U535VCT6, STM32U535VCT6Q, STM32U535VEI6, STM32U535VEI6Q, STM32U535VET6, STM32U535VET6Q, STM32U545CET6, STM32U545CET6Q, STM32U545CEU6, STM32U545CEU6Q, STM32U545JEY6QTR, STM32U545NEY6QTR, STM32U545REI6, STM32U545REI6Q, STM32U545RET6, STM32U545RET6Q, STM32U545VEI6, STM32U545VEI6Q, STM32U545VET6, STM32U545VET6Q, STM32U595AIH6, STM32U595AIH6Q, STM32U595AJH6, STM32U595AJH6Q, STM32U595QII6, STM32U595QII6Q, STM32U595QJI6, STM32U595QJI6Q, STM32U595RIT6, STM32U595RIT6Q, STM32U595RJT6, STM32U595RJT6Q, STM32U595VIT6, STM32U595VIT6Q, STM32U595VJT6, STM32U595VJT6Q, STM32U595ZIT6, STM32U595ZIT6Q, STM32U595ZIY6QTR, STM32U595ZJT6, STM32U595ZJT6Q, STM32U595ZJY6QTR, STM32U599BJY6QTR, STM32U599NIH6Q, STM32U599NJH6Q, STM32U599VIT6Q, STM32U599VJT6, STM32U599VJT6Q, STM32U599ZIT6Q, STM32U599ZIY6QTR, STM32U599ZJT6Q, STM32U599ZJY6QTR, STM32U5A5AJH6, STM32U5A5AJH6Q, STM32U5A5QII3Q , STM32U5A5QJI6, STM32U5A5QJI6Q, STM32U5A5RJT6, STM32U5A5RJT6Q, STM32U5A5VJT6, STM32U5A5VJT6Q, STM32U5A5ZJT6, STM32U5A5ZJT6Q, STM32U5A5ZJY6QTR, STM32U5A9BJY6QTR, STM32U5A9J-DK, STM32U5A9NJH6Q, STM32U5A9VJT6Q, STM32U5A9ZJT6Q, STM32U5A9ZJY6QTR, STM32U5F7VIT6, STM32U5F7VIT6Q, STM32U5F7VJT6, STM32U5F7VJT6Q, STM32U5F9BJY6QTR, STM32U5F9NJH6Q, STM32U5F9VIT6Q, STM32U5F9VJT6Q, STM32U5F9ZIJ6QTR, STM32U5F9ZIT6Q, STM32U5F9ZJJ6QTR, STM32U5F9ZJT6Q, STM32U5G7VJT6, STM32U5G7VJT6Q, STM32U5G9BJY6QTR, STM32U5G9J-DK1, STM32U5G9J-DK2, STM32U5G9NJH6Q, STM32U5G9VJT6Q, STM32U5G9ZJJ6QTR, STM32U5G9ZJT6Q, STM32WB05KZV6TR, STM32WB05KZV7TR, STM32WB05TZF6TR, STM32WB05TZF7TR, STM32WB06CCF6TR, STM32WB06CCF7TR, STM32WB06CCV6TR, STM32WB06CCV7TR, STM32WB06KCV6TR, STM32WB06KCV7TR, STM32WB07CCF6TR, STM32WB07CCF7TR, STM32WB07CCV6TR, STM32WB07CCV7TR, STM32WB07KCV6TR, STM32WB07KCV7TR, STM32WB09KEV6TR, STM32WB09KEV7TR, STM32WB09TEF6TR, STM32WB09TEF7TR, STM32WB1MMCH6, STM32WBA50KGU6, STM32WBA50KGU6TR, STM32WBA52CEU6, STM32WBA52CEU6TR, STM32WBA52CEU7, STM32WBA52CEU7TR, STM32WBA52CGU6, STM32WBA52CGU6TR, STM32WBA52CGU6U, STM32WBA52CGU7, STM32WBA52CGU7TR, STM32WBA52KEU6, STM32WBA52KEU6TR, STM32WBA52KGU6, STM32WBA52KGU6TR, STM32WBA54CEU6, STM32WBA54CEU6TR, STM32WBA54CEU7, STM32WBA54CEU7TR, STM32WBA54CGU6, STM32WBA54CGU6TR, STM32WBA54CGU7, STM32WBA54CGU7TR, STM32WBA54KEU6, STM32WBA54KEU6TR, STM32WBA54KEU7, STM32WBA54KEU7TR, STM32WBA54KGU6, STM32WBA54KGU6TR, STM32WBA54KGU7, STM32WBA54KGU7TR, STM32WBA55CEU6, STM32WBA55CEU6TR, STM32WBA55CEU7, STM32WBA55CEU7TR, STM32WBA55CGU6, STM32WBA55CGU6TR, STM32WBA55CGU6U, STM32WBA55CGU7, STM32WBA55CGU7TR, STM32WBA55G-DK1, STM32WBA55HEF6, STM32WBA55HEF7, STM32WBA55HGF6, STM32WBA55HGF7, STM32WBA55UEI6, STM32WBA55UEI6TR, STM32WBA55UEI7, STM32WBA55UEI7TR, STM32WBA55UGI6, STM32WBA55UGI6TR, STM32WBA55UGI7, STM32WBA55UGI7TR, STM32WL5MOCH6, STM32WL5MOCH6TR]
2024-10-30 13:36:16,130 [INFO] BoardInfo:889 - No configuration file found for board P-NUCLEO-WB55
2024-10-30 13:36:16,130 [INFO] DbBoards:161 - Kit is not supported: P-NUCLEO-WB55
2024-10-30 13:36:16,135 [INFO] BoardInfo:889 - No configuration file found for board STEVAL-BFA001V1B
2024-10-30 13:36:16,135 [INFO] DbBoards:161 - Kit is not supported: STEVAL-BFA001V1B
2024-10-30 13:36:16,136 [INFO] BoardInfo:889 - No configuration file found for board STEVAL-BFA001V2B
2024-10-30 13:36:16,137 [INFO] DbBoards:161 - Kit is not supported: STEVAL-BFA001V2B
2024-10-30 13:36:16,275 [INFO] DbBoards:168 - Found 201 boards, 198 are supported
2024-10-30 13:36:16,275 [INFO] DbBoards:169 - Found 201 boards, 25 of them is supported for  Bsp
2024-10-30 13:36:16,277 [INFO] ApiDb:668 - CubeFinder database Data Model version=2.1
2024-10-30 13:36:16,277 [INFO] ApiDb:669 - CubeFinder database Configuration version=3.0.39
2024-10-30 13:36:16,277 [INFO] ApiDb:670 - CubeFinder database generation date=2024-10-15 (1729006872)
2024-10-30 13:36:16,277 [INFO] ApiDb:671 - CubeFinder database FW Pack versions=[FP-ATR-ASTRA1_V2.0.0, FP-SNS-FLIGHT1_V5.0.2, FP-SNS-MOTENV1_V5.0.0, FP-SNS-MOTENVWB1_V1.4.0, FP-SNS-SMARTAG2_V1.2.0, FP-SNS-STBOX1_V2.0.0, STM32Cube_FW_C0_V1.2.0, STM32Cube_FW_F4_V1.28.1, STM32Cube_FW_F7_V1.17.2, STM32Cube_FW_G0_V1.6.2, STM32Cube_FW_G4_V1.6.0, STM32Cube_FW_H5_V1.3.0, STM32Cube_FW_H7RS_V1.1.0, STM32Cube_FW_H7_V1.11.2, STM32Cube_FW_L0_V1.12.2, STM32Cube_FW_L5_V1.5.1, STM32Cube_FW_U0_V1.1.0, STM32Cube_FW_U5_V1.6.0, STM32Cube_FW_WB0_V1.0.0, STM32Cube_FW_WBA_V1.4.1, STM32Cube_FW_WB_V1.20.0, STM32Cube_FW_WL_V1.3.0, X-CUBE-ALGOBUILD_V1.4.0, X-CUBE-ALS_V1.0.2, X-CUBE-AZRTOS-F4_V1.1.0, X-CUBE-AZRTOS-F7_V1.1.0, X-CUBE-AZRTOS-G0_V1.1.0, X-CUBE-AZRTOS-G4_V2.0.0, X-CUBE-AZRTOS-H7RS_V1.0.0, X-CUBE-AZRTOS-H7_V3.3.0, X-CUBE-AZRTOS-L4_V2.0.0, X-CUBE-AZRTOS-L5_V2.0.0, X-CUBE-AZRTOS-WB_V2.0.0, X-CUBE-AZRTOS-WL_V2.0.0, X-CUBE-BLE1_V7.0.0, X-CUBE-BLE2_V3.3.0, X-CUBE-BLEMGR_V3.1.0, X-CUBE-EEPRMA1_V5.1.0, X-CUBE-FREERTOS_V1.2.0, X-CUBE-GNSS1_V6.0.0, X-CUBE-MEMS1_V11.0.0, X-CUBE-NFC4_V3.0.0, X-CUBE-NFC7_V1.0.1, X-CUBE-SFXS2LP1_V4.0.0, X-CUBE-SUBG2_V5.0.0, X-CUBE-TOF1_V3.4.2]
2024-10-30 13:36:17,995 [INFO] ApiDb:240 - Found 646 in-development CPN: [B-G473E-ZEST1S, B-WB1M-WPAN1, B-WL5M-SUBG1, NUCLEO-C031C6, NUCLEO-C071RB, NUCLEO-H503RB, NUCLEO-H533RE, NUCLEO-H563ZI, NUCLEO-H7S3L8, NUCLEO-U031R8, NUCLEO-U083RC, NUCLEO-U545RE-Q, NUCLEO-U5A5ZJ-Q, NUCLEO-WB05KZ, NUCLEO-WB07CC, NUCLEO-WB09KE, NUCLEO-WBA52CG, NUCLEO-WBA55CG, STEVAL-PROTEUS1, STEVAL-SMARTAG2, STEVAL-STWINBX1, STM320518-EVAL, STM32C0116-DK, STM32C011D6Y3TR, STM32C011D6Y6TR, STM32C011F4P3, STM32C011F4P6, STM32C011F4U3, STM32C011F4U6TR, STM32C011F6P3, STM32C011F6P6, STM32C011F6U3, STM32C011F6U6TR, STM32C011J4M3, STM32C011J4M6, STM32C011J6M3, STM32C011J6M6, STM32C0316-DK, STM32C031C4T3, STM32C031C4T6, STM32C031C4U3, STM32C031C4U6, STM32C031C6T3, STM32C031C6T6, STM32C031C6U3, STM32C031C6U6, STM32C031F4P3, STM32C031F4P6, STM32C031F6P3, STM32C031F6P6, STM32C031G4U3, STM32C031G4U6, STM32C031G6U3, STM32C031G6U6, STM32C031K4T3, STM32C031K4T6, STM32C031K4U3, STM32C031K4U6, STM32C031K6T3, STM32C031K6T6, STM32C031K6U3, STM32C031K6U6, STM32C071C8T6, STM32C071C8T6N, STM32C071C8U6, STM32C071C8U6N, STM32C071CBT6, STM32C071CBT6N, STM32C071CBU6, STM32C071CBU6N, STM32C071F8P6, STM32C071F8P6N, STM32C071FBP6, STM32C071FBP6N, STM32C071FBY6TR, STM32C071G8U6, STM32C071G8U6N, STM32C071GBU6, STM32C071GBU6N, STM32C071K8T6, STM32C071K8T6N, STM32C071K8U6, STM32C071K8U6N, STM32C071KBT6, STM32C071KBT6N, STM32C071KBU6, STM32C071KBU6N, STM32C071R8T6, STM32C071R8T6N, STM32C071RBI6N, STM32C071RBT6, STM32C071RBT6N, STM32G071K8TXN, STM32G071K8UXN, STM32G081GBU6N, STM32G081KBT6N, STM32G081KBUXN, STM32G0B1CCT6N, STM32G0B1KCT6, STM32G0B1NEY6TR, STM32G0B1RCT6N, STM32G0C1CCT6, STM32G0C1CCT6N, STM32G0C1CCU6N, STM32G0C1CET6N, STM32G0C1CEU6N, STM32G0C1KCT6, STM32G0C1NEY6TR, STM32G0C1RCI6N, STM32G0C1RCT6N, STM32G0C1REI6N, STM32G0C1RET6N, STM32G0C1VCI6, STM32G0C1VEI6, STM32G411C6T3, STM32G411C6T6, STM32G411C6U3, STM32G411C6U6, STM32G411C8T3, STM32G411C8T6, STM32G411C8U3, STM32G411C8U6, STM32G411CBT3, STM32G411CBT6, STM32G411CBU3, STM32G411CBU6, STM32G411K6T3, STM32G411K6T6, STM32G411K6U3, STM32G411K6U6, STM32G411K8T3, STM32G411K8T6, STM32G411K8U3, STM32G411K8U6, STM32G411KBT3, STM32G411KBT6, STM32G411KBU3, STM32G411KBU6, STM32G411M6T3, STM32G411M6T6, STM32G411M8T3, STM32G411M8T6, STM32G411MBT3, STM32G411MBT6, STM32G411R6T3, STM32G411R6T6, STM32G411R8T3, STM32G411R8T6, STM32G411RBT3, STM32G411RBT6, STM32G414CBT3, STM32G414CBT6, STM32G414CBU3, STM32G414CBU6, STM32G414CCT3, STM32G414CCT6, STM32G414CCU3, STM32G414CCU6, STM32G414MBT3, STM32G414MBT6, STM32G414MCT3, STM32G414MCT6, STM32G414RBT3, STM32G414RBT6, STM32G414RCT3, STM32G414RCT6, STM32G414VBT3, STM32G414VBT6, STM32G414VCT3, STM32G414VCT6, STM32G431CBT3Z, STM32G431RBT3Z, STM32G471CCT6, STM32G471CCU6, STM32G471CET3, STM32G471CET6, STM32G471CEU3, STM32G471CEU6, STM32G471MCT6, STM32G471MET3, STM32G471MET6, STM32G471MEY6TR, STM32G471QCT6, STM32G471QET3, STM32G471RCT6, STM32G471RET3, STM32G471RET6, STM32G471VCH6, STM32G471VCI6, STM32G471VCT6, STM32G471VEH3, STM32G471VEH6, STM32G471VEI3, STM32G471VEI6, STM32G471VET3, STM32G471VET6, STM32G473QET3Z, STM32G473RET3Z, STM32G474CCT6, STM32G491RET3Z, STM32H503CBT6, STM32H503CBU6, STM32H503EBY6TR, STM32H503KBU6, STM32H503RBT6, STM32H523CCT6, STM32H523CCU6, STM32H523CET6, STM32H523CEU6, STM32H523HEY6TR, STM32H523RCT6, STM32H523RET6, STM32H523VCI6, STM32H523VCT6, STM32H523VEI6, STM32H523VET6, STM32H523ZCJ6, STM32H523ZCT6, STM32H523ZEJ6, STM32H523ZET6, STM32H533CET6, STM32H533CEU6, STM32H533HEY6TR, STM32H533RET6, STM32H533VEI6, STM32H533VET6, STM32H533ZEJ6, STM32H533ZET6, STM32H562AGI6, STM32H562AII6, STM32H562IGK6, STM32H562IGT6, STM32H562IIK6, STM32H562IIT6, STM32H562RGT6, STM32H562RGV6, STM32H562RIT6, STM32H562RIV6, STM32H562VGT6, STM32H562VIT6, STM32H562ZGT6, STM32H562ZIT6, STM32H563AGI6, STM32H563AII3Q, STM32H563AII6, STM32H563IGK6, STM32H563IGT6, STM32H563IIK3Q, STM32H563IIK6, STM32H563IIT3Q, STM32H563IIT6, STM32H563MIY3QTR, STM32H563RGT6, STM32H563RGV6, STM32H563RIT6, STM32H563RIV6, STM32H563VGT6, STM32H563VIT3Q, STM32H563VIT6, STM32H563ZGT6, STM32H563ZIT3Q, STM32H563ZIT6, STM32H573AII3Q, STM32H573AII6, STM32H573I-DK, STM32H573IIK3Q, STM32H573IIK6, STM32H573IIT3Q, STM32H573IIT6, STM32H573MIY3QTR, STM32H573RIT6, STM32H573RIV6, STM32H573VIT3Q, STM32H573VIT6, STM32H573ZIT3Q, STM32H573ZIT6, STM32H7R3A8I6, STM32H7R3I8K6, STM32H7R3I8T6, STM32H7R3L8H6, STM32H7R3L8H6H, STM32H7R3R8V6, STM32H7R3V8H6, STM32H7R3V8T6, STM32H7R3V8Y6TR, STM32H7R3Z8J6, STM32H7R3Z8T6, STM32H7R7A8I6, STM32H7R7I8K6, STM32H7R7I8T6, STM32H7R7L8H6, STM32H7R7L8H6H, STM32H7R7Z8J6, STM32H7S3A8I6, STM32H7S3I8K6, STM32H7S3I8T6, STM32H7S3L8H6, STM32H7S3L8H6H, STM32H7S3R8V6, STM32H7S3V8H6, STM32H7S3V8T6, STM32H7S3V8Y6TR, STM32H7S3Z8J6, STM32H7S3Z8T6, STM32H7S78-DK, STM32H7S7A8I6, STM32H7S7I8K6, STM32H7S7I8T6, STM32H7S7L8H6, STM32H7S7L8H6H, STM32H7S7Z8J6, STM32L4R5QGI6STR, STM32MP131AAE3, STM32MP131AAF3, STM32MP131AAG3, STM32MP131CAE3, STM32MP131CAF3, STM32MP131CAG3, STM32MP131DAE7, STM32MP131DAF7, STM32MP131DAG7, STM32MP131FAE7, STM32MP131FAF7, STM32MP131FAG7, STM32MP133AAE3, STM32MP133AAF3, STM32MP133AAG3, STM32MP133CAE3, STM32MP133CAF3, STM32MP133CAG3, STM32MP133DAE7, STM32MP133DAF7, STM32MP133DAG7, STM32MP133FAE7, STM32MP133FAF7, STM32MP133FAG7, STM32MP135AAE3, STM32MP135AAF3, STM32MP135AAG3, STM32MP135CAE3, STM32MP135CAF3, STM32MP135CAG3, STM32MP135DAE7, STM32MP135DAF7, STM32MP135DAG7, STM32MP135F-DK, STM32MP135FAE7, STM32MP135FAF7, STM32MP135FAF7T, STM32MP135FAF7U, STM32MP135FAG7, STM32MP251AAI3, STM32MP251AAK3, STM32MP251AAL3, STM32MP251CAI3, STM32MP251CAK3, STM32MP251CAL3, STM32MP251DAI3, STM32MP251DAK3, STM32MP251DAL3, STM32MP251FAI3, STM32MP251FAK3, STM32MP251FAL3, STM32MP253AAI3, STM32MP253AAK3, STM32MP253AAL3, STM32MP253CAI3, STM32MP253CAK3, STM32MP253CAL3, STM32MP253DAI3, STM32MP253DAK3, STM32MP253DAL3, STM32MP253FAI3, STM32MP253FAK3, STM32MP253FAL3, STM32MP255AAI3, STM32MP255AAK3, STM32MP255AAL3, STM32MP255CAI3, STM32MP255CAK3, STM32MP255CAL3, STM32MP255DAI3, STM32MP255DAK3, STM32MP255DAL3, STM32MP255FAI3, STM32MP255FAK3, STM32MP255FAL3, STM32MP257AAI3, STM32MP257AAK3, STM32MP257AAL3, STM32MP257CAI3, STM32MP257CAK3, STM32MP257CAL3, STM32MP257DAI3, STM32MP257DAK3, STM32MP257DAL3, STM32MP257F-DK, STM32MP257F-EV1, STM32MP257FAI3, STM32MP257FAK3, STM32MP257FAL3, STM32U031C6T6, STM32U031C6U6, STM32U031C8T6, STM32U031C8U6, STM32U031F4P6, STM32U031F6P6, STM32U031F8P6, STM32U031G6Y6TR, STM32U031G8Y6TR, STM32U031K4U6, STM32U031K6U6, STM32U031K8U6, STM32U031R6I6, STM32U031R6T6, STM32U031R8I6, STM32U031R8T6, STM32U073C8T6, STM32U073C8U6, STM32U073CBT6, STM32U073CBU6, STM32U073CCT6, STM32U073CCU6, STM32U073H8Y6TR, STM32U073HBY6TR, STM32U073HCY6TR, STM32U073K8U6, STM32U073KBU6, STM32U073KCU6, STM32U073M8I6, STM32U073M8T6, STM32U073MBI6, STM32U073MBT6, STM32U073MCI6, STM32U073MCT6, STM32U073R8I6, STM32U073R8T6, STM32U073RBI6, STM32U073RBT6, STM32U073RCI6, STM32U073RCT6, STM32U083C-DK, STM32U083CCT6, STM32U083CCU6, STM32U083HCY6TR, STM32U083KCU6, STM32U083MCI6, STM32U083MCT6, STM32U083RCI6, STM32U083RCT6, STM32U535CBT6, STM32U535CBT6Q, STM32U535CBU6, STM32U535CBU6Q, STM32U535CCT6, STM32U535CCT6Q, STM32U535CCU6, STM32U535CCU6Q, STM32U535CET6, STM32U535CET6Q, STM32U535CEU6, STM32U535CEU6Q, STM32U535JEY6QTR, STM32U535NCY6QTR, STM32U535NEY6QTR, STM32U535RBI6, STM32U535RBI6Q, STM32U535RBT6, STM32U535RBT6Q, STM32U535RCI6, STM32U535RCI6Q, STM32U535RCT6, STM32U535RCT6Q, STM32U535REI6, STM32U535REI6Q, STM32U535RET6, STM32U535RET6Q, STM32U535VCI6, STM32U535VCI6Q, STM32U535VCT6, STM32U535VCT6Q, STM32U535VEI6, STM32U535VEI6Q, STM32U535VET6, STM32U535VET6Q, STM32U545CET6, STM32U545CET6Q, STM32U545CEU6, STM32U545CEU6Q, STM32U545JEY6QTR, STM32U545NEY6QTR, STM32U545REI6, STM32U545REI6Q, STM32U545RET6, STM32U545RET6Q, STM32U545VEI6, STM32U545VEI6Q, STM32U545VET6, STM32U545VET6Q, STM32U595AIH6, STM32U595AIH6Q, STM32U595AJH6, STM32U595AJH6Q, STM32U595QII6, STM32U595QII6Q, STM32U595QJI6, STM32U595QJI6Q, STM32U595RIT6, STM32U595RIT6Q, STM32U595RJT6, STM32U595RJT6Q, STM32U595VIT6, STM32U595VIT6Q, STM32U595VJT6, STM32U595VJT6Q, STM32U595ZIT6, STM32U595ZIT6Q, STM32U595ZIY6QTR, STM32U595ZJT6, STM32U595ZJT6Q, STM32U595ZJY6QTR, STM32U599BJY6QTR, STM32U599NIH6Q, STM32U599NJH6Q, STM32U599VIT6Q, STM32U599VJT6, STM32U599VJT6Q, STM32U599ZIT6Q, STM32U599ZIY6QTR, STM32U599ZJT6Q, STM32U599ZJY6QTR, STM32U5A5AJH6, STM32U5A5AJH6Q, STM32U5A5QII3Q , STM32U5A5QJI6, STM32U5A5QJI6Q, STM32U5A5RJT6, STM32U5A5RJT6Q, STM32U5A5VJT6, STM32U5A5VJT6Q, STM32U5A5ZJT6, STM32U5A5ZJT6Q, STM32U5A5ZJY6QTR, STM32U5A9BJY6QTR, STM32U5A9J-DK, STM32U5A9NJH6Q, STM32U5A9VJT6Q, STM32U5A9ZJT6Q, STM32U5A9ZJY6QTR, STM32U5F7VIT6, STM32U5F7VIT6Q, STM32U5F7VJT6, STM32U5F7VJT6Q, STM32U5F9BJY6QTR, STM32U5F9NJH6Q, STM32U5F9VIT6Q, STM32U5F9VJT6Q, STM32U5F9ZIJ6QTR, STM32U5F9ZIT6Q, STM32U5F9ZJJ6QTR, STM32U5F9ZJT6Q, STM32U5G7VJT6, STM32U5G7VJT6Q, STM32U5G9BJY6QTR, STM32U5G9J-DK1, STM32U5G9J-DK2, STM32U5G9NJH6Q, STM32U5G9VJT6Q, STM32U5G9ZJJ6QTR, STM32U5G9ZJT6Q, STM32WB05KZV6TR, STM32WB05KZV7TR, STM32WB05TZF6TR, STM32WB05TZF7TR, STM32WB06CCF6TR, STM32WB06CCF7TR, STM32WB06CCV6TR, STM32WB06CCV7TR, STM32WB06KCV6TR, STM32WB06KCV7TR, STM32WB07CCF6TR, STM32WB07CCF7TR, STM32WB07CCV6TR, STM32WB07CCV7TR, STM32WB07KCV6TR, STM32WB07KCV7TR, STM32WB09KEV6TR, STM32WB09KEV7TR, STM32WB09TEF6TR, STM32WB09TEF7TR, STM32WB1MMCH6, STM32WBA50KGU6, STM32WBA50KGU6TR, STM32WBA52CEU6, STM32WBA52CEU6TR, STM32WBA52CEU7, STM32WBA52CEU7TR, STM32WBA52CGU6, STM32WBA52CGU6TR, STM32WBA52CGU6U, STM32WBA52CGU7, STM32WBA52CGU7TR, STM32WBA52KEU6, STM32WBA52KEU6TR, STM32WBA52KGU6, STM32WBA52KGU6TR, STM32WBA54CEU6, STM32WBA54CEU6TR, STM32WBA54CEU7, STM32WBA54CEU7TR, STM32WBA54CGU6, STM32WBA54CGU6TR, STM32WBA54CGU7, STM32WBA54CGU7TR, STM32WBA54KEU6, STM32WBA54KEU6TR, STM32WBA54KEU7, STM32WBA54KEU7TR, STM32WBA54KGU6, STM32WBA54KGU6TR, STM32WBA54KGU7, STM32WBA54KGU7TR, STM32WBA55CEU6, STM32WBA55CEU6TR, STM32WBA55CEU7, STM32WBA55CEU7TR, STM32WBA55CGU6, STM32WBA55CGU6TR, STM32WBA55CGU6U, STM32WBA55CGU7, STM32WBA55CGU7TR, STM32WBA55G-DK1, STM32WBA55HEF6, STM32WBA55HEF7, STM32WBA55HGF6, STM32WBA55HGF7, STM32WBA55UEI6, STM32WBA55UEI6TR, STM32WBA55UEI7, STM32WBA55UEI7TR, STM32WBA55UGI6, STM32WBA55UGI6TR, STM32WBA55UGI7, STM32WBA55UGI7TR, STM32WL5MOCH6, STM32WL5MOCH6TR]
2024-10-30 13:36:17,999 [INFO] DbMcus:218 - Found 4252 MCUs, 4252 are supported
2024-10-30 13:36:17,999 [INFO] ApiDb:423 - Load user favorites file C:\Users\OS/.stm32cubeide/favorites.mcus.txt: 0 item(s)
2024-10-30 13:36:18,000 [INFO] ApiDb:427 - User favorites MCUs=[]
2024-10-30 13:36:18,000 [INFO] DbMcus:224 - Set 0 / 0 favorites MCUs
2024-10-30 13:36:18,302 [INFO] ApiDb:423 - Load user favorites file C:\Users\OS/.stm32cubeide/favorites.boards.txt: 0 item(s)
2024-10-30 13:36:18,302 [INFO] ApiDb:427 - User favorites Boards=[]
2024-10-30 13:36:18,302 [INFO] DbBoards:198 - Set 0 / 0 favorites Boards
2024-10-30 13:36:18,353 [INFO] UtilMem:75 - End LoadConfig() Used Memory: 729027640 Bytes (1073741824)
2024-10-30 13:36:18,473 [WARN] ThirdParty:833 - waiting for thirdparty lock release [change project]
2024-10-30 13:36:18,474 [INFO] ThirdParty:835 - entering critical section [change project]
2024-10-30 13:36:18,474 [INFO] ThirdParty:1030 - CMSIS Pack Vendor :STMicroelectronics USBPD 4.1
2024-10-30 13:36:18,474 [INFO] ThirdParty:1030 - CMSIS Pack Vendor :STMicroelectronics ThreadX 1.0.0
2024-10-30 13:36:18,474 [INFO] ThirdParty:1030 - CMSIS Pack Vendor :STMicroelectronics USB_HOST 2.0.0
2024-10-30 13:36:18,474 [INFO] ThirdParty:1030 - CMSIS Pack Vendor :STMicroelectronics LIBJPEG 8.0.0
2024-10-30 13:36:18,474 [INFO] ThirdParty:1030 - CMSIS Pack Vendor :STMicroelectronics FreeRTOS 0.0.1
2024-10-30 13:36:18,474 [INFO] ThirdParty:1030 - CMSIS Pack Vendor :STMicroelectronics USB_DEVICE 1.0.0
2024-10-30 13:36:18,474 [INFO] ThirdParty:1030 - CMSIS Pack Vendor :STMicroelectronics STM32_WPAN 1.0.0
2024-10-30 13:36:18,474 [INFO] ThirdParty:1030 - CMSIS Pack Vendor :STMicroelectronics USB_DEVICE 3.0.0
2024-10-30 13:36:18,474 [INFO] ThirdParty:1030 - CMSIS Pack Vendor :STMicroelectronics HAL Drivers 0.0.0
2024-10-30 13:36:18,475 [INFO] ThirdParty:1030 - CMSIS Pack Vendor :STMicroelectronics MBEDTLS 2.16.2
2024-10-30 13:36:18,475 [INFO] ThirdParty:1030 - CMSIS Pack Vendor :STMicroelectronics ThreadX 0.0.2
2024-10-30 13:36:18,475 [INFO] ThirdParty:1030 - CMSIS Pack Vendor :STMicroelectronics lwIP 2.0.3
2024-10-30 13:36:18,475 [INFO] ThirdParty:1030 - CMSIS Pack Vendor :STMicroelectronics lwIP 2.1.2
2024-10-30 13:36:18,475 [INFO] ThirdParty:1030 - CMSIS Pack Vendor :STMicroelectronics MBEDTLS 2.14.1
2024-10-30 13:36:18,475 [INFO] ThirdParty:1030 - CMSIS Pack Vendor :STMicroelectronics USB_HOST 1.0.0
2024-10-30 13:36:18,475 [INFO] ThirdParty:1030 - CMSIS Pack Vendor :STMicroelectronics PDM2PCM 3.1.0
2024-10-30 13:36:18,475 [INFO] ThirdParty:1030 - CMSIS Pack Vendor :STMicroelectronics PDM2PCM 3.2.0
2024-10-30 13:36:18,475 [INFO] ThirdParty:1030 - CMSIS Pack Vendor :STMicroelectronics USB_DEVICE 2.0.0
2024-10-30 13:36:18,475 [INFO] ThirdParty:1030 - CMSIS Pack Vendor :STMicroelectronics PDM2PCM 3.3.0
2024-10-30 13:36:18,475 [INFO] ThirdParty:841 - exiting critical section [change project]
2024-10-30 13:36:18,679 [INFO] PinOutPanel:1561 - setPackage(No Configuration,No Configuration)
2024-10-30 13:36:18,680 [INFO] PinOutPanel:1561 - setPackage(STM32F103C8Tx,LQFP48)
2024-10-30 13:36:19,079 [INFO] UtilMem:75 - Before build in PCC Used Memory: 600609280 Bytes (1073741824)
2024-10-30 13:36:19,740 [INFO] UtilMem:75 - After build in PCC Used Memory: 683690808 Bytes (1073741824)
2024-10-30 13:36:19,759 [INFO] IPUIPlugin:80 - create IPUIPlugin
2024-10-30 13:36:19,760 [INFO] IPUIPlugin:80 - create IPUIPlugin
2024-10-30 13:36:19,760 [INFO] IPUIPlugin:80 - create IPUIPlugin
2024-10-30 13:36:19,760 [INFO] IPUIPlugin:80 - create IPUIPlugin
2024-10-30 13:36:19,760 [INFO] IPUIPlugin:80 - create IPUIPlugin
2024-10-30 13:36:19,760 [INFO] IPUIPlugin:80 - create IPUIPlugin
2024-10-30 13:36:19,760 [INFO] IPUIPlugin:80 - create IPUIPlugin
2024-10-30 13:36:19,760 [INFO] IPUIPlugin:80 - create IPUIPlugin
2024-10-30 13:36:19,760 [INFO] IPUIPlugin:80 - create IPUIPlugin
2024-10-30 13:36:19,761 [INFO] IPUIPlugin:80 - create IPUIPlugin
2024-10-30 13:36:19,761 [INFO] IPUIPlugin:80 - create IPUIPlugin
2024-10-30 13:36:19,761 [INFO] IPUIPlugin:80 - create IPUIPlugin
2024-10-30 13:36:19,761 [INFO] IPUIPlugin:80 - create IPUIPlugin
2024-10-30 13:36:19,761 [INFO] IPUIPlugin:80 - create IPUIPlugin
2024-10-30 13:36:19,761 [INFO] IPUIPlugin:80 - create IPUIPlugin
2024-10-30 13:36:19,761 [INFO] IPUIPlugin:80 - create IPUIPlugin
2024-10-30 13:36:19,761 [INFO] IPUIPlugin:80 - create IPUIPlugin
2024-10-30 13:36:19,761 [INFO] IPUIPlugin:80 - create IPUIPlugin
2024-10-30 13:36:19,761 [INFO] IPUIPlugin:80 - create IPUIPlugin
2024-10-30 13:36:19,761 [INFO] IPUIPlugin:80 - create IPUIPlugin
2024-10-30 13:36:19,761 [INFO] IPUIPlugin:80 - create IPUIPlugin
2024-10-30 13:36:19,761 [INFO] IPUIPlugin:80 - create IPUIPlugin
2024-10-30 13:36:19,763 [INFO] IPUIPlugin:80 - create IPUIPlugin
2024-10-30 13:36:19,763 [INFO] IPUIPlugin:80 - create IPUIPlugin
2024-10-30 13:36:19,763 [INFO] IPUIPlugin:80 - create IPUIPlugin
2024-10-30 13:36:19,763 [INFO] IPUIPlugin:80 - create IPUIPlugin
2024-10-30 13:36:19,763 [INFO] IPUIPlugin:80 - create IPUIPlugin
2024-10-30 13:36:19,769 [WARN] IP:2191 - I2C_Coeff_DF not found: check if there is a RefParameter without a condition.
2024-10-30 13:36:19,769 [WARN] IP:2191 - Analog_Filter not found: check if there is a RefParameter without a condition.
2024-10-30 13:36:19,973 [INFO] CADModel:165 - CPN selected for project levelSTM32F103C8T6
2024-10-30 13:36:19,973 [INFO] CADModel:114 - Register for checkConnection events
2024-10-30 13:36:20,021 [INFO] OpenFileManager:363 - Restore cursor
2024-10-30 13:36:20,079 [WARN] IP:2191 - I2C_Coeff_DF not found: check if there is a RefParameter without a condition.
2024-10-30 13:36:20,079 [WARN] IP:2191 - Analog_Filter not found: check if there is a RefParameter without a condition.
2024-10-30 13:36:20,080 [WARN] IP:2191 - I2C_Coeff_DF not found: check if there is a RefParameter without a condition.
2024-10-30 13:36:20,080 [WARN] IP:2191 - Analog_Filter not found: check if there is a RefParameter without a condition.
2024-10-30 13:46:13,281 [ERROR] LogOutputStream:75 - [STDERR_REDIRECT] 
2024-10-30 13:46:56,902 [INFO] Activator:176 - 


2024-10-30 13:46:56,904 [INFO] Activator:177 - !SESSION log4j initialized
2024-10-30 13:47:02,421 [INFO] LogOutputStream:77 - [STDOUT_REDIRECT] 
2024-10-30 13:47:03,488 [INFO] ApplicationProperties:184 - Using Application install path: C:\ST\STM32CubeIDE_1.16.1\STM32CubeIDE\plugins\com.st.stm32cube.common.mx_6.12.1.202409122256
2024-10-30 13:47:03,502 [INFO] DbMcusXml:78 - Set database path to: C:\ST\STM32CubeIDE_1.16.1\STM32CubeIDE\plugins\com.st.stm32cube.common.mx_6.12.1.202409122256\\db\/mcu/
2024-10-30 13:47:03,502 [INFO] ApiDb:274 - Set plugin database path to: C:\ST\STM32CubeIDE_1.16.1\STM32CubeIDE\plugins\com.st.stm32cube.common.mx_6.12.1.202409122256\\db\/plugins/boardmanager/
2024-10-30 13:47:03,502 [WARN] ApiDb:259 - Overriding images path with different value:  => C:\ST\STM32CubeIDE_1.16.1\STM32CubeIDE\plugins\com.st.stm32cube.common.mx_6.12.1.202409122256\\db\/plugins/mcufinder/images/
2024-10-30 13:47:03,517 [INFO] ApiDb:250 - Set database path to: C:\Users\OS\.stmcufinder\plugins\mcufinder//mcu/
2024-10-30 13:47:03,518 [INFO] DbMcusAds:125 - Set database path to: C:\Users\OS\.stmcufinder\plugins\mcufinder//mcu/
2024-10-30 13:47:03,521 [INFO] CrossReferenceDbSqlite:203 - Set database path to: C:\Users\OS\.stmcufinder\plugins\mcufinder//mcu/cs/
2024-10-30 13:47:03,616 [INFO] RulesReader:64 - Compatibility file has been processed (297 Rules)
2024-10-30 13:47:03,683 [INFO] DbMcusXml:78 - Set database path to: C:\ST\STM32CubeIDE_1.16.1\STM32CubeIDE\plugins\com.st.stm32cube.common.mx_6.12.1.202409122256\\db\/mcu/
2024-10-30 13:47:03,683 [INFO] ApiDb:274 - Set plugin database path to: C:\ST\STM32CubeIDE_1.16.1\STM32CubeIDE\plugins\com.st.stm32cube.common.mx_6.12.1.202409122256\\db\/plugins/boardmanager/
2024-10-30 13:47:03,683 [INFO] ApiDb:261 - Set plugin images path to: C:\ST\STM32CubeIDE_1.16.1\STM32CubeIDE\plugins\com.st.stm32cube.common.mx_6.12.1.202409122256\\db\/plugins/mcufinder/images/
2024-10-30 13:47:03,684 [WARN] DbFile:41 - Overriding database path with different value: C:\Users\OS\.stmcufinder\plugins\mcufinder/ => C:\Users\OS\.stmcufinder\plugins\mcufinder
2024-10-30 13:47:03,684 [INFO] ApiDb:250 - Set database path to: C:\Users\OS\.stmcufinder\plugins\mcufinder//mcu/
2024-10-30 13:47:03,684 [WARN] DbFile:41 - Overriding database path with different value: C:\Users\OS\.stmcufinder\plugins\mcufinder/ => C:\Users\OS\.stmcufinder\plugins\mcufinder
2024-10-30 13:47:03,684 [INFO] DbMcusAds:125 - Set database path to: C:\Users\OS\.stmcufinder\plugins\mcufinder//mcu/
2024-10-30 13:47:03,684 [WARN] DbFile:41 - Overriding database path with different value: C:\Users\OS\.stmcufinder\plugins\mcufinder/ => C:\Users\OS\.stmcufinder\plugins\mcufinder
2024-10-30 13:47:03,684 [WARN] DbFile:41 - Overriding database path with different value: C:\Users\OS\.stmcufinder\plugins\mcufinder/ => C:\Users\OS\.stmcufinder\plugins\mcufinder
2024-10-30 13:47:03,684 [INFO] CrossReferenceDbSqlite:203 - Set database path to: C:\Users\OS\.stmcufinder\plugins\mcufinder//mcu/cs/
2024-10-30 13:47:03,751 [INFO] MainPanel:268 - HeapMemory: 268435456
2024-10-30 13:47:03,843 [INFO] DbMcusXml:78 - Set database path to: C:\ST\STM32CubeIDE_1.16.1\STM32CubeIDE\plugins\com.st.stm32cube.common.mx_6.12.1.202409122256\\db\/mcu/
2024-10-30 13:47:03,844 [INFO] ApiDb:274 - Set plugin database path to: C:\ST\STM32CubeIDE_1.16.1\STM32CubeIDE\plugins\com.st.stm32cube.common.mx_6.12.1.202409122256\\db\/plugins/boardmanager/
2024-10-30 13:47:03,844 [INFO] ApiDb:261 - Set plugin images path to: C:\ST\STM32CubeIDE_1.16.1\STM32CubeIDE\plugins\com.st.stm32cube.common.mx_6.12.1.202409122256\\db\/plugins/mcufinder/images/
2024-10-30 13:47:03,844 [WARN] DbFile:41 - Overriding database path with different value: C:\Users\OS\.stmcufinder\plugins\mcufinder/ => C:\Users\OS\.stmcufinder\plugins\mcufinder
2024-10-30 13:47:03,844 [INFO] ApiDb:250 - Set database path to: C:\Users\OS\.stmcufinder\plugins\mcufinder//mcu/
2024-10-30 13:47:03,844 [WARN] DbFile:41 - Overriding database path with different value: C:\Users\OS\.stmcufinder\plugins\mcufinder/ => C:\Users\OS\.stmcufinder\plugins\mcufinder
2024-10-30 13:47:03,844 [INFO] DbMcusAds:125 - Set database path to: C:\Users\OS\.stmcufinder\plugins\mcufinder//mcu/
2024-10-30 13:47:03,844 [WARN] DbFile:41 - Overriding database path with different value: C:\Users\OS\.stmcufinder\plugins\mcufinder/ => C:\Users\OS\.stmcufinder\plugins\mcufinder
2024-10-30 13:47:03,844 [WARN] DbFile:41 - Overriding database path with different value: C:\Users\OS\.stmcufinder\plugins\mcufinder/ => C:\Users\OS\.stmcufinder\plugins\mcufinder
2024-10-30 13:47:03,844 [INFO] CrossReferenceDbSqlite:203 - Set database path to: C:\Users\OS\.stmcufinder\plugins\mcufinder//mcu/cs/
2024-10-30 13:47:03,858 [INFO] ApplicationProperties:184 - Using Application install path: C:\ST\STM32CubeIDE_1.16.1\STM32CubeIDE\plugins\com.st.stm32cube.common.mx_6.12.1.202409122256
2024-10-30 13:47:03,859 [INFO] PluginManage:196 - Search for loadable plugins [exclusion list=, ]
2024-10-30 13:47:03,861 [INFO] PluginManage:310 - Check plugin analytics
2024-10-30 13:47:03,985 [INFO] AnalyticsPlugin:253 - Accepted Software Licenses: 
2024-10-30 13:47:03,985 [INFO] AnalyticsPlugin:255 - Accepted CMSIS Pack Licenses: 
2024-10-30 13:47:03,985 [INFO] AnalyticsPlugin:257 - Accepted Firmware Licenses: 
2024-10-30 13:47:03,988 [INFO] PluginManage:359 - Loaded plugin analytics (category:tool,tabindex:-1)
2024-10-30 13:47:03,988 [INFO] PluginManage:310 - Check plugin cadmodel
2024-10-30 13:47:04,001 [INFO] CADModel:105 - Init CAD model plugin
2024-10-30 13:47:04,001 [INFO] PluginManage:359 - Loaded plugin cadmodel (category:power,tabindex:5)
2024-10-30 13:47:04,001 [INFO] PluginManage:310 - Check plugin clock
2024-10-30 13:47:04,020 [INFO] PluginManage:359 - Loaded plugin clock (category:base,tabindex:2)
2024-10-30 13:47:04,020 [INFO] PluginManage:310 - Check plugin ddr
2024-10-30 13:47:04,022 [INFO] PluginManage:359 - Loaded plugin ddr (category:tool,tabindex:6)
2024-10-30 13:47:04,022 [INFO] PluginManage:310 - Check plugin filemanager
2024-10-30 13:47:04,161 [INFO] PluginManage:359 - Loaded plugin filemanager (category:base,tabindex:10)
2024-10-30 13:47:04,161 [INFO] PluginManage:310 - Check plugin ipmanager
2024-10-30 13:47:04,167 [INFO] PluginManage:359 - Loaded plugin ipmanager (category:base,tabindex:5)
2024-10-30 13:47:04,168 [INFO] PluginManage:310 - Check plugin lpbam
2024-10-30 13:47:04,183 [INFO] PluginManage:359 - Loaded plugin lpbam (category:base,tabindex:0)
2024-10-30 13:47:04,183 [INFO] PluginManage:310 - Check plugin memorymap
2024-10-30 13:47:04,204 [INFO] PluginManage:359 - Loaded plugin memorymap (category:base,tabindex:4)
2024-10-30 13:47:04,204 [INFO] PluginManage:310 - Check plugin pinoutandconfiguration
2024-10-30 13:47:04,219 [INFO] PluginManage:359 - Loaded plugin pinoutandconfiguration (category:base,tabindex:1)
2024-10-30 13:47:04,219 [INFO] PluginManage:310 - Check plugin pinoutconfig
2024-10-30 13:47:04,303 [WARN] SupportedApi:132 - Cannot load RTOS API schema: s4s-elt-must-match.1: The content of 'definitions' must match (annotation?, (simpleType | complexType)?, (unique | key | keyref)*)). A problem was found starting at: attribute.
2024-10-30 13:47:04,464 [INFO] PluginManage:359 - Loaded plugin pinoutconfig (category:base,tabindex:0)
2024-10-30 13:47:04,464 [INFO] PluginManage:310 - Check plugin power
2024-10-30 13:47:04,484 [INFO] PluginManage:359 - Loaded plugin power (category:power,tabindex:4)
2024-10-30 13:47:04,484 [INFO] PluginManage:310 - Check plugin projectmanager
2024-10-30 13:47:04,501 [INFO] PluginManage:359 - Loaded plugin projectmanager (category:projectmanager,tabindex:4)
2024-10-30 13:47:04,501 [INFO] PluginManage:310 - Check plugin rif
2024-10-30 13:47:04,518 [INFO] PluginManage:359 - Loaded plugin rif (category:base,tabindex:3)
2024-10-30 13:47:04,519 [INFO] PluginManage:310 - Check plugin thirdparty
2024-10-30 13:47:04,824 [INFO] PluginManage:359 - Loaded plugin thirdparty (category:base,tabindex:-1)
2024-10-30 13:47:04,824 [WARN] IntegrityCheckThread:84 - waiting for thirdparty lock release [integrity check]
2024-10-30 13:47:04,824 [INFO] PluginManage:310 - Check plugin tools
2024-10-30 13:47:04,824 [INFO] IntegrityCheckThread:86 - entering critical section [integrity check]
2024-10-30 13:47:04,824 [INFO] ThirdPartyUpdaterWithRetryManager:70 - Updater plugin not ready yet. [1/15]
2024-10-30 13:47:04,865 [INFO] PluginManage:359 - Loaded plugin tools (category:base,tabindex:7)
2024-10-30 13:47:04,866 [INFO] PluginManage:310 - Check plugin tutovideos
2024-10-30 13:47:05,077 [INFO] PluginManage:359 - Loaded plugin tutovideos (category:base,tabindex:-1)
2024-10-30 13:47:05,077 [INFO] PluginManage:310 - Check plugin updater
2024-10-30 13:47:05,096 [INFO] PluginManage:359 - Loaded plugin updater (category:base,tabindex:12)
2024-10-30 13:47:05,096 [INFO] PluginManage:310 - Check plugin userauth
2024-10-30 13:47:05,103 [INFO] UserAuth:113 - Init User Auth plugin
2024-10-30 13:47:05,103 [INFO] PluginManage:359 - Loaded plugin userauth (category:base,tabindex:14)
2024-10-30 13:47:05,103 [INFO] PluginManage:283 - PluginManage : Loaded plugins [18]
2024-10-30 13:47:05,291 [INFO] PinOutPanel:1561 - setPackage(No Configuration,No Configuration)
2024-10-30 13:47:05,364 [INFO] CADModel:165 - CPN selected for project level
2024-10-30 13:47:05,365 [INFO] CADModel:114 - Register for checkConnection events
2024-10-30 13:47:05,397 [INFO] IPUIPlugin:80 - create IPUIPlugin
2024-10-30 13:47:05,397 [INFO] PluginManager:220 - loadIPPluginJar : add adc
2024-10-30 13:47:05,448 [INFO] IPUIPlugin:80 - create IPUIPlugin
2024-10-30 13:47:05,448 [INFO] PluginManager:220 - loadIPPluginJar : add aes
2024-10-30 13:47:05,500 [INFO] IPUIPlugin:80 - create IPUIPlugin
2024-10-30 13:47:05,500 [INFO] PluginManager:220 - loadIPPluginJar : add can
2024-10-30 13:47:05,522 [INFO] IPUIPlugin:80 - create IPUIPlugin
2024-10-30 13:47:05,522 [INFO] PluginManager:220 - loadIPPluginJar : add comp
2024-10-30 13:47:05,550 [INFO] IPUIPlugin:80 - create IPUIPlugin
2024-10-30 13:47:05,550 [INFO] PluginManager:220 - loadIPPluginJar : add cryp
2024-10-30 13:47:05,559 [INFO] IPUIPlugin:80 - create IPUIPlugin
2024-10-30 13:47:05,559 [INFO] PluginManager:220 - loadIPPluginJar : add ddr_ctrl_phy
2024-10-30 13:47:05,584 [INFO] IPUIPlugin:80 - create IPUIPlugin
2024-10-30 13:47:05,584 [INFO] PluginManager:220 - loadIPPluginJar : add dfsdm
2024-10-30 13:47:05,595 [INFO] IPUIPlugin:80 - create IPUIPlugin
2024-10-30 13:47:05,595 [INFO] PluginManager:220 - loadIPPluginJar : add dma
2024-10-30 13:47:05,630 [INFO] IPUIPlugin:80 - create IPUIPlugin
2024-10-30 13:47:05,630 [INFO] PluginManager:220 - loadIPPluginJar : add dma3
2024-10-30 13:47:05,675 [INFO] IPUIPlugin:80 - create IPUIPlugin
2024-10-30 13:47:05,675 [INFO] PluginManager:220 - loadIPPluginJar : add extmemmanager
2024-10-30 13:47:05,694 [INFO] IPUIPlugin:80 - create IPUIPlugin
2024-10-30 13:47:05,694 [INFO] PluginManager:220 - loadIPPluginJar : add fatfs
2024-10-30 13:47:05,734 [INFO] IPUIPlugin:80 - create IPUIPlugin
2024-10-30 13:47:05,735 [INFO] PluginManager:220 - loadIPPluginJar : add fmc
2024-10-30 13:47:05,746 [INFO] IPUIPlugin:80 - create IPUIPlugin
2024-10-30 13:47:05,747 [INFO] PluginManager:220 - loadIPPluginJar : add freertos
2024-10-30 13:47:05,765 [INFO] IPUIPlugin:80 - create IPUIPlugin
2024-10-30 13:47:05,765 [INFO] PluginManager:220 - loadIPPluginJar : add genericplugin
2024-10-30 13:47:05,852 [INFO] IPUIPlugin:80 - create IPUIPlugin
2024-10-30 13:47:05,852 [INFO] PluginManager:220 - loadIPPluginJar : add gfxmmu
2024-10-30 13:47:05,968 [INFO] IPUIPlugin:80 - create IPUIPlugin
2024-10-30 13:47:05,968 [INFO] PluginManager:220 - loadIPPluginJar : add gic
2024-10-30 13:47:05,980 [INFO] IPUIPlugin:80 - create IPUIPlugin
2024-10-30 13:47:05,980 [INFO] PluginManager:220 - loadIPPluginJar : add gpio
2024-10-30 13:47:06,063 [INFO] IPUIPlugin:80 - create IPUIPlugin
2024-10-30 13:47:06,063 [INFO] PluginManager:220 - loadIPPluginJar : add gtzc
2024-10-30 13:47:06,088 [INFO] IPUIPlugin:80 - create IPUIPlugin
2024-10-30 13:47:06,088 [INFO] PluginManager:220 - loadIPPluginJar : add hash
2024-10-30 13:47:06,126 [INFO] IPUIPlugin:80 - create IPUIPlugin
2024-10-30 13:47:06,126 [INFO] PluginManager:220 - loadIPPluginJar : add i2c
2024-10-30 13:47:06,156 [INFO] IPUIPlugin:80 - create IPUIPlugin
2024-10-30 13:47:06,156 [INFO] PluginManager:220 - loadIPPluginJar : add i2s
2024-10-30 13:47:06,197 [INFO] IPUIPlugin:80 - create IPUIPlugin
2024-10-30 13:47:06,197 [INFO] PluginManager:220 - loadIPPluginJar : add i3c
2024-10-30 13:47:06,291 [INFO] IPUIPlugin:80 - create IPUIPlugin
2024-10-30 13:47:06,291 [INFO] PluginManager:220 - loadIPPluginJar : add ipddr
2024-10-30 13:47:06,366 [INFO] IPUIPlugin:80 - create IPUIPlugin
2024-10-30 13:47:06,366 [INFO] PluginManager:220 - loadIPPluginJar : add linkedlist
2024-10-30 13:47:06,392 [INFO] IPUIPlugin:80 - create IPUIPlugin
2024-10-30 13:47:06,392 [INFO] PluginManager:220 - loadIPPluginJar : add lorawan
2024-10-30 13:47:06,425 [INFO] IPUIPlugin:80 - create IPUIPlugin
2024-10-30 13:47:06,425 [INFO] PluginManager:220 - loadIPPluginJar : add ltdc
2024-10-30 13:47:06,436 [INFO] IPUIPlugin:80 - create IPUIPlugin
2024-10-30 13:47:06,437 [INFO] PluginManager:220 - loadIPPluginJar : add mdma
2024-10-30 13:47:06,446 [INFO] IPUIPlugin:80 - create IPUIPlugin
2024-10-30 13:47:06,446 [INFO] PluginManager:220 - loadIPPluginJar : add nvic
2024-10-30 13:47:06,476 [INFO] IPUIPlugin:80 - create IPUIPlugin
2024-10-30 13:47:06,476 [INFO] PluginManager:220 - loadIPPluginJar : add opamp
2024-10-30 13:47:06,522 [INFO] IPUIPlugin:80 - create IPUIPlugin
2024-10-30 13:47:06,522 [INFO] PluginManager:220 - loadIPPluginJar : add openamp
2024-10-30 13:47:06,570 [INFO] IPUIPlugin:80 - create IPUIPlugin
2024-10-30 13:47:06,570 [INFO] PluginManager:220 - loadIPPluginJar : add pdm2pcm
2024-10-30 13:47:06,582 [INFO] IPUIPlugin:80 - create IPUIPlugin
2024-10-30 13:47:06,583 [INFO] PluginManager:220 - loadIPPluginJar : add plateformsettings
2024-10-30 13:47:06,599 [INFO] IPUIPlugin:80 - create IPUIPlugin
2024-10-30 13:47:06,599 [INFO] PluginManager:220 - loadIPPluginJar : add quadspi
2024-10-30 13:47:06,617 [INFO] IPUIPlugin:80 - create IPUIPlugin
2024-10-30 13:47:06,618 [INFO] PluginManager:220 - loadIPPluginJar : add radio
2024-10-30 13:47:06,628 [INFO] IPUIPlugin:80 - create IPUIPlugin
2024-10-30 13:47:06,628 [INFO] PluginManager:220 - loadIPPluginJar : add resmgrutility
2024-10-30 13:47:06,667 [INFO] IPUIPlugin:80 - create IPUIPlugin
2024-10-30 13:47:06,667 [INFO] PluginManager:220 - loadIPPluginJar : add sai
2024-10-30 13:47:06,706 [INFO] IPUIPlugin:80 - create IPUIPlugin
2024-10-30 13:47:06,706 [INFO] PluginManager:220 - loadIPPluginJar : add spi
2024-10-30 13:47:06,774 [INFO] IPUIPlugin:80 - create IPUIPlugin
2024-10-30 13:47:06,774 [INFO] PluginManager:220 - loadIPPluginJar : add stm32_wpan
2024-10-30 13:47:06,795 [INFO] IPUIPlugin:80 - create IPUIPlugin
2024-10-30 13:47:06,795 [INFO] PluginManager:220 - loadIPPluginJar : add tim
2024-10-30 13:47:06,845 [INFO] IPUIPlugin:80 - create IPUIPlugin
2024-10-30 13:47:06,845 [INFO] PluginManager:220 - loadIPPluginJar : add touchsensing
2024-10-30 13:47:06,864 [INFO] IPUIPlugin:80 - create IPUIPlugin
2024-10-30 13:47:06,865 [INFO] PluginManager:220 - loadIPPluginJar : add tracer_emb
2024-10-30 13:47:06,886 [INFO] IPUIPlugin:80 - create IPUIPlugin
2024-10-30 13:47:06,886 [INFO] PluginManager:220 - loadIPPluginJar : add ts
2024-10-30 13:47:06,903 [INFO] IPUIPlugin:80 - create IPUIPlugin
2024-10-30 13:47:06,903 [INFO] PluginManager:220 - loadIPPluginJar : add tsc
2024-10-30 13:47:06,921 [INFO] IPUIPlugin:80 - create IPUIPlugin
2024-10-30 13:47:06,921 [INFO] PluginManager:220 - loadIPPluginJar : add ucpd
2024-10-30 13:47:06,958 [INFO] IPUIPlugin:80 - create IPUIPlugin
2024-10-30 13:47:06,958 [INFO] PluginManager:220 - loadIPPluginJar : add usart
2024-10-30 13:47:06,998 [INFO] IPUIPlugin:80 - create IPUIPlugin
2024-10-30 13:47:06,998 [INFO] PluginManager:220 - loadIPPluginJar : add usbx
2024-10-30 13:47:07,115 [INFO] CADModel:165 - CPN selected for project level
2024-10-30 13:47:07,115 [INFO] CADModel:114 - Register for checkConnection events
2024-10-30 13:47:07,115 [FATAL] Updater:334 - Updater called before beeing initialized
2024-10-30 13:47:07,116 [ERROR] CADModel:125 - Updater not yet initialized, retry later 
2024-10-30 13:47:07,229 [INFO] CADModel:165 - CPN selected for project level
2024-10-30 13:47:07,229 [INFO] CADModel:114 - Register for checkConnection events
2024-10-30 13:47:07,229 [FATAL] Updater:334 - Updater called before beeing initialized
2024-10-30 13:47:07,230 [ERROR] CADModel:125 - Updater not yet initialized, retry later 
2024-10-30 13:47:07,231 [FATAL] Updater:334 - Updater called before beeing initialized
2024-10-30 13:47:07,309 [FATAL] Updater:334 - Updater called before beeing initialized
2024-10-30 13:47:07,316 [INFO] DbMcusAds:53 - JSON generation date=Fri Sep 20 20:04:38 ICT 2024 (1726837478367)
2024-10-30 13:47:07,316 [FATAL] Updater:334 - Updater called before beeing initialized
2024-10-30 13:47:07,349 [WARN] DetailPanel:346 - Failed to get advertising image, set to default
2024-10-30 13:47:07,432 [FATAL] Updater:334 - Updater called before beeing initialized
2024-10-30 13:47:07,433 [FATAL] Updater:334 - Updater called before beeing initialized
2024-10-30 13:47:07,434 [FATAL] Updater:334 - Updater called before beeing initialized
2024-10-30 13:47:07,434 [WARN] DetailPanel:346 - Failed to get advertising image, set to default
2024-10-30 13:47:07,435 [FATAL] Updater:334 - Updater called before beeing initialized
2024-10-30 13:47:07,496 [ERROR] Updater:1164 - MainUpdater not yet initialized. External WinMGr cannot be set.
2024-10-30 13:47:07,507 [INFO] Updater:1100 - Updater Version found : 6.12.1
2024-10-30 13:47:07,522 [INFO] ApplicationProperties:184 - Using Application install path: C:\ST\STM32CubeIDE_1.16.1\STM32CubeIDE\plugins\com.st.stm32cube.common.mx_6.12.1.202409122256
2024-10-30 13:47:07,827 [INFO] ThirdPartyUpdaterWithRetryManager:70 - Updater plugin not ready yet. [2/15]
2024-10-30 13:47:07,830 [INFO] MainUpdater:2873 - connection check result : 10
2024-10-30 13:47:07,830 [INFO] MainUpdater:290 - Updater Check For Update Now.
2024-10-30 13:47:07,831 [INFO] MicroXplorer:498 - Change Database Version : DB.6.0.121
2024-10-30 13:47:07,843 [INFO] McuFinderGlobals:63 - Set McuFinder mode to 2 (CubeIDE integrated)
2024-10-30 13:47:07,850 [INFO] UserAuth:417 - Internet connection configuration mode: 1
2024-10-30 13:47:07,871 [INFO] JxBrowserEngine:152 - Initiate JxBrowser Engine with user profile folder
2024-10-30 13:47:08,053 [INFO] CheckServerUpdateThread:120 - End of CheckServer Thread
2024-10-30 13:47:10,900 [INFO] ThirdParty:978 - Integrity check success = true
2024-10-30 13:47:10,900 [INFO] IntegrityCheckThread:100 - exiting critical section [integrity check]
2024-10-30 13:47:10,900 [INFO] IntegrityCheckThread:103 - End integrity checks thread
2024-10-30 13:47:12,273 [INFO] WebApp:167 - Instantiating new browser for Auth
2024-10-30 13:47:13,011 [INFO] WebApp:448 - Apply proxy settings
2024-10-30 13:47:13,011 [INFO] WebApp:533 - Chromium requires no authentication
2024-10-30 13:47:13,028 [INFO] WebApp:476 - Direct internet connection detected
2024-10-30 13:47:13,062 [INFO] WebApp:869 - Register for checkConnection events
2024-10-30 13:47:13,062 [INFO] WebApp:448 - Apply proxy settings
2024-10-30 13:47:13,062 [INFO] WebApp:533 - Chromium requires no authentication
2024-10-30 13:47:13,063 [INFO] WebApp:476 - Direct internet connection detected
2024-10-30 13:47:13,249 [INFO] WebApp:220 - Starting web application
2024-10-30 13:47:13,249 [INFO] WebApp:578 - Web application path used C:\ST\STM32CubeIDE_1.16.1\STM32CubeIDE\plugins\com.st.stm32cube.common.mx_6.12.1.202409122256\db\plugins\mcufinder\reactClient1\index.html
2024-10-30 13:47:13,414 [INFO] UserAuth:417 - Internet connection configuration mode: 1
2024-10-30 13:47:13,736 [INFO] WebApp:186 - Connection restablished
2024-10-30 14:16:57,618 [INFO] WebApp:189 - Connection lost
2024-10-30 14:16:58,953 [INFO] WebApp:186 - Connection restablished
2024-10-30 14:21:27,772 [ERROR] LogOutputStream:75 - [STDERR_REDIRECT] 
