2025-04-29 13:56:33,627 [INFO] Activator:176 - 


2025-04-29 13:56:33,632 [INFO] Activator:177 - !SESSION log4j initialized
2025-04-29 13:56:40,037 [INFO] LogOutputStream:77 - [STDOUT_REDIRECT] 
2025-04-29 13:56:44,220 [INFO] ApplicationProperties:184 - Using Application install path: C:\ST\STM32CubeIDE_1.16.1\STM32CubeIDE\plugins\com.st.stm32cube.common.mx_6.13.0.202411220809
2025-04-29 13:56:44,237 [INFO] DbMcusXml:78 - Set database path to: C:\ST\STM32CubeIDE_1.16.1\STM32CubeIDE\plugins\com.st.stm32cube.common.mx_6.13.0.202411220809\\db\/mcu/
2025-04-29 13:56:44,238 [INFO] ApiDb:274 - Set plugin database path to: C:\ST\STM32CubeIDE_1.16.1\STM32CubeIDE\plugins\com.st.stm32cube.common.mx_6.13.0.202411220809\\db\/plugins/boardmanager/
2025-04-29 13:56:44,238 [WARN] ApiDb:259 - Overriding images path with different value:  => C:\ST\STM32CubeIDE_1.16.1\STM32CubeIDE\plugins\com.st.stm32cube.common.mx_6.13.0.202411220809\\db\/plugins/mcufinder/images/
2025-04-29 13:56:44,254 [INFO] ApiDb:250 - Set database path to: C:\Users\OS\.stmcufinder\plugins\mcufinder//mcu/
2025-04-29 13:56:44,256 [INFO] DbMcusAds:125 - Set database path to: C:\Users\OS\.stmcufinder\plugins\mcufinder//mcu/
2025-04-29 13:56:45,254 [INFO] CrossReferenceDbSqlite:203 - Set database path to: C:\Users\OS\.stmcufinder\plugins\mcufinder//mcu/cs/
2025-04-29 13:56:45,437 [INFO] RulesReader:64 - Compatibility file has been processed (297 Rules)
2025-04-29 13:56:45,544 [INFO] DbMcusXml:78 - Set database path to: C:\ST\STM32CubeIDE_1.16.1\STM32CubeIDE\plugins\com.st.stm32cube.common.mx_6.13.0.202411220809\\db\/mcu/
2025-04-29 13:56:45,544 [INFO] ApiDb:274 - Set plugin database path to: C:\ST\STM32CubeIDE_1.16.1\STM32CubeIDE\plugins\com.st.stm32cube.common.mx_6.13.0.202411220809\\db\/plugins/boardmanager/
2025-04-29 13:56:45,545 [INFO] ApiDb:261 - Set plugin images path to: C:\ST\STM32CubeIDE_1.16.1\STM32CubeIDE\plugins\com.st.stm32cube.common.mx_6.13.0.202411220809\\db\/plugins/mcufinder/images/
2025-04-29 13:56:45,545 [WARN] DbFile:41 - Overriding database path with different value: C:\Users\OS\.stmcufinder\plugins\mcufinder/ => C:\Users\OS\.stmcufinder\plugins\mcufinder
2025-04-29 13:56:45,545 [INFO] ApiDb:250 - Set database path to: C:\Users\OS\.stmcufinder\plugins\mcufinder//mcu/
2025-04-29 13:56:45,545 [WARN] DbFile:41 - Overriding database path with different value: C:\Users\OS\.stmcufinder\plugins\mcufinder/ => C:\Users\OS\.stmcufinder\plugins\mcufinder
2025-04-29 13:56:45,545 [INFO] DbMcusAds:125 - Set database path to: C:\Users\OS\.stmcufinder\plugins\mcufinder//mcu/
2025-04-29 13:56:45,545 [WARN] DbFile:41 - Overriding database path with different value: C:\Users\OS\.stmcufinder\plugins\mcufinder/ => C:\Users\OS\.stmcufinder\plugins\mcufinder
2025-04-29 13:56:45,545 [WARN] DbFile:41 - Overriding database path with different value: C:\Users\OS\.stmcufinder\plugins\mcufinder/ => C:\Users\OS\.stmcufinder\plugins\mcufinder
2025-04-29 13:56:46,267 [INFO] CrossReferenceDbSqlite:203 - Set database path to: C:\Users\OS\.stmcufinder\plugins\mcufinder//mcu/cs/
2025-04-29 13:56:46,358 [INFO] MainPanel:272 - HeapMemory: 268435456
2025-04-29 13:56:46,483 [INFO] DbMcusXml:78 - Set database path to: C:\ST\STM32CubeIDE_1.16.1\STM32CubeIDE\plugins\com.st.stm32cube.common.mx_6.13.0.202411220809\\db\/mcu/
2025-04-29 13:56:46,483 [INFO] ApiDb:274 - Set plugin database path to: C:\ST\STM32CubeIDE_1.16.1\STM32CubeIDE\plugins\com.st.stm32cube.common.mx_6.13.0.202411220809\\db\/plugins/boardmanager/
2025-04-29 13:56:46,483 [INFO] ApiDb:261 - Set plugin images path to: C:\ST\STM32CubeIDE_1.16.1\STM32CubeIDE\plugins\com.st.stm32cube.common.mx_6.13.0.202411220809\\db\/plugins/mcufinder/images/
2025-04-29 13:56:46,483 [WARN] DbFile:41 - Overriding database path with different value: C:\Users\OS\.stmcufinder\plugins\mcufinder/ => C:\Users\OS\.stmcufinder\plugins\mcufinder
2025-04-29 13:56:46,483 [INFO] ApiDb:250 - Set database path to: C:\Users\OS\.stmcufinder\plugins\mcufinder//mcu/
2025-04-29 13:56:46,483 [WARN] DbFile:41 - Overriding database path with different value: C:\Users\OS\.stmcufinder\plugins\mcufinder/ => C:\Users\OS\.stmcufinder\plugins\mcufinder
2025-04-29 13:56:46,485 [INFO] DbMcusAds:125 - Set database path to: C:\Users\OS\.stmcufinder\plugins\mcufinder//mcu/
2025-04-29 13:56:46,485 [WARN] DbFile:41 - Overriding database path with different value: C:\Users\OS\.stmcufinder\plugins\mcufinder/ => C:\Users\OS\.stmcufinder\plugins\mcufinder
2025-04-29 13:56:46,485 [WARN] DbFile:41 - Overriding database path with different value: C:\Users\OS\.stmcufinder\plugins\mcufinder/ => C:\Users\OS\.stmcufinder\plugins\mcufinder
2025-04-29 13:56:47,260 [INFO] CrossReferenceDbSqlite:203 - Set database path to: C:\Users\OS\.stmcufinder\plugins\mcufinder//mcu/cs/
2025-04-29 13:56:47,281 [INFO] ApplicationProperties:184 - Using Application install path: C:\ST\STM32CubeIDE_1.16.1\STM32CubeIDE\plugins\com.st.stm32cube.common.mx_6.13.0.202411220809
2025-04-29 13:56:47,283 [INFO] PluginManage:196 - Search for loadable plugins [exclusion list=, ]
2025-04-29 13:56:47,285 [INFO] PluginManage:310 - Check plugin analytics
2025-04-29 13:56:48,336 [INFO] AnalyticsPlugin:253 - Accepted Software Licenses: 
2025-04-29 13:56:48,337 [INFO] AnalyticsPlugin:255 - Accepted CMSIS Pack Licenses: 
2025-04-29 13:56:48,337 [INFO] AnalyticsPlugin:257 - Accepted Firmware Licenses: 
2025-04-29 13:56:48,339 [INFO] PluginManage:359 - Loaded plugin analytics (category:tool,tabindex:-1)
2025-04-29 13:56:48,340 [INFO] PluginManage:310 - Check plugin cadmodel
2025-04-29 13:56:48,361 [INFO] CADModel:105 - Init CAD model plugin
2025-04-29 13:56:48,361 [INFO] PluginManage:359 - Loaded plugin cadmodel (category:power,tabindex:5)
2025-04-29 13:56:48,361 [INFO] PluginManage:310 - Check plugin clock
2025-04-29 13:56:48,383 [INFO] PluginManage:359 - Loaded plugin clock (category:base,tabindex:2)
2025-04-29 13:56:48,384 [INFO] PluginManage:310 - Check plugin ddr
2025-04-29 13:56:48,387 [INFO] PluginManage:359 - Loaded plugin ddr (category:tool,tabindex:6)
2025-04-29 13:56:48,387 [INFO] PluginManage:310 - Check plugin filemanager
2025-04-29 13:56:48,528 [INFO] PluginManage:359 - Loaded plugin filemanager (category:base,tabindex:10)
2025-04-29 13:56:48,528 [INFO] PluginManage:310 - Check plugin ipmanager
2025-04-29 13:56:48,535 [INFO] PluginManage:359 - Loaded plugin ipmanager (category:base,tabindex:5)
2025-04-29 13:56:48,537 [INFO] PluginManage:310 - Check plugin lpbam
2025-04-29 13:56:48,558 [INFO] PluginManage:359 - Loaded plugin lpbam (category:base,tabindex:0)
2025-04-29 13:56:48,558 [INFO] PluginManage:310 - Check plugin memorymap
2025-04-29 13:56:48,586 [INFO] PluginManage:359 - Loaded plugin memorymap (category:base,tabindex:4)
2025-04-29 13:56:48,586 [INFO] PluginManage:310 - Check plugin pinoutandconfiguration
2025-04-29 13:56:48,608 [INFO] PluginManage:359 - Loaded plugin pinoutandconfiguration (category:base,tabindex:1)
2025-04-29 13:56:48,608 [INFO] PluginManage:310 - Check plugin pinoutconfig
2025-04-29 13:56:48,716 [WARN] SupportedApi:132 - Cannot load RTOS API schema: s4s-elt-must-match.1: The content of 'definitions' must match (annotation?, (simpleType | complexType)?, (unique | key | keyref)*)). A problem was found starting at: attribute.
2025-04-29 13:56:48,855 [INFO] PluginManage:359 - Loaded plugin pinoutconfig (category:base,tabindex:0)
2025-04-29 13:56:48,855 [INFO] PluginManage:310 - Check plugin power
2025-04-29 13:56:48,883 [INFO] PluginManage:359 - Loaded plugin power (category:power,tabindex:4)
2025-04-29 13:56:48,884 [INFO] PluginManage:310 - Check plugin projectmanager
2025-04-29 13:56:48,897 [INFO] PluginManage:359 - Loaded plugin projectmanager (category:projectmanager,tabindex:4)
2025-04-29 13:56:48,899 [INFO] PluginManage:310 - Check plugin rif
2025-04-29 13:56:48,920 [INFO] PluginManage:359 - Loaded plugin rif (category:base,tabindex:3)
2025-04-29 13:56:48,920 [INFO] PluginManage:310 - Check plugin thirdparty
2025-04-29 13:56:49,233 [INFO] PluginManage:359 - Loaded plugin thirdparty (category:base,tabindex:-1)
2025-04-29 13:56:49,233 [WARN] IntegrityCheckThread:84 - waiting for thirdparty lock release [integrity check]
2025-04-29 13:56:49,234 [INFO] PluginManage:310 - Check plugin tools
2025-04-29 13:56:49,234 [INFO] IntegrityCheckThread:86 - entering critical section [integrity check]
2025-04-29 13:56:49,234 [INFO] ThirdPartyUpdaterWithRetryManager:70 - Updater plugin not ready yet. [1/15]
2025-04-29 13:56:49,270 [INFO] PluginManage:359 - Loaded plugin tools (category:base,tabindex:7)
2025-04-29 13:56:49,271 [INFO] PluginManage:310 - Check plugin tutovideos
2025-04-29 13:56:49,443 [INFO] PluginManage:359 - Loaded plugin tutovideos (category:base,tabindex:-1)
2025-04-29 13:56:49,443 [INFO] PluginManage:310 - Check plugin updater
2025-04-29 13:56:49,467 [INFO] PluginManage:359 - Loaded plugin updater (category:base,tabindex:12)
2025-04-29 13:56:49,468 [INFO] PluginManage:310 - Check plugin userauth
2025-04-29 13:56:49,472 [INFO] UserAuth:118 - Init User Auth plugin
2025-04-29 13:56:49,473 [INFO] PluginManage:359 - Loaded plugin userauth (category:base,tabindex:14)
2025-04-29 13:56:49,473 [INFO] PluginManage:283 - PluginManage : Loaded plugins [18]
2025-04-29 13:56:49,673 [INFO] PinOutPanel:1589 - setPackage(No Configuration,No Configuration)
2025-04-29 13:56:49,768 [INFO] CADModel:165 - CPN selected for project level
2025-04-29 13:56:49,768 [INFO] CADModel:114 - Register for checkConnection events
2025-04-29 13:56:49,804 [INFO] IPUIPlugin:80 - create IPUIPlugin
2025-04-29 13:56:49,804 [INFO] PluginManager:220 - loadIPPluginJar : add adc
2025-04-29 13:56:49,876 [INFO] IPUIPlugin:80 - create IPUIPlugin
2025-04-29 13:56:49,876 [INFO] PluginManager:220 - loadIPPluginJar : add aes
2025-04-29 13:56:49,952 [INFO] IPUIPlugin:80 - create IPUIPlugin
2025-04-29 13:56:49,953 [INFO] PluginManager:220 - loadIPPluginJar : add can
2025-04-29 13:56:49,998 [INFO] IPUIPlugin:80 - create IPUIPlugin
2025-04-29 13:56:49,998 [INFO] PluginManager:220 - loadIPPluginJar : add comp
2025-04-29 13:56:50,047 [INFO] IPUIPlugin:80 - create IPUIPlugin
2025-04-29 13:56:50,047 [INFO] PluginManager:220 - loadIPPluginJar : add cryp
2025-04-29 13:56:50,064 [INFO] IPUIPlugin:80 - create IPUIPlugin
2025-04-29 13:56:50,064 [INFO] PluginManager:220 - loadIPPluginJar : add ddr_ctrl_phy
2025-04-29 13:56:50,105 [INFO] IPUIPlugin:80 - create IPUIPlugin
2025-04-29 13:56:50,105 [INFO] PluginManager:220 - loadIPPluginJar : add dfsdm
2025-04-29 13:56:50,122 [INFO] IPUIPlugin:80 - create IPUIPlugin
2025-04-29 13:56:50,122 [INFO] PluginManager:220 - loadIPPluginJar : add dma
2025-04-29 13:56:50,175 [INFO] IPUIPlugin:80 - create IPUIPlugin
2025-04-29 13:56:50,175 [INFO] PluginManager:220 - loadIPPluginJar : add dma3
2025-04-29 13:56:50,235 [INFO] IPUIPlugin:80 - create IPUIPlugin
2025-04-29 13:56:50,235 [INFO] PluginManager:220 - loadIPPluginJar : add extmemmanager
2025-04-29 13:56:50,260 [INFO] IPUIPlugin:80 - create IPUIPlugin
2025-04-29 13:56:50,260 [INFO] PluginManager:220 - loadIPPluginJar : add fatfs
2025-04-29 13:56:50,317 [INFO] IPUIPlugin:80 - create IPUIPlugin
2025-04-29 13:56:50,317 [INFO] PluginManager:220 - loadIPPluginJar : add fmc
2025-04-29 13:56:50,336 [INFO] IPUIPlugin:80 - create IPUIPlugin
2025-04-29 13:56:50,336 [INFO] PluginManager:220 - loadIPPluginJar : add freertos
2025-04-29 13:56:50,366 [INFO] IPUIPlugin:80 - create IPUIPlugin
2025-04-29 13:56:50,366 [INFO] PluginManager:220 - loadIPPluginJar : add genericplugin
2025-04-29 13:56:50,482 [INFO] IPUIPlugin:80 - create IPUIPlugin
2025-04-29 13:56:50,482 [INFO] PluginManager:220 - loadIPPluginJar : add gfxmmu
2025-04-29 13:56:50,644 [INFO] IPUIPlugin:80 - create IPUIPlugin
2025-04-29 13:56:50,644 [INFO] PluginManager:220 - loadIPPluginJar : add gic
2025-04-29 13:56:50,662 [INFO] IPUIPlugin:80 - create IPUIPlugin
2025-04-29 13:56:50,662 [INFO] PluginManager:220 - loadIPPluginJar : add gpio
2025-04-29 13:56:50,805 [INFO] IPUIPlugin:80 - create IPUIPlugin
2025-04-29 13:56:50,806 [INFO] PluginManager:220 - loadIPPluginJar : add gtzc
2025-04-29 13:56:50,846 [INFO] IPUIPlugin:80 - create IPUIPlugin
2025-04-29 13:56:50,846 [INFO] PluginManager:220 - loadIPPluginJar : add hash
2025-04-29 13:56:50,925 [INFO] IPUIPlugin:80 - create IPUIPlugin
2025-04-29 13:56:50,925 [INFO] PluginManager:220 - loadIPPluginJar : add i2c
2025-04-29 13:56:50,980 [INFO] IPUIPlugin:80 - create IPUIPlugin
2025-04-29 13:56:50,980 [INFO] PluginManager:220 - loadIPPluginJar : add i2s
2025-04-29 13:56:51,054 [INFO] IPUIPlugin:80 - create IPUIPlugin
2025-04-29 13:56:51,054 [INFO] PluginManager:220 - loadIPPluginJar : add i3c
2025-04-29 13:56:51,176 [INFO] IPUIPlugin:80 - create IPUIPlugin
2025-04-29 13:56:51,176 [INFO] PluginManager:220 - loadIPPluginJar : add ipddr
2025-04-29 13:56:51,280 [INFO] IPUIPlugin:80 - create IPUIPlugin
2025-04-29 13:56:51,281 [INFO] PluginManager:220 - loadIPPluginJar : add linkedlist
2025-04-29 13:56:51,327 [INFO] IPUIPlugin:80 - create IPUIPlugin
2025-04-29 13:56:51,327 [INFO] PluginManager:220 - loadIPPluginJar : add lorawan
2025-04-29 13:56:51,376 [INFO] IPUIPlugin:80 - create IPUIPlugin
2025-04-29 13:56:51,376 [INFO] PluginManager:220 - loadIPPluginJar : add ltdc
2025-04-29 13:56:51,399 [INFO] IPUIPlugin:80 - create IPUIPlugin
2025-04-29 13:56:51,399 [INFO] PluginManager:220 - loadIPPluginJar : add mdma
2025-04-29 13:56:51,415 [INFO] IPUIPlugin:80 - create IPUIPlugin
2025-04-29 13:56:51,415 [INFO] PluginManager:220 - loadIPPluginJar : add nvic
2025-04-29 13:56:51,470 [INFO] IPUIPlugin:80 - create IPUIPlugin
2025-04-29 13:56:51,470 [INFO] PluginManager:220 - loadIPPluginJar : add opamp
2025-04-29 13:56:51,555 [INFO] IPUIPlugin:80 - create IPUIPlugin
2025-04-29 13:56:51,555 [INFO] PluginManager:220 - loadIPPluginJar : add openamp
2025-04-29 13:56:51,609 [INFO] IPUIPlugin:80 - create IPUIPlugin
2025-04-29 13:56:51,609 [INFO] PluginManager:220 - loadIPPluginJar : add pdm2pcm
2025-04-29 13:56:51,626 [INFO] IPUIPlugin:80 - create IPUIPlugin
2025-04-29 13:56:51,628 [INFO] PluginManager:220 - loadIPPluginJar : add plateformsettings
2025-04-29 13:56:51,657 [INFO] IPUIPlugin:80 - create IPUIPlugin
2025-04-29 13:56:51,658 [INFO] PluginManager:220 - loadIPPluginJar : add quadspi
2025-04-29 13:56:51,702 [INFO] IPUIPlugin:80 - create IPUIPlugin
2025-04-29 13:56:51,703 [INFO] PluginManager:220 - loadIPPluginJar : add radio
2025-04-29 13:56:51,724 [INFO] IPUIPlugin:80 - create IPUIPlugin
2025-04-29 13:56:51,724 [INFO] PluginManager:220 - loadIPPluginJar : add resmgrutility
2025-04-29 13:56:51,787 [INFO] IPUIPlugin:80 - create IPUIPlugin
2025-04-29 13:56:51,787 [INFO] PluginManager:220 - loadIPPluginJar : add sai
2025-04-29 13:56:51,845 [INFO] IPUIPlugin:80 - create IPUIPlugin
2025-04-29 13:56:51,845 [INFO] PluginManager:220 - loadIPPluginJar : add spi
2025-04-29 13:56:51,932 [INFO] IPUIPlugin:80 - create IPUIPlugin
2025-04-29 13:56:51,933 [INFO] PluginManager:220 - loadIPPluginJar : add stm32_wpan
2025-04-29 13:56:51,965 [INFO] IPUIPlugin:80 - create IPUIPlugin
2025-04-29 13:56:51,965 [INFO] PluginManager:220 - loadIPPluginJar : add tim
2025-04-29 13:56:52,051 [INFO] IPUIPlugin:80 - create IPUIPlugin
2025-04-29 13:56:52,052 [INFO] PluginManager:220 - loadIPPluginJar : add touchsensing
2025-04-29 13:56:52,082 [INFO] IPUIPlugin:80 - create IPUIPlugin
2025-04-29 13:56:52,082 [INFO] PluginManager:220 - loadIPPluginJar : add tracer_emb
2025-04-29 13:56:52,113 [INFO] IPUIPlugin:80 - create IPUIPlugin
2025-04-29 13:56:52,113 [INFO] PluginManager:220 - loadIPPluginJar : add ts
2025-04-29 13:56:52,143 [INFO] IPUIPlugin:80 - create IPUIPlugin
2025-04-29 13:56:52,143 [INFO] PluginManager:220 - loadIPPluginJar : add tsc
2025-04-29 13:56:52,172 [INFO] IPUIPlugin:80 - create IPUIPlugin
2025-04-29 13:56:52,172 [INFO] PluginManager:220 - loadIPPluginJar : add ucpd
2025-04-29 13:56:52,238 [INFO] ThirdPartyUpdaterWithRetryManager:70 - Updater plugin not ready yet. [2/15]
2025-04-29 13:56:52,245 [INFO] IPUIPlugin:80 - create IPUIPlugin
2025-04-29 13:56:52,245 [INFO] PluginManager:220 - loadIPPluginJar : add usart
2025-04-29 13:56:52,298 [INFO] IPUIPlugin:80 - create IPUIPlugin
2025-04-29 13:56:52,298 [INFO] PluginManager:220 - loadIPPluginJar : add usbx
2025-04-29 13:56:52,428 [FATAL] Updater:351 - Updater called before beeing initialized
2025-04-29 13:56:52,452 [INFO] RulesReader:64 - Compatibility file has been processed (297 Rules)
2025-04-29 13:56:52,465 [INFO] RulesReader:64 - Compatibility file has been processed (297 Rules)
2025-04-29 13:56:52,473 [INFO] CADModel:165 - CPN selected for project level
2025-04-29 13:56:52,473 [INFO] CADModel:114 - Register for checkConnection events
2025-04-29 13:56:52,474 [FATAL] Updater:351 - Updater called before beeing initialized
2025-04-29 13:56:52,474 [ERROR] CADModel:125 - Updater not yet initialized, retry later 
2025-04-29 13:56:52,650 [FATAL] Updater:351 - Updater called before beeing initialized
2025-04-29 13:56:52,651 [INFO] CADModel:165 - CPN selected for project level
2025-04-29 13:56:52,651 [INFO] CADModel:114 - Register for checkConnection events
2025-04-29 13:56:52,651 [FATAL] Updater:351 - Updater called before beeing initialized
2025-04-29 13:56:52,651 [ERROR] CADModel:125 - Updater not yet initialized, retry later 
2025-04-29 13:56:52,656 [FATAL] Updater:351 - Updater called before beeing initialized
2025-04-29 13:56:52,765 [FATAL] Updater:351 - Updater called before beeing initialized
2025-04-29 13:56:52,777 [INFO] DbMcusAds:53 - JSON generation date=Thu Mar 06 21:54:22 ICT 2025 (1741272862078)
2025-04-29 13:56:52,777 [FATAL] Updater:351 - Updater called before beeing initialized
2025-04-29 13:56:52,814 [WARN] DetailPanel:346 - Failed to get advertising image, set to default
2025-04-29 13:56:53,006 [FATAL] Updater:351 - Updater called before beeing initialized
2025-04-29 13:56:53,012 [FATAL] Updater:351 - Updater called before beeing initialized
2025-04-29 13:56:53,012 [FATAL] Updater:351 - Updater called before beeing initialized
2025-04-29 13:56:53,012 [WARN] DetailPanel:346 - Failed to get advertising image, set to default
2025-04-29 13:56:53,012 [FATAL] Updater:351 - Updater called before beeing initialized
2025-04-29 13:56:53,070 [ERROR] Updater:1198 - MainUpdater not yet initialized. External WinMGr cannot be set.
2025-04-29 13:56:53,084 [INFO] Updater:1134 - Updater Version found : 6.13.0
2025-04-29 13:56:53,100 [INFO] ApplicationProperties:184 - Using Application install path: C:\ST\STM32CubeIDE_1.16.1\STM32CubeIDE\plugins\com.st.stm32cube.common.mx_6.13.0.202411220809
2025-04-29 13:56:53,668 [INFO] MainUpdater:2872 - connection check result : 10
2025-04-29 13:56:53,669 [INFO] MainUpdater:289 - Updater Check For Update Now.
2025-04-29 13:56:53,669 [INFO] MicroXplorer:498 - Change Database Version : DB.6.0.130
2025-04-29 13:56:53,684 [INFO] McuFinderGlobals:63 - Set McuFinder mode to 2 (CubeIDE integrated)
2025-04-29 13:56:53,693 [INFO] UserAuth:486 - Internet connection configuration mode: 1
2025-04-29 13:56:53,723 [INFO] JxBrowserEngine:152 - Initiate JxBrowser Engine with user profile folder
2025-04-29 13:56:53,884 [INFO] CheckServerUpdateThread:120 - End of CheckServer Thread
2025-04-29 13:56:55,077 [INFO] WebApp:168 - Instantiating new browser for Auth
2025-04-29 13:56:55,418 [WARN] PackLoader:240 - Cannot read IP mode file for STMicroelectronics.X-CUBE-AI.10.0.0
2025-04-29 13:56:55,434 [WARN] PackLoader:240 - Cannot read IP mode file for STMicroelectronics.FP-SNS-FLIGHT1.5.1.0
2025-04-29 13:56:55,455 [WARN] PackLoader:240 - Cannot read IP mode file for STMicroelectronics.X-CUBE-BLE1.7.1.0
2025-04-29 13:56:55,468 [WARN] PackLoader:240 - Cannot read IP mode file for STMicroelectronics.X-CUBE-WB05N.2.0.0
2025-04-29 13:56:55,495 [WARN] ConditionMgr:438 - getConditionDescription Invalid condition id : Cortex-A Device cause : null
2025-04-29 13:56:55,526 [WARN] ConditionMgr:1044 - genDependencies : Invalid condition id : Cortex-A Device cause : null
2025-04-29 13:56:55,526 [WARN] ConditionMgr:1044 - genDependencies : Invalid condition id : Cortex-A Device cause : null
2025-04-29 13:56:55,526 [WARN] ConditionMgr:1044 - genDependencies : Invalid condition id : Cortex-A Device cause : null
2025-04-29 13:56:55,551 [WARN] PackLoader:240 - Cannot read IP mode file for Avnet-IotConnect.X-CUBE-IoTC-DA16k-PMOD.1.0.0
2025-04-29 13:56:55,585 [WARN] PackLoader:240 - Cannot read IP mode file for STMicroelectronics.X-CUBE-DPower.1.3.0
2025-04-29 13:56:55,606 [WARN] PackLoader:240 - Cannot read IP mode file for STMicroelectronics.X-CUBE-TOUCHGFX.4.25.0
2025-04-29 13:56:55,653 [WARN] PackLoader:240 - Cannot read IP mode file for STMicroelectronics.X-CUBE-AZRTOS-H7RS.1.1.0
2025-04-29 13:56:55,692 [WARN] PackLoader:240 - Cannot read IP mode file for STMicroelectronics.X-CUBE-IPS.3.1.0
2025-04-29 13:56:55,721 [WARN] PackLoader:240 - Cannot read IP mode file for STMicroelectronics.X-CUBE-TOUCHGFX.4.24.2
2025-04-29 13:56:55,721 [INFO] ThirdParty:978 - Integrity check success = true
2025-04-29 13:56:55,721 [INFO] IntegrityCheckThread:100 - exiting critical section [integrity check]
2025-04-29 13:56:55,721 [INFO] IntegrityCheckThread:103 - End integrity checks thread
2025-04-29 13:56:56,481 [INFO] WebApp:449 - Apply proxy settings
2025-04-29 13:56:56,481 [INFO] WebApp:534 - Chromium requires no authentication
2025-04-29 13:56:56,501 [INFO] WebApp:477 - Direct internet connection detected
2025-04-29 13:56:56,547 [INFO] WebApp:880 - Register for checkConnection events
2025-04-29 13:56:56,551 [INFO] WebApp:449 - Apply proxy settings
2025-04-29 13:56:56,551 [INFO] WebApp:534 - Chromium requires no authentication
2025-04-29 13:56:56,551 [INFO] WebApp:477 - Direct internet connection detected
2025-04-29 13:56:56,731 [INFO] WebApp:187 - Connection restablished
2025-04-29 13:56:56,796 [INFO] WebApp:221 - Starting web application
2025-04-29 13:56:56,796 [INFO] WebApp:579 - Web application path used C:\ST\STM32CubeIDE_1.16.1\STM32CubeIDE\plugins\com.st.stm32cube.common.mx_6.13.0.202411220809\db\plugins\mcufinder\reactClient1\index.html
2025-04-29 13:56:56,942 [INFO] UserAuth:486 - Internet connection configuration mode: 1
