2024-10-29 00:52:35,894 [ERROR] LogOutputStream:75 - [STDERR_REDIRECT] 
2024-10-29 12:29:15,504 [INFO] Activator:176 - 


2024-10-29 12:29:15,504 [INFO] Activator:177 - !SESSION log4j initialized
2024-10-29 12:29:21,042 [INFO] LogOutputStream:77 - [STDOUT_REDIRECT] 
2024-10-29 12:29:23,444 [INFO] ApplicationProperties:184 - Using Application install path: C:\ST\STM32CubeIDE_1.16.1\STM32CubeIDE\plugins\com.st.stm32cube.common.mx_6.12.1.202409122256
2024-10-29 12:29:23,463 [INFO] DbMcusXml:78 - Set database path to: C:\ST\STM32CubeIDE_1.16.1\STM32CubeIDE\plugins\com.st.stm32cube.common.mx_6.12.1.202409122256\\db\/mcu/
2024-10-29 12:29:23,463 [INFO] ApiDb:274 - Set plugin database path to: C:\ST\STM32CubeIDE_1.16.1\STM32CubeIDE\plugins\com.st.stm32cube.common.mx_6.12.1.202409122256\\db\/plugins/boardmanager/
2024-10-29 12:29:23,463 [WARN] ApiDb:259 - Overriding images path with different value:  => C:\ST\STM32CubeIDE_1.16.1\STM32CubeIDE\plugins\com.st.stm32cube.common.mx_6.12.1.202409122256\\db\/plugins/mcufinder/images/
2024-10-29 12:29:23,468 [INFO] ApiDb:250 - Set database path to: C:\Users\OS\.stmcufinder\plugins\mcufinder//mcu/
2024-10-29 12:29:23,468 [INFO] DbMcusAds:125 - Set database path to: C:\Users\OS\.stmcufinder\plugins\mcufinder//mcu/
2024-10-29 12:29:24,068 [INFO] CrossReferenceDbSqlite:203 - Set database path to: C:\Users\OS\.stmcufinder\plugins\mcufinder//mcu/cs/
2024-10-29 12:29:24,188 [INFO] RulesReader:64 - Compatibility file has been processed (297 Rules)
2024-10-29 12:29:24,266 [INFO] DbMcusXml:78 - Set database path to: C:\ST\STM32CubeIDE_1.16.1\STM32CubeIDE\plugins\com.st.stm32cube.common.mx_6.12.1.202409122256\\db\/mcu/
2024-10-29 12:29:24,266 [INFO] ApiDb:274 - Set plugin database path to: C:\ST\STM32CubeIDE_1.16.1\STM32CubeIDE\plugins\com.st.stm32cube.common.mx_6.12.1.202409122256\\db\/plugins/boardmanager/
2024-10-29 12:29:24,266 [INFO] ApiDb:261 - Set plugin images path to: C:\ST\STM32CubeIDE_1.16.1\STM32CubeIDE\plugins\com.st.stm32cube.common.mx_6.12.1.202409122256\\db\/plugins/mcufinder/images/
2024-10-29 12:29:24,266 [WARN] DbFile:41 - Overriding database path with different value: C:\Users\OS\.stmcufinder\plugins\mcufinder/ => C:\Users\OS\.stmcufinder\plugins\mcufinder
2024-10-29 12:29:24,267 [INFO] ApiDb:250 - Set database path to: C:\Users\OS\.stmcufinder\plugins\mcufinder//mcu/
2024-10-29 12:29:24,267 [WARN] DbFile:41 - Overriding database path with different value: C:\Users\OS\.stmcufinder\plugins\mcufinder/ => C:\Users\OS\.stmcufinder\plugins\mcufinder
2024-10-29 12:29:24,267 [INFO] DbMcusAds:125 - Set database path to: C:\Users\OS\.stmcufinder\plugins\mcufinder//mcu/
2024-10-29 12:29:24,267 [WARN] DbFile:41 - Overriding database path with different value: C:\Users\OS\.stmcufinder\plugins\mcufinder/ => C:\Users\OS\.stmcufinder\plugins\mcufinder
2024-10-29 12:29:24,267 [WARN] DbFile:41 - Overriding database path with different value: C:\Users\OS\.stmcufinder\plugins\mcufinder/ => C:\Users\OS\.stmcufinder\plugins\mcufinder
2024-10-29 12:29:25,068 [INFO] CrossReferenceDbSqlite:203 - Set database path to: C:\Users\OS\.stmcufinder\plugins\mcufinder//mcu/cs/
2024-10-29 12:29:25,147 [INFO] MainPanel:268 - HeapMemory: 268435456
2024-10-29 12:29:25,254 [INFO] DbMcusXml:78 - Set database path to: C:\ST\STM32CubeIDE_1.16.1\STM32CubeIDE\plugins\com.st.stm32cube.common.mx_6.12.1.202409122256\\db\/mcu/
2024-10-29 12:29:25,254 [INFO] ApiDb:274 - Set plugin database path to: C:\ST\STM32CubeIDE_1.16.1\STM32CubeIDE\plugins\com.st.stm32cube.common.mx_6.12.1.202409122256\\db\/plugins/boardmanager/
2024-10-29 12:29:25,254 [INFO] ApiDb:261 - Set plugin images path to: C:\ST\STM32CubeIDE_1.16.1\STM32CubeIDE\plugins\com.st.stm32cube.common.mx_6.12.1.202409122256\\db\/plugins/mcufinder/images/
2024-10-29 12:29:25,254 [WARN] DbFile:41 - Overriding database path with different value: C:\Users\OS\.stmcufinder\plugins\mcufinder/ => C:\Users\OS\.stmcufinder\plugins\mcufinder
2024-10-29 12:29:25,254 [INFO] ApiDb:250 - Set database path to: C:\Users\OS\.stmcufinder\plugins\mcufinder//mcu/
2024-10-29 12:29:25,254 [WARN] DbFile:41 - Overriding database path with different value: C:\Users\OS\.stmcufinder\plugins\mcufinder/ => C:\Users\OS\.stmcufinder\plugins\mcufinder
2024-10-29 12:29:25,254 [INFO] DbMcusAds:125 - Set database path to: C:\Users\OS\.stmcufinder\plugins\mcufinder//mcu/
2024-10-29 12:29:25,254 [WARN] DbFile:41 - Overriding database path with different value: C:\Users\OS\.stmcufinder\plugins\mcufinder/ => C:\Users\OS\.stmcufinder\plugins\mcufinder
2024-10-29 12:29:25,254 [WARN] DbFile:41 - Overriding database path with different value: C:\Users\OS\.stmcufinder\plugins\mcufinder/ => C:\Users\OS\.stmcufinder\plugins\mcufinder
2024-10-29 12:29:26,071 [INFO] CrossReferenceDbSqlite:203 - Set database path to: C:\Users\OS\.stmcufinder\plugins\mcufinder//mcu/cs/
2024-10-29 12:29:26,087 [INFO] ApplicationProperties:184 - Using Application install path: C:\ST\STM32CubeIDE_1.16.1\STM32CubeIDE\plugins\com.st.stm32cube.common.mx_6.12.1.202409122256
2024-10-29 12:29:26,087 [INFO] PluginManage:196 - Search for loadable plugins [exclusion list=, ]
2024-10-29 12:29:26,087 [INFO] PluginManage:310 - Check plugin analytics
2024-10-29 12:29:27,140 [INFO] AnalyticsPlugin:253 - Accepted Software Licenses: 
2024-10-29 12:29:27,140 [INFO] AnalyticsPlugin:255 - Accepted CMSIS Pack Licenses: 
2024-10-29 12:29:27,140 [INFO] AnalyticsPlugin:257 - Accepted Firmware Licenses: 
2024-10-29 12:29:27,142 [INFO] PluginManage:359 - Loaded plugin analytics (category:tool,tabindex:-1)
2024-10-29 12:29:27,142 [INFO] PluginManage:310 - Check plugin cadmodel
2024-10-29 12:29:27,152 [INFO] CADModel:105 - Init CAD model plugin
2024-10-29 12:29:27,152 [INFO] PluginManage:359 - Loaded plugin cadmodel (category:power,tabindex:5)
2024-10-29 12:29:27,152 [INFO] PluginManage:310 - Check plugin clock
2024-10-29 12:29:27,165 [INFO] PluginManage:359 - Loaded plugin clock (category:base,tabindex:2)
2024-10-29 12:29:27,165 [INFO] PluginManage:310 - Check plugin ddr
2024-10-29 12:29:27,171 [INFO] PluginManage:359 - Loaded plugin ddr (category:tool,tabindex:6)
2024-10-29 12:29:27,171 [INFO] PluginManage:310 - Check plugin filemanager
2024-10-29 12:29:27,283 [INFO] PluginManage:359 - Loaded plugin filemanager (category:base,tabindex:10)
2024-10-29 12:29:27,283 [INFO] PluginManage:310 - Check plugin ipmanager
2024-10-29 12:29:27,291 [INFO] PluginManage:359 - Loaded plugin ipmanager (category:base,tabindex:5)
2024-10-29 12:29:27,291 [INFO] PluginManage:310 - Check plugin lpbam
2024-10-29 12:29:27,307 [INFO] PluginManage:359 - Loaded plugin lpbam (category:base,tabindex:0)
2024-10-29 12:29:27,307 [INFO] PluginManage:310 - Check plugin memorymap
2024-10-29 12:29:27,324 [INFO] PluginManage:359 - Loaded plugin memorymap (category:base,tabindex:4)
2024-10-29 12:29:27,324 [INFO] PluginManage:310 - Check plugin pinoutandconfiguration
2024-10-29 12:29:27,340 [INFO] PluginManage:359 - Loaded plugin pinoutandconfiguration (category:base,tabindex:1)
2024-10-29 12:29:27,340 [INFO] PluginManage:310 - Check plugin pinoutconfig
2024-10-29 12:29:27,439 [WARN] SupportedApi:132 - Cannot load RTOS API schema: s4s-elt-must-match.1: The content of 'definitions' must match (annotation?, (simpleType | complexType)?, (unique | key | keyref)*)). A problem was found starting at: attribute.
2024-10-29 12:29:27,582 [INFO] PluginManage:359 - Loaded plugin pinoutconfig (category:base,tabindex:0)
2024-10-29 12:29:27,582 [INFO] PluginManage:310 - Check plugin power
2024-10-29 12:29:27,603 [INFO] PluginManage:359 - Loaded plugin power (category:power,tabindex:4)
2024-10-29 12:29:27,603 [INFO] PluginManage:310 - Check plugin projectmanager
2024-10-29 12:29:27,609 [INFO] PluginManage:359 - Loaded plugin projectmanager (category:projectmanager,tabindex:4)
2024-10-29 12:29:27,609 [INFO] PluginManage:310 - Check plugin rif
2024-10-29 12:29:27,625 [INFO] PluginManage:359 - Loaded plugin rif (category:base,tabindex:3)
2024-10-29 12:29:27,625 [INFO] PluginManage:310 - Check plugin thirdparty
2024-10-29 12:29:27,887 [INFO] PluginManage:359 - Loaded plugin thirdparty (category:base,tabindex:-1)
2024-10-29 12:29:27,887 [WARN] IntegrityCheckThread:84 - waiting for thirdparty lock release [integrity check]
2024-10-29 12:29:27,887 [INFO] PluginManage:310 - Check plugin tools
2024-10-29 12:29:27,887 [INFO] IntegrityCheckThread:86 - entering critical section [integrity check]
2024-10-29 12:29:27,887 [INFO] ThirdPartyUpdaterWithRetryManager:70 - Updater plugin not ready yet. [1/15]
2024-10-29 12:29:27,912 [INFO] PluginManage:359 - Loaded plugin tools (category:base,tabindex:7)
2024-10-29 12:29:27,912 [INFO] PluginManage:310 - Check plugin tutovideos
2024-10-29 12:29:28,079 [INFO] PluginManage:359 - Loaded plugin tutovideos (category:base,tabindex:-1)
2024-10-29 12:29:28,081 [INFO] PluginManage:310 - Check plugin updater
2024-10-29 12:29:28,097 [INFO] PluginManage:359 - Loaded plugin updater (category:base,tabindex:12)
2024-10-29 12:29:28,097 [INFO] PluginManage:310 - Check plugin userauth
2024-10-29 12:29:28,101 [INFO] UserAuth:113 - Init User Auth plugin
2024-10-29 12:29:28,101 [INFO] PluginManage:359 - Loaded plugin userauth (category:base,tabindex:14)
2024-10-29 12:29:28,101 [INFO] PluginManage:283 - PluginManage : Loaded plugins [18]
2024-10-29 12:29:28,293 [INFO] PinOutPanel:1561 - setPackage(No Configuration,No Configuration)
2024-10-29 12:29:28,374 [INFO] CADModel:165 - CPN selected for project level
2024-10-29 12:29:28,374 [INFO] CADModel:114 - Register for checkConnection events
2024-10-29 12:29:28,405 [INFO] IPUIPlugin:80 - create IPUIPlugin
2024-10-29 12:29:28,405 [INFO] PluginManager:220 - loadIPPluginJar : add adc
2024-10-29 12:29:28,440 [INFO] IPUIPlugin:80 - create IPUIPlugin
2024-10-29 12:29:28,440 [INFO] PluginManager:220 - loadIPPluginJar : add aes
2024-10-29 12:29:28,482 [INFO] IPUIPlugin:80 - create IPUIPlugin
2024-10-29 12:29:28,482 [INFO] PluginManager:220 - loadIPPluginJar : add can
2024-10-29 12:29:28,514 [INFO] IPUIPlugin:80 - create IPUIPlugin
2024-10-29 12:29:28,514 [INFO] PluginManager:220 - loadIPPluginJar : add comp
2024-10-29 12:29:28,532 [INFO] IPUIPlugin:80 - create IPUIPlugin
2024-10-29 12:29:28,532 [INFO] PluginManager:220 - loadIPPluginJar : add cryp
2024-10-29 12:29:28,548 [INFO] IPUIPlugin:80 - create IPUIPlugin
2024-10-29 12:29:28,548 [INFO] PluginManager:220 - loadIPPluginJar : add ddr_ctrl_phy
2024-10-29 12:29:28,572 [INFO] IPUIPlugin:80 - create IPUIPlugin
2024-10-29 12:29:28,572 [INFO] PluginManager:220 - loadIPPluginJar : add dfsdm
2024-10-29 12:29:28,579 [INFO] IPUIPlugin:80 - create IPUIPlugin
2024-10-29 12:29:28,579 [INFO] PluginManager:220 - loadIPPluginJar : add dma
2024-10-29 12:29:28,609 [INFO] IPUIPlugin:80 - create IPUIPlugin
2024-10-29 12:29:28,609 [INFO] PluginManager:220 - loadIPPluginJar : add dma3
2024-10-29 12:29:28,640 [INFO] IPUIPlugin:80 - create IPUIPlugin
2024-10-29 12:29:28,640 [INFO] PluginManager:220 - loadIPPluginJar : add extmemmanager
2024-10-29 12:29:28,656 [INFO] IPUIPlugin:80 - create IPUIPlugin
2024-10-29 12:29:28,656 [INFO] PluginManager:220 - loadIPPluginJar : add fatfs
2024-10-29 12:29:28,703 [INFO] IPUIPlugin:80 - create IPUIPlugin
2024-10-29 12:29:28,703 [INFO] PluginManager:220 - loadIPPluginJar : add fmc
2024-10-29 12:29:28,719 [INFO] IPUIPlugin:80 - create IPUIPlugin
2024-10-29 12:29:28,720 [INFO] PluginManager:220 - loadIPPluginJar : add freertos
2024-10-29 12:29:28,735 [INFO] IPUIPlugin:80 - create IPUIPlugin
2024-10-29 12:29:28,735 [INFO] PluginManager:220 - loadIPPluginJar : add genericplugin
2024-10-29 12:29:28,798 [INFO] IPUIPlugin:80 - create IPUIPlugin
2024-10-29 12:29:28,798 [INFO] PluginManager:220 - loadIPPluginJar : add gfxmmu
2024-10-29 12:29:28,886 [INFO] IPUIPlugin:80 - create IPUIPlugin
2024-10-29 12:29:28,886 [INFO] PluginManager:220 - loadIPPluginJar : add gic
2024-10-29 12:29:28,897 [INFO] IPUIPlugin:80 - create IPUIPlugin
2024-10-29 12:29:28,897 [INFO] PluginManager:220 - loadIPPluginJar : add gpio
2024-10-29 12:29:28,955 [INFO] IPUIPlugin:80 - create IPUIPlugin
2024-10-29 12:29:28,955 [INFO] PluginManager:220 - loadIPPluginJar : add gtzc
2024-10-29 12:29:28,992 [INFO] IPUIPlugin:80 - create IPUIPlugin
2024-10-29 12:29:28,992 [INFO] PluginManager:220 - loadIPPluginJar : add hash
2024-10-29 12:29:29,039 [INFO] IPUIPlugin:80 - create IPUIPlugin
2024-10-29 12:29:29,039 [INFO] PluginManager:220 - loadIPPluginJar : add i2c
2024-10-29 12:29:29,067 [INFO] IPUIPlugin:80 - create IPUIPlugin
2024-10-29 12:29:29,067 [INFO] PluginManager:220 - loadIPPluginJar : add i2s
2024-10-29 12:29:29,098 [INFO] IPUIPlugin:80 - create IPUIPlugin
2024-10-29 12:29:29,098 [INFO] PluginManager:220 - loadIPPluginJar : add i3c
2024-10-29 12:29:29,177 [INFO] IPUIPlugin:80 - create IPUIPlugin
2024-10-29 12:29:29,177 [INFO] PluginManager:220 - loadIPPluginJar : add ipddr
2024-10-29 12:29:29,246 [INFO] IPUIPlugin:80 - create IPUIPlugin
2024-10-29 12:29:29,246 [INFO] PluginManager:220 - loadIPPluginJar : add linkedlist
2024-10-29 12:29:29,274 [INFO] IPUIPlugin:80 - create IPUIPlugin
2024-10-29 12:29:29,274 [INFO] PluginManager:220 - loadIPPluginJar : add lorawan
2024-10-29 12:29:29,304 [INFO] IPUIPlugin:80 - create IPUIPlugin
2024-10-29 12:29:29,304 [INFO] PluginManager:220 - loadIPPluginJar : add ltdc
2024-10-29 12:29:29,316 [INFO] IPUIPlugin:80 - create IPUIPlugin
2024-10-29 12:29:29,316 [INFO] PluginManager:220 - loadIPPluginJar : add mdma
2024-10-29 12:29:29,324 [INFO] IPUIPlugin:80 - create IPUIPlugin
2024-10-29 12:29:29,324 [INFO] PluginManager:220 - loadIPPluginJar : add nvic
2024-10-29 12:29:29,352 [INFO] IPUIPlugin:80 - create IPUIPlugin
2024-10-29 12:29:29,352 [INFO] PluginManager:220 - loadIPPluginJar : add opamp
2024-10-29 12:29:29,415 [INFO] IPUIPlugin:80 - create IPUIPlugin
2024-10-29 12:29:29,415 [INFO] PluginManager:220 - loadIPPluginJar : add openamp
2024-10-29 12:29:29,431 [INFO] IPUIPlugin:80 - create IPUIPlugin
2024-10-29 12:29:29,447 [INFO] PluginManager:220 - loadIPPluginJar : add pdm2pcm
2024-10-29 12:29:29,448 [INFO] IPUIPlugin:80 - create IPUIPlugin
2024-10-29 12:29:29,448 [INFO] PluginManager:220 - loadIPPluginJar : add plateformsettings
2024-10-29 12:29:29,472 [INFO] IPUIPlugin:80 - create IPUIPlugin
2024-10-29 12:29:29,472 [INFO] PluginManager:220 - loadIPPluginJar : add quadspi
2024-10-29 12:29:29,496 [INFO] IPUIPlugin:80 - create IPUIPlugin
2024-10-29 12:29:29,496 [INFO] PluginManager:220 - loadIPPluginJar : add radio
2024-10-29 12:29:29,508 [INFO] IPUIPlugin:80 - create IPUIPlugin
2024-10-29 12:29:29,508 [INFO] PluginManager:220 - loadIPPluginJar : add resmgrutility
2024-10-29 12:29:29,543 [INFO] IPUIPlugin:80 - create IPUIPlugin
2024-10-29 12:29:29,543 [INFO] PluginManager:220 - loadIPPluginJar : add sai
2024-10-29 12:29:29,578 [INFO] IPUIPlugin:80 - create IPUIPlugin
2024-10-29 12:29:29,578 [INFO] PluginManager:220 - loadIPPluginJar : add spi
2024-10-29 12:29:29,622 [INFO] IPUIPlugin:80 - create IPUIPlugin
2024-10-29 12:29:29,622 [INFO] PluginManager:220 - loadIPPluginJar : add stm32_wpan
2024-10-29 12:29:29,637 [INFO] IPUIPlugin:80 - create IPUIPlugin
2024-10-29 12:29:29,637 [INFO] PluginManager:220 - loadIPPluginJar : add tim
2024-10-29 12:29:29,685 [INFO] IPUIPlugin:80 - create IPUIPlugin
2024-10-29 12:29:29,685 [INFO] PluginManager:220 - loadIPPluginJar : add touchsensing
2024-10-29 12:29:29,701 [INFO] IPUIPlugin:80 - create IPUIPlugin
2024-10-29 12:29:29,701 [INFO] PluginManager:220 - loadIPPluginJar : add tracer_emb
2024-10-29 12:29:29,717 [INFO] IPUIPlugin:80 - create IPUIPlugin
2024-10-29 12:29:29,717 [INFO] PluginManager:220 - loadIPPluginJar : add ts
2024-10-29 12:29:29,748 [INFO] IPUIPlugin:80 - create IPUIPlugin
2024-10-29 12:29:29,748 [INFO] PluginManager:220 - loadIPPluginJar : add tsc
2024-10-29 12:29:29,765 [INFO] IPUIPlugin:80 - create IPUIPlugin
2024-10-29 12:29:29,765 [INFO] PluginManager:220 - loadIPPluginJar : add ucpd
2024-10-29 12:29:29,811 [INFO] IPUIPlugin:80 - create IPUIPlugin
2024-10-29 12:29:29,811 [INFO] PluginManager:220 - loadIPPluginJar : add usart
2024-10-29 12:29:29,843 [INFO] IPUIPlugin:80 - create IPUIPlugin
2024-10-29 12:29:29,843 [INFO] PluginManager:220 - loadIPPluginJar : add usbx
2024-10-29 12:29:29,973 [INFO] CADModel:165 - CPN selected for project level
2024-10-29 12:29:29,973 [INFO] CADModel:114 - Register for checkConnection events
2024-10-29 12:29:29,973 [FATAL] Updater:334 - Updater called before beeing initialized
2024-10-29 12:29:29,973 [ERROR] CADModel:125 - Updater not yet initialized, retry later 
2024-10-29 12:29:30,112 [INFO] CADModel:165 - CPN selected for project level
2024-10-29 12:29:30,112 [INFO] CADModel:114 - Register for checkConnection events
2024-10-29 12:29:30,112 [FATAL] Updater:334 - Updater called before beeing initialized
2024-10-29 12:29:30,112 [ERROR] CADModel:125 - Updater not yet initialized, retry later 
2024-10-29 12:29:30,112 [FATAL] Updater:334 - Updater called before beeing initialized
2024-10-29 12:29:30,216 [FATAL] Updater:334 - Updater called before beeing initialized
2024-10-29 12:29:30,228 [INFO] DbMcusAds:53 - JSON generation date=Fri Sep 20 20:04:38 ICT 2024 (1726837478367)
2024-10-29 12:29:30,228 [FATAL] Updater:334 - Updater called before beeing initialized
2024-10-29 12:29:30,262 [WARN] DetailPanel:346 - Failed to get advertising image, set to default
2024-10-29 12:29:30,334 [FATAL] Updater:334 - Updater called before beeing initialized
2024-10-29 12:29:30,334 [FATAL] Updater:334 - Updater called before beeing initialized
2024-10-29 12:29:30,334 [FATAL] Updater:334 - Updater called before beeing initialized
2024-10-29 12:29:30,334 [WARN] DetailPanel:346 - Failed to get advertising image, set to default
2024-10-29 12:29:30,334 [FATAL] Updater:334 - Updater called before beeing initialized
2024-10-29 12:29:30,396 [ERROR] Updater:1164 - MainUpdater not yet initialized. External WinMGr cannot be set.
2024-10-29 12:29:30,400 [INFO] Updater:1100 - Updater Version found : 6.12.1
2024-10-29 12:29:30,412 [INFO] ApplicationProperties:184 - Using Application install path: C:\ST\STM32CubeIDE_1.16.1\STM32CubeIDE\plugins\com.st.stm32cube.common.mx_6.12.1.202409122256
2024-10-29 12:29:30,792 [INFO] MainUpdater:2873 - connection check result : 10
2024-10-29 12:29:30,792 [INFO] MainUpdater:290 - Updater Check For Update Now.
2024-10-29 12:29:30,792 [INFO] MicroXplorer:498 - Change Database Version : DB.6.0.121
2024-10-29 12:29:30,807 [INFO] McuFinderGlobals:63 - Set McuFinder mode to 2 (CubeIDE integrated)
2024-10-29 12:29:30,813 [INFO] UserAuth:417 - Internet connection configuration mode: 1
2024-10-29 12:29:30,832 [INFO] JxBrowserEngine:152 - Initiate JxBrowser Engine with user profile folder
2024-10-29 12:29:30,904 [WARN] MainUpdater:1194 - Updater busy. Cannot search thirdparties
2024-10-29 12:29:30,904 [INFO] ThirdPartyUpdaterWithRetryManager:96 - Updater plugin is busy. [1/15]
2024-10-29 12:29:31,030 [INFO] CheckServerUpdateThread:120 - End of CheckServer Thread
2024-10-29 12:29:34,004 [INFO] ThirdParty:978 - Integrity check success = true
2024-10-29 12:29:34,004 [INFO] IntegrityCheckThread:100 - exiting critical section [integrity check]
2024-10-29 12:29:34,004 [INFO] IntegrityCheckThread:103 - End integrity checks thread
2024-10-29 12:29:35,871 [INFO] WebApp:167 - Instantiating new browser for Auth
2024-10-29 12:29:36,647 [INFO] WebApp:448 - Apply proxy settings
2024-10-29 12:29:36,649 [INFO] WebApp:533 - Chromium requires no authentication
2024-10-29 12:29:36,665 [INFO] WebApp:476 - Direct internet connection detected
2024-10-29 12:29:36,703 [INFO] WebApp:869 - Register for checkConnection events
2024-10-29 12:29:36,703 [INFO] WebApp:448 - Apply proxy settings
2024-10-29 12:29:36,703 [INFO] WebApp:533 - Chromium requires no authentication
2024-10-29 12:29:36,703 [INFO] WebApp:476 - Direct internet connection detected
2024-10-29 12:29:36,924 [INFO] WebApp:186 - Connection restablished
2024-10-29 12:29:36,933 [INFO] WebApp:220 - Starting web application
2024-10-29 12:29:36,937 [INFO] WebApp:578 - Web application path used C:\ST\STM32CubeIDE_1.16.1\STM32CubeIDE\plugins\com.st.stm32cube.common.mx_6.12.1.202409122256\db\plugins\mcufinder\reactClient1\index.html
2024-10-29 12:29:37,124 [INFO] UserAuth:417 - Internet connection configuration mode: 1
2024-10-29 14:23:37,937 [ERROR] LogOutputStream:75 - [STDERR_REDIRECT] 
2024-10-29 19:19:08,730 [INFO] Activator:176 - 


2024-10-29 19:19:08,730 [INFO] Activator:177 - !SESSION log4j initialized
2024-10-29 19:19:15,143 [INFO] LogOutputStream:77 - [STDOUT_REDIRECT] 
2024-10-29 19:19:17,285 [INFO] ApplicationProperties:184 - Using Application install path: C:\ST\STM32CubeIDE_1.16.1\STM32CubeIDE\plugins\com.st.stm32cube.common.mx_6.12.1.202409122256
2024-10-29 19:19:17,300 [INFO] DbMcusXml:78 - Set database path to: C:\ST\STM32CubeIDE_1.16.1\STM32CubeIDE\plugins\com.st.stm32cube.common.mx_6.12.1.202409122256\\db\/mcu/
2024-10-29 19:19:17,300 [INFO] ApiDb:274 - Set plugin database path to: C:\ST\STM32CubeIDE_1.16.1\STM32CubeIDE\plugins\com.st.stm32cube.common.mx_6.12.1.202409122256\\db\/plugins/boardmanager/
2024-10-29 19:19:17,300 [WARN] ApiDb:259 - Overriding images path with different value:  => C:\ST\STM32CubeIDE_1.16.1\STM32CubeIDE\plugins\com.st.stm32cube.common.mx_6.12.1.202409122256\\db\/plugins/mcufinder/images/
2024-10-29 19:19:17,315 [INFO] ApiDb:250 - Set database path to: C:\Users\OS\.stmcufinder\plugins\mcufinder//mcu/
2024-10-29 19:19:17,316 [INFO] DbMcusAds:125 - Set database path to: C:\Users\OS\.stmcufinder\plugins\mcufinder//mcu/
2024-10-29 19:19:18,105 [INFO] CrossReferenceDbSqlite:203 - Set database path to: C:\Users\OS\.stmcufinder\plugins\mcufinder//mcu/cs/
2024-10-29 19:19:18,200 [INFO] RulesReader:64 - Compatibility file has been processed (297 Rules)
2024-10-29 19:19:18,265 [INFO] DbMcusXml:78 - Set database path to: C:\ST\STM32CubeIDE_1.16.1\STM32CubeIDE\plugins\com.st.stm32cube.common.mx_6.12.1.202409122256\\db\/mcu/
2024-10-29 19:19:18,265 [INFO] ApiDb:274 - Set plugin database path to: C:\ST\STM32CubeIDE_1.16.1\STM32CubeIDE\plugins\com.st.stm32cube.common.mx_6.12.1.202409122256\\db\/plugins/boardmanager/
2024-10-29 19:19:18,266 [INFO] ApiDb:261 - Set plugin images path to: C:\ST\STM32CubeIDE_1.16.1\STM32CubeIDE\plugins\com.st.stm32cube.common.mx_6.12.1.202409122256\\db\/plugins/mcufinder/images/
2024-10-29 19:19:18,266 [WARN] DbFile:41 - Overriding database path with different value: C:\Users\OS\.stmcufinder\plugins\mcufinder/ => C:\Users\OS\.stmcufinder\plugins\mcufinder
2024-10-29 19:19:18,266 [INFO] ApiDb:250 - Set database path to: C:\Users\OS\.stmcufinder\plugins\mcufinder//mcu/
2024-10-29 19:19:18,266 [WARN] DbFile:41 - Overriding database path with different value: C:\Users\OS\.stmcufinder\plugins\mcufinder/ => C:\Users\OS\.stmcufinder\plugins\mcufinder
2024-10-29 19:19:18,266 [INFO] DbMcusAds:125 - Set database path to: C:\Users\OS\.stmcufinder\plugins\mcufinder//mcu/
2024-10-29 19:19:18,266 [WARN] DbFile:41 - Overriding database path with different value: C:\Users\OS\.stmcufinder\plugins\mcufinder/ => C:\Users\OS\.stmcufinder\plugins\mcufinder
2024-10-29 19:19:18,266 [WARN] DbFile:41 - Overriding database path with different value: C:\Users\OS\.stmcufinder\plugins\mcufinder/ => C:\Users\OS\.stmcufinder\plugins\mcufinder
2024-10-29 19:19:19,108 [INFO] CrossReferenceDbSqlite:203 - Set database path to: C:\Users\OS\.stmcufinder\plugins\mcufinder//mcu/cs/
2024-10-29 19:19:19,176 [INFO] MainPanel:268 - HeapMemory: 268435456
2024-10-29 19:19:19,269 [INFO] DbMcusXml:78 - Set database path to: C:\ST\STM32CubeIDE_1.16.1\STM32CubeIDE\plugins\com.st.stm32cube.common.mx_6.12.1.202409122256\\db\/mcu/
2024-10-29 19:19:19,269 [INFO] ApiDb:274 - Set plugin database path to: C:\ST\STM32CubeIDE_1.16.1\STM32CubeIDE\plugins\com.st.stm32cube.common.mx_6.12.1.202409122256\\db\/plugins/boardmanager/
2024-10-29 19:19:19,269 [INFO] ApiDb:261 - Set plugin images path to: C:\ST\STM32CubeIDE_1.16.1\STM32CubeIDE\plugins\com.st.stm32cube.common.mx_6.12.1.202409122256\\db\/plugins/mcufinder/images/
2024-10-29 19:19:19,269 [WARN] DbFile:41 - Overriding database path with different value: C:\Users\OS\.stmcufinder\plugins\mcufinder/ => C:\Users\OS\.stmcufinder\plugins\mcufinder
2024-10-29 19:19:19,269 [INFO] ApiDb:250 - Set database path to: C:\Users\OS\.stmcufinder\plugins\mcufinder//mcu/
2024-10-29 19:19:19,270 [WARN] DbFile:41 - Overriding database path with different value: C:\Users\OS\.stmcufinder\plugins\mcufinder/ => C:\Users\OS\.stmcufinder\plugins\mcufinder
2024-10-29 19:19:19,270 [INFO] DbMcusAds:125 - Set database path to: C:\Users\OS\.stmcufinder\plugins\mcufinder//mcu/
2024-10-29 19:19:19,270 [WARN] DbFile:41 - Overriding database path with different value: C:\Users\OS\.stmcufinder\plugins\mcufinder/ => C:\Users\OS\.stmcufinder\plugins\mcufinder
2024-10-29 19:19:19,270 [WARN] DbFile:41 - Overriding database path with different value: C:\Users\OS\.stmcufinder\plugins\mcufinder/ => C:\Users\OS\.stmcufinder\plugins\mcufinder
2024-10-29 19:19:20,099 [INFO] CrossReferenceDbSqlite:203 - Set database path to: C:\Users\OS\.stmcufinder\plugins\mcufinder//mcu/cs/
2024-10-29 19:19:20,120 [INFO] ApplicationProperties:184 - Using Application install path: C:\ST\STM32CubeIDE_1.16.1\STM32CubeIDE\plugins\com.st.stm32cube.common.mx_6.12.1.202409122256
2024-10-29 19:19:20,122 [INFO] PluginManage:196 - Search for loadable plugins [exclusion list=, ]
2024-10-29 19:19:20,123 [INFO] PluginManage:310 - Check plugin analytics
2024-10-29 19:19:21,152 [INFO] AnalyticsPlugin:253 - Accepted Software Licenses: 
2024-10-29 19:19:21,152 [INFO] AnalyticsPlugin:255 - Accepted CMSIS Pack Licenses: 
2024-10-29 19:19:21,152 [INFO] AnalyticsPlugin:257 - Accepted Firmware Licenses: 
2024-10-29 19:19:21,154 [INFO] PluginManage:359 - Loaded plugin analytics (category:tool,tabindex:-1)
2024-10-29 19:19:21,154 [INFO] PluginManage:310 - Check plugin cadmodel
2024-10-29 19:19:21,167 [INFO] CADModel:105 - Init CAD model plugin
2024-10-29 19:19:21,167 [INFO] PluginManage:359 - Loaded plugin cadmodel (category:power,tabindex:5)
2024-10-29 19:19:21,167 [INFO] PluginManage:310 - Check plugin clock
2024-10-29 19:19:21,181 [INFO] PluginManage:359 - Loaded plugin clock (category:base,tabindex:2)
2024-10-29 19:19:21,181 [INFO] PluginManage:310 - Check plugin ddr
2024-10-29 19:19:21,183 [INFO] PluginManage:359 - Loaded plugin ddr (category:tool,tabindex:6)
2024-10-29 19:19:21,183 [INFO] PluginManage:310 - Check plugin filemanager
2024-10-29 19:19:21,292 [INFO] PluginManage:359 - Loaded plugin filemanager (category:base,tabindex:10)
2024-10-29 19:19:21,292 [INFO] PluginManage:310 - Check plugin ipmanager
2024-10-29 19:19:21,297 [INFO] PluginManage:359 - Loaded plugin ipmanager (category:base,tabindex:5)
2024-10-29 19:19:21,297 [INFO] PluginManage:310 - Check plugin lpbam
2024-10-29 19:19:21,312 [INFO] PluginManage:359 - Loaded plugin lpbam (category:base,tabindex:0)
2024-10-29 19:19:21,312 [INFO] PluginManage:310 - Check plugin memorymap
2024-10-29 19:19:21,330 [INFO] PluginManage:359 - Loaded plugin memorymap (category:base,tabindex:4)
2024-10-29 19:19:21,330 [INFO] PluginManage:310 - Check plugin pinoutandconfiguration
2024-10-29 19:19:21,344 [INFO] PluginManage:359 - Loaded plugin pinoutandconfiguration (category:base,tabindex:1)
2024-10-29 19:19:21,344 [INFO] PluginManage:310 - Check plugin pinoutconfig
2024-10-29 19:19:21,417 [WARN] SupportedApi:132 - Cannot load RTOS API schema: s4s-elt-must-match.1: The content of 'definitions' must match (annotation?, (simpleType | complexType)?, (unique | key | keyref)*)). A problem was found starting at: attribute.
2024-10-29 19:19:21,537 [INFO] PluginManage:359 - Loaded plugin pinoutconfig (category:base,tabindex:0)
2024-10-29 19:19:21,537 [INFO] PluginManage:310 - Check plugin power
2024-10-29 19:19:21,554 [INFO] PluginManage:359 - Loaded plugin power (category:power,tabindex:4)
2024-10-29 19:19:21,554 [INFO] PluginManage:310 - Check plugin projectmanager
2024-10-29 19:19:21,567 [INFO] PluginManage:359 - Loaded plugin projectmanager (category:projectmanager,tabindex:4)
2024-10-29 19:19:21,567 [INFO] PluginManage:310 - Check plugin rif
2024-10-29 19:19:21,580 [INFO] PluginManage:359 - Loaded plugin rif (category:base,tabindex:3)
2024-10-29 19:19:21,581 [INFO] PluginManage:310 - Check plugin thirdparty
2024-10-29 19:19:21,802 [INFO] PluginManage:359 - Loaded plugin thirdparty (category:base,tabindex:-1)
2024-10-29 19:19:21,802 [WARN] IntegrityCheckThread:84 - waiting for thirdparty lock release [integrity check]
2024-10-29 19:19:21,802 [INFO] PluginManage:310 - Check plugin tools
2024-10-29 19:19:21,803 [INFO] IntegrityCheckThread:86 - entering critical section [integrity check]
2024-10-29 19:19:21,803 [INFO] ThirdPartyUpdaterWithRetryManager:70 - Updater plugin not ready yet. [1/15]
2024-10-29 19:19:21,829 [INFO] PluginManage:359 - Loaded plugin tools (category:base,tabindex:7)
2024-10-29 19:19:21,829 [INFO] PluginManage:310 - Check plugin tutovideos
2024-10-29 19:19:21,985 [INFO] PluginManage:359 - Loaded plugin tutovideos (category:base,tabindex:-1)
2024-10-29 19:19:21,985 [INFO] PluginManage:310 - Check plugin updater
2024-10-29 19:19:22,000 [INFO] PluginManage:359 - Loaded plugin updater (category:base,tabindex:12)
2024-10-29 19:19:22,000 [INFO] PluginManage:310 - Check plugin userauth
2024-10-29 19:19:22,005 [INFO] UserAuth:113 - Init User Auth plugin
2024-10-29 19:19:22,005 [INFO] PluginManage:359 - Loaded plugin userauth (category:base,tabindex:14)
2024-10-29 19:19:22,006 [INFO] PluginManage:283 - PluginManage : Loaded plugins [18]
2024-10-29 19:19:22,166 [INFO] PinOutPanel:1561 - setPackage(No Configuration,No Configuration)
2024-10-29 19:19:22,234 [INFO] CADModel:165 - CPN selected for project level
2024-10-29 19:19:22,234 [INFO] CADModel:114 - Register for checkConnection events
2024-10-29 19:19:22,257 [INFO] IPUIPlugin:80 - create IPUIPlugin
2024-10-29 19:19:22,257 [INFO] PluginManager:220 - loadIPPluginJar : add adc
2024-10-29 19:19:22,287 [INFO] IPUIPlugin:80 - create IPUIPlugin
2024-10-29 19:19:22,287 [INFO] PluginManager:220 - loadIPPluginJar : add aes
2024-10-29 19:19:22,318 [INFO] IPUIPlugin:80 - create IPUIPlugin
2024-10-29 19:19:22,318 [INFO] PluginManager:220 - loadIPPluginJar : add can
2024-10-29 19:19:22,335 [INFO] IPUIPlugin:80 - create IPUIPlugin
2024-10-29 19:19:22,335 [INFO] PluginManager:220 - loadIPPluginJar : add comp
2024-10-29 19:19:22,358 [INFO] IPUIPlugin:80 - create IPUIPlugin
2024-10-29 19:19:22,358 [INFO] PluginManager:220 - loadIPPluginJar : add cryp
2024-10-29 19:19:22,367 [INFO] IPUIPlugin:80 - create IPUIPlugin
2024-10-29 19:19:22,367 [INFO] PluginManager:220 - loadIPPluginJar : add ddr_ctrl_phy
2024-10-29 19:19:22,389 [INFO] IPUIPlugin:80 - create IPUIPlugin
2024-10-29 19:19:22,389 [INFO] PluginManager:220 - loadIPPluginJar : add dfsdm
2024-10-29 19:19:22,400 [INFO] IPUIPlugin:80 - create IPUIPlugin
2024-10-29 19:19:22,401 [INFO] PluginManager:220 - loadIPPluginJar : add dma
2024-10-29 19:19:22,431 [INFO] IPUIPlugin:80 - create IPUIPlugin
2024-10-29 19:19:22,431 [INFO] PluginManager:220 - loadIPPluginJar : add dma3
2024-10-29 19:19:22,465 [INFO] IPUIPlugin:80 - create IPUIPlugin
2024-10-29 19:19:22,465 [INFO] PluginManager:220 - loadIPPluginJar : add extmemmanager
2024-10-29 19:19:22,481 [INFO] IPUIPlugin:80 - create IPUIPlugin
2024-10-29 19:19:22,481 [INFO] PluginManager:220 - loadIPPluginJar : add fatfs
2024-10-29 19:19:22,516 [INFO] IPUIPlugin:80 - create IPUIPlugin
2024-10-29 19:19:22,516 [INFO] PluginManager:220 - loadIPPluginJar : add fmc
2024-10-29 19:19:22,528 [INFO] IPUIPlugin:80 - create IPUIPlugin
2024-10-29 19:19:22,529 [INFO] PluginManager:220 - loadIPPluginJar : add freertos
2024-10-29 19:19:22,545 [INFO] IPUIPlugin:80 - create IPUIPlugin
2024-10-29 19:19:22,545 [INFO] PluginManager:220 - loadIPPluginJar : add genericplugin
2024-10-29 19:19:22,614 [INFO] IPUIPlugin:80 - create IPUIPlugin
2024-10-29 19:19:22,614 [INFO] PluginManager:220 - loadIPPluginJar : add gfxmmu
2024-10-29 19:19:22,704 [INFO] IPUIPlugin:80 - create IPUIPlugin
2024-10-29 19:19:22,704 [INFO] PluginManager:220 - loadIPPluginJar : add gic
2024-10-29 19:19:22,714 [INFO] IPUIPlugin:80 - create IPUIPlugin
2024-10-29 19:19:22,714 [INFO] PluginManager:220 - loadIPPluginJar : add gpio
2024-10-29 19:19:22,784 [INFO] IPUIPlugin:80 - create IPUIPlugin
2024-10-29 19:19:22,784 [INFO] PluginManager:220 - loadIPPluginJar : add gtzc
2024-10-29 19:19:22,808 [INFO] IPUIPlugin:80 - create IPUIPlugin
2024-10-29 19:19:22,808 [INFO] PluginManager:220 - loadIPPluginJar : add hash
2024-10-29 19:19:22,847 [INFO] IPUIPlugin:80 - create IPUIPlugin
2024-10-29 19:19:22,847 [INFO] PluginManager:220 - loadIPPluginJar : add i2c
2024-10-29 19:19:22,884 [INFO] IPUIPlugin:80 - create IPUIPlugin
2024-10-29 19:19:22,884 [INFO] PluginManager:220 - loadIPPluginJar : add i2s
2024-10-29 19:19:22,920 [INFO] IPUIPlugin:80 - create IPUIPlugin
2024-10-29 19:19:22,920 [INFO] PluginManager:220 - loadIPPluginJar : add i3c
2024-10-29 19:19:23,021 [INFO] IPUIPlugin:80 - create IPUIPlugin
2024-10-29 19:19:23,021 [INFO] PluginManager:220 - loadIPPluginJar : add ipddr
2024-10-29 19:19:23,118 [INFO] IPUIPlugin:80 - create IPUIPlugin
2024-10-29 19:19:23,118 [INFO] PluginManager:220 - loadIPPluginJar : add linkedlist
2024-10-29 19:19:23,154 [INFO] IPUIPlugin:80 - create IPUIPlugin
2024-10-29 19:19:23,154 [INFO] PluginManager:220 - loadIPPluginJar : add lorawan
2024-10-29 19:19:23,193 [INFO] IPUIPlugin:80 - create IPUIPlugin
2024-10-29 19:19:23,193 [INFO] PluginManager:220 - loadIPPluginJar : add ltdc
2024-10-29 19:19:23,207 [INFO] IPUIPlugin:80 - create IPUIPlugin
2024-10-29 19:19:23,207 [INFO] PluginManager:220 - loadIPPluginJar : add mdma
2024-10-29 19:19:23,220 [INFO] IPUIPlugin:80 - create IPUIPlugin
2024-10-29 19:19:23,220 [INFO] PluginManager:220 - loadIPPluginJar : add nvic
2024-10-29 19:19:23,258 [INFO] IPUIPlugin:80 - create IPUIPlugin
2024-10-29 19:19:23,258 [INFO] PluginManager:220 - loadIPPluginJar : add opamp
2024-10-29 19:19:23,314 [INFO] IPUIPlugin:80 - create IPUIPlugin
2024-10-29 19:19:23,314 [INFO] PluginManager:220 - loadIPPluginJar : add openamp
2024-10-29 19:19:23,349 [INFO] IPUIPlugin:80 - create IPUIPlugin
2024-10-29 19:19:23,349 [INFO] PluginManager:220 - loadIPPluginJar : add pdm2pcm
2024-10-29 19:19:23,361 [INFO] IPUIPlugin:80 - create IPUIPlugin
2024-10-29 19:19:23,362 [INFO] PluginManager:220 - loadIPPluginJar : add plateformsettings
2024-10-29 19:19:23,381 [INFO] IPUIPlugin:80 - create IPUIPlugin
2024-10-29 19:19:23,381 [INFO] PluginManager:220 - loadIPPluginJar : add quadspi
2024-10-29 19:19:23,402 [INFO] IPUIPlugin:80 - create IPUIPlugin
2024-10-29 19:19:23,402 [INFO] PluginManager:220 - loadIPPluginJar : add radio
2024-10-29 19:19:23,413 [INFO] IPUIPlugin:80 - create IPUIPlugin
2024-10-29 19:19:23,413 [INFO] PluginManager:220 - loadIPPluginJar : add resmgrutility
2024-10-29 19:19:23,448 [INFO] IPUIPlugin:80 - create IPUIPlugin
2024-10-29 19:19:23,449 [INFO] PluginManager:220 - loadIPPluginJar : add sai
2024-10-29 19:19:23,476 [INFO] IPUIPlugin:80 - create IPUIPlugin
2024-10-29 19:19:23,476 [INFO] PluginManager:220 - loadIPPluginJar : add spi
2024-10-29 19:19:23,539 [INFO] IPUIPlugin:80 - create IPUIPlugin
2024-10-29 19:19:23,539 [INFO] PluginManager:220 - loadIPPluginJar : add stm32_wpan
2024-10-29 19:19:23,567 [INFO] IPUIPlugin:80 - create IPUIPlugin
2024-10-29 19:19:23,567 [INFO] PluginManager:220 - loadIPPluginJar : add tim
2024-10-29 19:19:23,636 [INFO] IPUIPlugin:80 - create IPUIPlugin
2024-10-29 19:19:23,636 [INFO] PluginManager:220 - loadIPPluginJar : add touchsensing
2024-10-29 19:19:23,659 [INFO] IPUIPlugin:80 - create IPUIPlugin
2024-10-29 19:19:23,659 [INFO] PluginManager:220 - loadIPPluginJar : add tracer_emb
2024-10-29 19:19:23,678 [INFO] IPUIPlugin:80 - create IPUIPlugin
2024-10-29 19:19:23,678 [INFO] PluginManager:220 - loadIPPluginJar : add ts
2024-10-29 19:19:23,695 [INFO] IPUIPlugin:80 - create IPUIPlugin
2024-10-29 19:19:23,695 [INFO] PluginManager:220 - loadIPPluginJar : add tsc
2024-10-29 19:19:23,713 [INFO] IPUIPlugin:80 - create IPUIPlugin
2024-10-29 19:19:23,713 [INFO] PluginManager:220 - loadIPPluginJar : add ucpd
2024-10-29 19:19:23,745 [INFO] IPUIPlugin:80 - create IPUIPlugin
2024-10-29 19:19:23,745 [INFO] PluginManager:220 - loadIPPluginJar : add usart
2024-10-29 19:19:23,777 [INFO] IPUIPlugin:80 - create IPUIPlugin
2024-10-29 19:19:23,777 [INFO] PluginManager:220 - loadIPPluginJar : add usbx
2024-10-29 19:19:23,890 [INFO] CADModel:165 - CPN selected for project level
2024-10-29 19:19:23,890 [INFO] CADModel:114 - Register for checkConnection events
2024-10-29 19:19:23,890 [FATAL] Updater:334 - Updater called before beeing initialized
2024-10-29 19:19:23,891 [ERROR] CADModel:125 - Updater not yet initialized, retry later 
2024-10-29 19:19:24,001 [INFO] CADModel:165 - CPN selected for project level
2024-10-29 19:19:24,001 [INFO] CADModel:114 - Register for checkConnection events
2024-10-29 19:19:24,001 [FATAL] Updater:334 - Updater called before beeing initialized
2024-10-29 19:19:24,001 [ERROR] CADModel:125 - Updater not yet initialized, retry later 
2024-10-29 19:19:24,004 [FATAL] Updater:334 - Updater called before beeing initialized
2024-10-29 19:19:24,080 [FATAL] Updater:334 - Updater called before beeing initialized
2024-10-29 19:19:24,089 [INFO] DbMcusAds:53 - JSON generation date=Fri Sep 20 20:04:38 ICT 2024 (1726837478367)
2024-10-29 19:19:24,090 [FATAL] Updater:334 - Updater called before beeing initialized
2024-10-29 19:19:24,123 [WARN] DetailPanel:346 - Failed to get advertising image, set to default
2024-10-29 19:19:24,198 [FATAL] Updater:334 - Updater called before beeing initialized
2024-10-29 19:19:24,200 [FATAL] Updater:334 - Updater called before beeing initialized
2024-10-29 19:19:24,200 [FATAL] Updater:334 - Updater called before beeing initialized
2024-10-29 19:19:24,200 [WARN] DetailPanel:346 - Failed to get advertising image, set to default
2024-10-29 19:19:24,201 [FATAL] Updater:334 - Updater called before beeing initialized
2024-10-29 19:19:24,250 [ERROR] Updater:1164 - MainUpdater not yet initialized. External WinMGr cannot be set.
2024-10-29 19:19:24,261 [INFO] Updater:1100 - Updater Version found : 6.12.1
2024-10-29 19:19:24,280 [INFO] ApplicationProperties:184 - Using Application install path: C:\ST\STM32CubeIDE_1.16.1\STM32CubeIDE\plugins\com.st.stm32cube.common.mx_6.12.1.202409122256
2024-10-29 19:19:24,677 [INFO] MainUpdater:2873 - connection check result : 10
2024-10-29 19:19:24,678 [INFO] MainUpdater:290 - Updater Check For Update Now.
2024-10-29 19:19:24,678 [INFO] MicroXplorer:498 - Change Database Version : DB.6.0.121
2024-10-29 19:19:24,692 [INFO] McuFinderGlobals:63 - Set McuFinder mode to 2 (CubeIDE integrated)
2024-10-29 19:19:24,698 [INFO] UserAuth:417 - Internet connection configuration mode: 1
2024-10-29 19:19:24,720 [INFO] JxBrowserEngine:152 - Initiate JxBrowser Engine with user profile folder
2024-10-29 19:19:24,804 [WARN] MainUpdater:1194 - Updater busy. Cannot search thirdparties
2024-10-29 19:19:24,804 [INFO] ThirdPartyUpdaterWithRetryManager:96 - Updater plugin is busy. [1/15]
2024-10-29 19:19:24,890 [INFO] CheckServerUpdateThread:120 - End of CheckServer Thread
2024-10-29 19:19:27,869 [INFO] ThirdParty:978 - Integrity check success = true
2024-10-29 19:19:27,869 [INFO] IntegrityCheckThread:100 - exiting critical section [integrity check]
2024-10-29 19:19:27,869 [INFO] IntegrityCheckThread:103 - End integrity checks thread
2024-10-29 19:19:29,282 [INFO] WebApp:167 - Instantiating new browser for Auth
2024-10-29 19:19:29,996 [INFO] WebApp:448 - Apply proxy settings
2024-10-29 19:19:29,996 [INFO] WebApp:533 - Chromium requires no authentication
2024-10-29 19:19:30,013 [INFO] WebApp:476 - Direct internet connection detected
2024-10-29 19:19:30,055 [INFO] WebApp:869 - Register for checkConnection events
2024-10-29 19:19:30,055 [INFO] WebApp:448 - Apply proxy settings
2024-10-29 19:19:30,055 [INFO] WebApp:533 - Chromium requires no authentication
2024-10-29 19:19:30,056 [INFO] WebApp:476 - Direct internet connection detected
2024-10-29 19:19:30,255 [INFO] WebApp:220 - Starting web application
2024-10-29 19:19:30,255 [INFO] WebApp:578 - Web application path used C:\ST\STM32CubeIDE_1.16.1\STM32CubeIDE\plugins\com.st.stm32cube.common.mx_6.12.1.202409122256\db\plugins\mcufinder\reactClient1\index.html
2024-10-29 19:19:30,432 [INFO] UserAuth:417 - Internet connection configuration mode: 1
2024-10-29 19:19:30,501 [INFO] WebApp:186 - Connection restablished
2024-10-29 21:18:26,196 [ERROR] LogOutputStream:75 - [STDERR_REDIRECT] 
2024-10-29 22:09:21,225 [INFO] Activator:176 - 


2024-10-29 22:09:21,228 [INFO] Activator:177 - !SESSION log4j initialized
2024-10-29 22:09:29,065 [INFO] LogOutputStream:77 - [STDOUT_REDIRECT] 
2024-10-29 22:09:30,864 [INFO] ApplicationProperties:184 - Using Application install path: C:\ST\STM32CubeIDE_1.16.1\STM32CubeIDE\plugins\com.st.stm32cube.common.mx_6.12.1.202409122256
2024-10-29 22:09:30,891 [INFO] DbMcusXml:78 - Set database path to: C:\ST\STM32CubeIDE_1.16.1\STM32CubeIDE\plugins\com.st.stm32cube.common.mx_6.12.1.202409122256\\db\/mcu/
2024-10-29 22:09:30,892 [INFO] ApiDb:274 - Set plugin database path to: C:\ST\STM32CubeIDE_1.16.1\STM32CubeIDE\plugins\com.st.stm32cube.common.mx_6.12.1.202409122256\\db\/plugins/boardmanager/
2024-10-29 22:09:30,892 [WARN] ApiDb:259 - Overriding images path with different value:  => C:\ST\STM32CubeIDE_1.16.1\STM32CubeIDE\plugins\com.st.stm32cube.common.mx_6.12.1.202409122256\\db\/plugins/mcufinder/images/
2024-10-29 22:09:30,902 [INFO] ApiDb:250 - Set database path to: C:\Users\OS\.stmcufinder\plugins\mcufinder//mcu/
2024-10-29 22:09:30,903 [INFO] DbMcusAds:125 - Set database path to: C:\Users\OS\.stmcufinder\plugins\mcufinder//mcu/
2024-10-29 22:09:31,598 [INFO] CrossReferenceDbSqlite:203 - Set database path to: C:\Users\OS\.stmcufinder\plugins\mcufinder//mcu/cs/
2024-10-29 22:09:31,736 [INFO] RulesReader:64 - Compatibility file has been processed (297 Rules)
2024-10-29 22:09:31,839 [INFO] DbMcusXml:78 - Set database path to: C:\ST\STM32CubeIDE_1.16.1\STM32CubeIDE\plugins\com.st.stm32cube.common.mx_6.12.1.202409122256\\db\/mcu/
2024-10-29 22:09:31,839 [INFO] ApiDb:274 - Set plugin database path to: C:\ST\STM32CubeIDE_1.16.1\STM32CubeIDE\plugins\com.st.stm32cube.common.mx_6.12.1.202409122256\\db\/plugins/boardmanager/
2024-10-29 22:09:31,839 [INFO] ApiDb:261 - Set plugin images path to: C:\ST\STM32CubeIDE_1.16.1\STM32CubeIDE\plugins\com.st.stm32cube.common.mx_6.12.1.202409122256\\db\/plugins/mcufinder/images/
2024-10-29 22:09:31,839 [WARN] DbFile:41 - Overriding database path with different value: C:\Users\OS\.stmcufinder\plugins\mcufinder/ => C:\Users\OS\.stmcufinder\plugins\mcufinder
2024-10-29 22:09:31,839 [INFO] ApiDb:250 - Set database path to: C:\Users\OS\.stmcufinder\plugins\mcufinder//mcu/
2024-10-29 22:09:31,839 [WARN] DbFile:41 - Overriding database path with different value: C:\Users\OS\.stmcufinder\plugins\mcufinder/ => C:\Users\OS\.stmcufinder\plugins\mcufinder
2024-10-29 22:09:31,839 [INFO] DbMcusAds:125 - Set database path to: C:\Users\OS\.stmcufinder\plugins\mcufinder//mcu/
2024-10-29 22:09:31,840 [WARN] DbFile:41 - Overriding database path with different value: C:\Users\OS\.stmcufinder\plugins\mcufinder/ => C:\Users\OS\.stmcufinder\plugins\mcufinder
2024-10-29 22:09:31,840 [WARN] DbFile:41 - Overriding database path with different value: C:\Users\OS\.stmcufinder\plugins\mcufinder/ => C:\Users\OS\.stmcufinder\plugins\mcufinder
2024-10-29 22:09:32,598 [INFO] CrossReferenceDbSqlite:203 - Set database path to: C:\Users\OS\.stmcufinder\plugins\mcufinder//mcu/cs/
2024-10-29 22:09:32,746 [INFO] MainPanel:268 - HeapMemory: 268435456
2024-10-29 22:09:32,929 [INFO] DbMcusXml:78 - Set database path to: C:\ST\STM32CubeIDE_1.16.1\STM32CubeIDE\plugins\com.st.stm32cube.common.mx_6.12.1.202409122256\\db\/mcu/
2024-10-29 22:09:32,929 [INFO] ApiDb:274 - Set plugin database path to: C:\ST\STM32CubeIDE_1.16.1\STM32CubeIDE\plugins\com.st.stm32cube.common.mx_6.12.1.202409122256\\db\/plugins/boardmanager/
2024-10-29 22:09:32,929 [INFO] ApiDb:261 - Set plugin images path to: C:\ST\STM32CubeIDE_1.16.1\STM32CubeIDE\plugins\com.st.stm32cube.common.mx_6.12.1.202409122256\\db\/plugins/mcufinder/images/
2024-10-29 22:09:32,930 [WARN] DbFile:41 - Overriding database path with different value: C:\Users\OS\.stmcufinder\plugins\mcufinder/ => C:\Users\OS\.stmcufinder\plugins\mcufinder
2024-10-29 22:09:32,930 [INFO] ApiDb:250 - Set database path to: C:\Users\OS\.stmcufinder\plugins\mcufinder//mcu/
2024-10-29 22:09:32,930 [WARN] DbFile:41 - Overriding database path with different value: C:\Users\OS\.stmcufinder\plugins\mcufinder/ => C:\Users\OS\.stmcufinder\plugins\mcufinder
2024-10-29 22:09:32,930 [INFO] DbMcusAds:125 - Set database path to: C:\Users\OS\.stmcufinder\plugins\mcufinder//mcu/
2024-10-29 22:09:32,930 [WARN] DbFile:41 - Overriding database path with different value: C:\Users\OS\.stmcufinder\plugins\mcufinder/ => C:\Users\OS\.stmcufinder\plugins\mcufinder
2024-10-29 22:09:32,930 [WARN] DbFile:41 - Overriding database path with different value: C:\Users\OS\.stmcufinder\plugins\mcufinder/ => C:\Users\OS\.stmcufinder\plugins\mcufinder
2024-10-29 22:09:33,598 [INFO] CrossReferenceDbSqlite:203 - Set database path to: C:\Users\OS\.stmcufinder\plugins\mcufinder//mcu/cs/
2024-10-29 22:09:33,622 [INFO] ApplicationProperties:184 - Using Application install path: C:\ST\STM32CubeIDE_1.16.1\STM32CubeIDE\plugins\com.st.stm32cube.common.mx_6.12.1.202409122256
2024-10-29 22:09:33,624 [INFO] PluginManage:196 - Search for loadable plugins [exclusion list=, ]
2024-10-29 22:09:33,626 [INFO] PluginManage:310 - Check plugin analytics
2024-10-29 22:09:34,710 [INFO] AnalyticsPlugin:253 - Accepted Software Licenses: 
2024-10-29 22:09:34,710 [INFO] AnalyticsPlugin:255 - Accepted CMSIS Pack Licenses: 
2024-10-29 22:09:34,710 [INFO] AnalyticsPlugin:257 - Accepted Firmware Licenses: 
2024-10-29 22:09:34,719 [INFO] PluginManage:359 - Loaded plugin analytics (category:tool,tabindex:-1)
2024-10-29 22:09:34,720 [INFO] PluginManage:310 - Check plugin cadmodel
2024-10-29 22:09:34,730 [INFO] CADModel:105 - Init CAD model plugin
2024-10-29 22:09:34,731 [INFO] PluginManage:359 - Loaded plugin cadmodel (category:power,tabindex:5)
2024-10-29 22:09:34,731 [INFO] PluginManage:310 - Check plugin clock
2024-10-29 22:09:34,755 [INFO] PluginManage:359 - Loaded plugin clock (category:base,tabindex:2)
2024-10-29 22:09:34,757 [INFO] PluginManage:310 - Check plugin ddr
2024-10-29 22:09:34,761 [INFO] PluginManage:359 - Loaded plugin ddr (category:tool,tabindex:6)
2024-10-29 22:09:34,762 [INFO] PluginManage:310 - Check plugin filemanager
2024-10-29 22:09:35,002 [INFO] PluginManage:359 - Loaded plugin filemanager (category:base,tabindex:10)
2024-10-29 22:09:35,003 [INFO] PluginManage:310 - Check plugin ipmanager
2024-10-29 22:09:35,015 [INFO] PluginManage:359 - Loaded plugin ipmanager (category:base,tabindex:5)
2024-10-29 22:09:35,015 [INFO] PluginManage:310 - Check plugin lpbam
2024-10-29 22:09:35,030 [INFO] PluginManage:359 - Loaded plugin lpbam (category:base,tabindex:0)
2024-10-29 22:09:35,031 [INFO] PluginManage:310 - Check plugin memorymap
2024-10-29 22:09:35,054 [INFO] PluginManage:359 - Loaded plugin memorymap (category:base,tabindex:4)
2024-10-29 22:09:35,055 [INFO] PluginManage:310 - Check plugin pinoutandconfiguration
2024-10-29 22:09:35,070 [INFO] PluginManage:359 - Loaded plugin pinoutandconfiguration (category:base,tabindex:1)
2024-10-29 22:09:35,071 [INFO] PluginManage:310 - Check plugin pinoutconfig
2024-10-29 22:09:35,223 [WARN] SupportedApi:132 - Cannot load RTOS API schema: s4s-elt-must-match.1: The content of 'definitions' must match (annotation?, (simpleType | complexType)?, (unique | key | keyref)*)). A problem was found starting at: attribute.
2024-10-29 22:09:35,417 [INFO] PluginManage:359 - Loaded plugin pinoutconfig (category:base,tabindex:0)
2024-10-29 22:09:35,417 [INFO] PluginManage:310 - Check plugin power
2024-10-29 22:09:35,432 [INFO] PluginManage:359 - Loaded plugin power (category:power,tabindex:4)
2024-10-29 22:09:35,432 [INFO] PluginManage:310 - Check plugin projectmanager
2024-10-29 22:09:35,459 [INFO] PluginManage:359 - Loaded plugin projectmanager (category:projectmanager,tabindex:4)
2024-10-29 22:09:35,460 [INFO] PluginManage:310 - Check plugin rif
2024-10-29 22:09:35,468 [INFO] PluginManage:359 - Loaded plugin rif (category:base,tabindex:3)
2024-10-29 22:09:35,469 [INFO] PluginManage:310 - Check plugin thirdparty
2024-10-29 22:09:35,679 [INFO] PluginManage:359 - Loaded plugin thirdparty (category:base,tabindex:-1)
2024-10-29 22:09:35,679 [WARN] IntegrityCheckThread:84 - waiting for thirdparty lock release [integrity check]
2024-10-29 22:09:35,680 [INFO] PluginManage:310 - Check plugin tools
2024-10-29 22:09:35,680 [INFO] IntegrityCheckThread:86 - entering critical section [integrity check]
2024-10-29 22:09:35,681 [INFO] ThirdPartyUpdaterWithRetryManager:70 - Updater plugin not ready yet. [1/15]
2024-10-29 22:09:35,684 [INFO] PluginManage:359 - Loaded plugin tools (category:base,tabindex:7)
2024-10-29 22:09:35,684 [INFO] PluginManage:310 - Check plugin tutovideos
2024-10-29 22:09:35,927 [INFO] PluginManage:359 - Loaded plugin tutovideos (category:base,tabindex:-1)
2024-10-29 22:09:35,927 [INFO] PluginManage:310 - Check plugin updater
2024-10-29 22:09:35,951 [INFO] PluginManage:359 - Loaded plugin updater (category:base,tabindex:12)
2024-10-29 22:09:35,952 [INFO] PluginManage:310 - Check plugin userauth
2024-10-29 22:09:35,961 [INFO] UserAuth:113 - Init User Auth plugin
2024-10-29 22:09:35,961 [INFO] PluginManage:359 - Loaded plugin userauth (category:base,tabindex:14)
2024-10-29 22:09:35,962 [INFO] PluginManage:283 - PluginManage : Loaded plugins [18]
2024-10-29 22:09:36,261 [INFO] PinOutPanel:1561 - setPackage(No Configuration,No Configuration)
2024-10-29 22:09:36,399 [INFO] CADModel:165 - CPN selected for project level
2024-10-29 22:09:36,399 [INFO] CADModel:114 - Register for checkConnection events
2024-10-29 22:09:36,439 [INFO] IPUIPlugin:80 - create IPUIPlugin
2024-10-29 22:09:36,439 [INFO] PluginManager:220 - loadIPPluginJar : add adc
2024-10-29 22:09:36,444 [INFO] IPUIPlugin:80 - create IPUIPlugin
2024-10-29 22:09:36,444 [INFO] PluginManager:220 - loadIPPluginJar : add aes
2024-10-29 22:09:36,449 [INFO] IPUIPlugin:80 - create IPUIPlugin
2024-10-29 22:09:36,450 [INFO] PluginManager:220 - loadIPPluginJar : add can
2024-10-29 22:09:36,453 [INFO] IPUIPlugin:80 - create IPUIPlugin
2024-10-29 22:09:36,453 [INFO] PluginManager:220 - loadIPPluginJar : add comp
2024-10-29 22:09:36,458 [INFO] IPUIPlugin:80 - create IPUIPlugin
2024-10-29 22:09:36,458 [INFO] PluginManager:220 - loadIPPluginJar : add cryp
2024-10-29 22:09:36,462 [INFO] IPUIPlugin:80 - create IPUIPlugin
2024-10-29 22:09:36,464 [INFO] PluginManager:220 - loadIPPluginJar : add ddr_ctrl_phy
2024-10-29 22:09:36,467 [INFO] IPUIPlugin:80 - create IPUIPlugin
2024-10-29 22:09:36,468 [INFO] PluginManager:220 - loadIPPluginJar : add dfsdm
2024-10-29 22:09:36,482 [INFO] IPUIPlugin:80 - create IPUIPlugin
2024-10-29 22:09:36,484 [INFO] PluginManager:220 - loadIPPluginJar : add dma
2024-10-29 22:09:36,487 [INFO] IPUIPlugin:80 - create IPUIPlugin
2024-10-29 22:09:36,487 [INFO] PluginManager:220 - loadIPPluginJar : add dma3
2024-10-29 22:09:36,492 [INFO] IPUIPlugin:80 - create IPUIPlugin
2024-10-29 22:09:36,492 [INFO] PluginManager:220 - loadIPPluginJar : add extmemmanager
2024-10-29 22:09:36,495 [INFO] IPUIPlugin:80 - create IPUIPlugin
2024-10-29 22:09:36,496 [INFO] PluginManager:220 - loadIPPluginJar : add fatfs
2024-10-29 22:09:36,503 [INFO] IPUIPlugin:80 - create IPUIPlugin
2024-10-29 22:09:36,504 [INFO] PluginManager:220 - loadIPPluginJar : add fmc
2024-10-29 22:09:36,512 [INFO] IPUIPlugin:80 - create IPUIPlugin
2024-10-29 22:09:36,512 [INFO] PluginManager:220 - loadIPPluginJar : add freertos
2024-10-29 22:09:36,515 [INFO] IPUIPlugin:80 - create IPUIPlugin
2024-10-29 22:09:36,515 [INFO] PluginManager:220 - loadIPPluginJar : add genericplugin
2024-10-29 22:09:36,518 [INFO] IPUIPlugin:80 - create IPUIPlugin
2024-10-29 22:09:36,519 [INFO] PluginManager:220 - loadIPPluginJar : add gfxmmu
2024-10-29 22:09:36,525 [INFO] IPUIPlugin:80 - create IPUIPlugin
2024-10-29 22:09:36,526 [INFO] PluginManager:220 - loadIPPluginJar : add gic
2024-10-29 22:09:36,533 [INFO] IPUIPlugin:80 - create IPUIPlugin
2024-10-29 22:09:36,534 [INFO] PluginManager:220 - loadIPPluginJar : add gpio
2024-10-29 22:09:36,538 [INFO] IPUIPlugin:80 - create IPUIPlugin
2024-10-29 22:09:36,538 [INFO] PluginManager:220 - loadIPPluginJar : add gtzc
2024-10-29 22:09:36,542 [INFO] IPUIPlugin:80 - create IPUIPlugin
2024-10-29 22:09:36,543 [INFO] PluginManager:220 - loadIPPluginJar : add hash
2024-10-29 22:09:36,547 [INFO] IPUIPlugin:80 - create IPUIPlugin
2024-10-29 22:09:36,547 [INFO] PluginManager:220 - loadIPPluginJar : add i2c
2024-10-29 22:09:36,551 [INFO] IPUIPlugin:80 - create IPUIPlugin
2024-10-29 22:09:36,551 [INFO] PluginManager:220 - loadIPPluginJar : add i2s
2024-10-29 22:09:36,555 [INFO] IPUIPlugin:80 - create IPUIPlugin
2024-10-29 22:09:36,555 [INFO] PluginManager:220 - loadIPPluginJar : add i3c
2024-10-29 22:09:36,558 [INFO] IPUIPlugin:80 - create IPUIPlugin
2024-10-29 22:09:36,559 [INFO] PluginManager:220 - loadIPPluginJar : add ipddr
2024-10-29 22:09:36,570 [INFO] IPUIPlugin:80 - create IPUIPlugin
2024-10-29 22:09:36,570 [INFO] PluginManager:220 - loadIPPluginJar : add linkedlist
2024-10-29 22:09:36,576 [INFO] IPUIPlugin:80 - create IPUIPlugin
2024-10-29 22:09:36,577 [INFO] PluginManager:220 - loadIPPluginJar : add lorawan
2024-10-29 22:09:36,580 [INFO] IPUIPlugin:80 - create IPUIPlugin
2024-10-29 22:09:36,580 [INFO] PluginManager:220 - loadIPPluginJar : add ltdc
2024-10-29 22:09:36,590 [INFO] IPUIPlugin:80 - create IPUIPlugin
2024-10-29 22:09:36,590 [INFO] PluginManager:220 - loadIPPluginJar : add mdma
2024-10-29 22:09:36,597 [INFO] IPUIPlugin:80 - create IPUIPlugin
2024-10-29 22:09:36,597 [INFO] PluginManager:220 - loadIPPluginJar : add nvic
2024-10-29 22:09:36,602 [INFO] IPUIPlugin:80 - create IPUIPlugin
2024-10-29 22:09:36,603 [INFO] PluginManager:220 - loadIPPluginJar : add opamp
2024-10-29 22:09:36,608 [INFO] IPUIPlugin:80 - create IPUIPlugin
2024-10-29 22:09:36,608 [INFO] PluginManager:220 - loadIPPluginJar : add openamp
2024-10-29 22:09:36,613 [INFO] IPUIPlugin:80 - create IPUIPlugin
2024-10-29 22:09:36,613 [INFO] PluginManager:220 - loadIPPluginJar : add pdm2pcm
2024-10-29 22:09:36,623 [INFO] IPUIPlugin:80 - create IPUIPlugin
2024-10-29 22:09:36,628 [INFO] PluginManager:220 - loadIPPluginJar : add plateformsettings
2024-10-29 22:09:36,630 [INFO] IPUIPlugin:80 - create IPUIPlugin
2024-10-29 22:09:36,631 [INFO] PluginManager:220 - loadIPPluginJar : add quadspi
2024-10-29 22:09:36,633 [INFO] IPUIPlugin:80 - create IPUIPlugin
2024-10-29 22:09:36,635 [INFO] PluginManager:220 - loadIPPluginJar : add radio
2024-10-29 22:09:36,641 [INFO] IPUIPlugin:80 - create IPUIPlugin
2024-10-29 22:09:36,641 [INFO] PluginManager:220 - loadIPPluginJar : add resmgrutility
2024-10-29 22:09:36,645 [INFO] IPUIPlugin:80 - create IPUIPlugin
2024-10-29 22:09:36,645 [INFO] PluginManager:220 - loadIPPluginJar : add sai
2024-10-29 22:09:36,648 [INFO] IPUIPlugin:80 - create IPUIPlugin
2024-10-29 22:09:36,648 [INFO] PluginManager:220 - loadIPPluginJar : add spi
2024-10-29 22:09:36,657 [INFO] IPUIPlugin:80 - create IPUIPlugin
2024-10-29 22:09:36,657 [INFO] PluginManager:220 - loadIPPluginJar : add stm32_wpan
2024-10-29 22:09:36,662 [INFO] IPUIPlugin:80 - create IPUIPlugin
2024-10-29 22:09:36,662 [INFO] PluginManager:220 - loadIPPluginJar : add tim
2024-10-29 22:09:36,667 [INFO] IPUIPlugin:80 - create IPUIPlugin
2024-10-29 22:09:36,668 [INFO] PluginManager:220 - loadIPPluginJar : add touchsensing
2024-10-29 22:09:36,671 [INFO] IPUIPlugin:80 - create IPUIPlugin
2024-10-29 22:09:36,672 [INFO] PluginManager:220 - loadIPPluginJar : add tracer_emb
2024-10-29 22:09:36,675 [INFO] IPUIPlugin:80 - create IPUIPlugin
2024-10-29 22:09:36,676 [INFO] PluginManager:220 - loadIPPluginJar : add ts
2024-10-29 22:09:36,678 [INFO] IPUIPlugin:80 - create IPUIPlugin
2024-10-29 22:09:36,678 [INFO] PluginManager:220 - loadIPPluginJar : add tsc
2024-10-29 22:09:36,682 [INFO] IPUIPlugin:80 - create IPUIPlugin
2024-10-29 22:09:36,683 [INFO] PluginManager:220 - loadIPPluginJar : add ucpd
2024-10-29 22:09:36,687 [INFO] IPUIPlugin:80 - create IPUIPlugin
2024-10-29 22:09:36,688 [INFO] PluginManager:220 - loadIPPluginJar : add usart
2024-10-29 22:09:36,693 [INFO] IPUIPlugin:80 - create IPUIPlugin
2024-10-29 22:09:36,694 [INFO] PluginManager:220 - loadIPPluginJar : add usbx
2024-10-29 22:09:36,845 [INFO] CADModel:165 - CPN selected for project level
2024-10-29 22:09:36,846 [INFO] CADModel:114 - Register for checkConnection events
2024-10-29 22:09:36,847 [FATAL] Updater:334 - Updater called before beeing initialized
2024-10-29 22:09:36,847 [ERROR] CADModel:125 - Updater not yet initialized, retry later 
2024-10-29 22:09:36,992 [INFO] CADModel:165 - CPN selected for project level
2024-10-29 22:09:36,992 [INFO] CADModel:114 - Register for checkConnection events
2024-10-29 22:09:36,992 [FATAL] Updater:334 - Updater called before beeing initialized
2024-10-29 22:09:36,992 [ERROR] CADModel:125 - Updater not yet initialized, retry later 
2024-10-29 22:09:36,995 [FATAL] Updater:334 - Updater called before beeing initialized
2024-10-29 22:09:37,100 [FATAL] Updater:334 - Updater called before beeing initialized
2024-10-29 22:09:37,104 [INFO] DbMcusAds:53 - JSON generation date=Fri Sep 20 20:04:38 ICT 2024 (1726837478367)
2024-10-29 22:09:37,104 [FATAL] Updater:334 - Updater called before beeing initialized
2024-10-29 22:09:37,144 [WARN] DetailPanel:346 - Failed to get advertising image, set to default
2024-10-29 22:09:37,243 [FATAL] Updater:334 - Updater called before beeing initialized
2024-10-29 22:09:37,245 [FATAL] Updater:334 - Updater called before beeing initialized
2024-10-29 22:09:37,245 [FATAL] Updater:334 - Updater called before beeing initialized
2024-10-29 22:09:37,245 [WARN] DetailPanel:346 - Failed to get advertising image, set to default
2024-10-29 22:09:37,247 [FATAL] Updater:334 - Updater called before beeing initialized
2024-10-29 22:09:37,306 [ERROR] Updater:1164 - MainUpdater not yet initialized. External WinMGr cannot be set.
2024-10-29 22:09:37,308 [INFO] Updater:1100 - Updater Version found : 6.12.1
2024-10-29 22:09:37,328 [INFO] ApplicationProperties:184 - Using Application install path: C:\ST\STM32CubeIDE_1.16.1\STM32CubeIDE\plugins\com.st.stm32cube.common.mx_6.12.1.202409122256
2024-10-29 22:09:37,681 [INFO] MainUpdater:2873 - connection check result : 10
2024-10-29 22:09:37,682 [INFO] MainUpdater:290 - Updater Check For Update Now.
2024-10-29 22:09:37,683 [INFO] MicroXplorer:498 - Change Database Version : DB.6.0.121
2024-10-29 22:09:37,690 [INFO] McuFinderGlobals:63 - Set McuFinder mode to 2 (CubeIDE integrated)
2024-10-29 22:09:37,691 [INFO] UserAuth:417 - Internet connection configuration mode: 1
2024-10-29 22:09:37,711 [INFO] JxBrowserEngine:152 - Initiate JxBrowser Engine with user profile folder
2024-10-29 22:09:37,885 [INFO] CheckServerUpdateThread:120 - End of CheckServer Thread
2024-10-29 22:09:38,795 [INFO] ThirdParty:978 - Integrity check success = true
2024-10-29 22:09:38,795 [INFO] IntegrityCheckThread:100 - exiting critical section [integrity check]
2024-10-29 22:09:38,796 [INFO] IntegrityCheckThread:103 - End integrity checks thread
2024-10-29 22:09:39,485 [INFO] WebApp:167 - Instantiating new browser for Auth
2024-10-29 22:09:40,537 [INFO] WebApp:448 - Apply proxy settings
2024-10-29 22:09:40,538 [INFO] WebApp:533 - Chromium requires no authentication
2024-10-29 22:09:40,557 [INFO] WebApp:476 - Direct internet connection detected
2024-10-29 22:09:40,601 [INFO] WebApp:869 - Register for checkConnection events
2024-10-29 22:09:40,601 [INFO] WebApp:448 - Apply proxy settings
2024-10-29 22:09:40,602 [INFO] WebApp:533 - Chromium requires no authentication
2024-10-29 22:09:40,602 [INFO] WebApp:476 - Direct internet connection detected
2024-10-29 22:09:40,881 [INFO] WebApp:186 - Connection restablished
2024-10-29 22:09:40,987 [INFO] WebApp:220 - Starting web application
2024-10-29 22:09:40,987 [INFO] WebApp:578 - Web application path used C:\ST\STM32CubeIDE_1.16.1\STM32CubeIDE\plugins\com.st.stm32cube.common.mx_6.12.1.202409122256\db\plugins\mcufinder\reactClient1\index.html
2024-10-29 22:09:41,182 [INFO] UserAuth:417 - Internet connection configuration mode: 1
2024-10-29 22:10:44,139 [INFO] WebApp:189 - Connection lost
2024-10-29 22:10:44,301 [INFO] WebApp:186 - Connection restablished
2024-10-29 22:13:08,259 [INFO] McuFinderGlobals:63 - Set McuFinder mode to 2 (CubeIDE integrated)
2024-10-29 22:13:08,281 [INFO] MainUpdater:2873 - connection check result : 10
2024-10-29 22:13:08,287 [INFO] MainUpdater:2873 - connection check result : 10
2024-10-29 22:13:08,431 [INFO] RulesReader:64 - Compatibility file has been processed (297 Rules)
2024-10-29 22:13:08,440 [INFO] RulesReader:64 - Compatibility file has been processed (297 Rules)
2024-10-29 22:13:08,444 [INFO] MicroXplorer:468 - Change Database Path : 
2024-10-29 22:13:08,444 [INFO] MicroXplorer:498 - Change Database Version : DB.6.0.121
2024-10-29 22:13:08,449 [WARN] ThirdParty:871 - waiting for thirdparty lock release [close project]
2024-10-29 22:13:08,449 [INFO] ThirdParty:873 - entering critical section [close project]
2024-10-29 22:13:08,449 [INFO] ThirdParty:883 - exiting critical section [close project]
2024-10-29 22:13:08,452 [INFO] PinOutPanel:1561 - setPackage(No Configuration,No Configuration)
2024-10-29 22:13:08,453 [INFO] UtilMem:75 - Begin LoadConfig() Used Memory: 614723128 Bytes (940572672)
2024-10-29 22:13:08,455 [INFO] MicroXplorer:468 - Change Database Path : 
2024-10-29 22:13:08,455 [INFO] MicroXplorer:498 - Change Database Version : DB.6.0.121
2024-10-29 22:13:08,455 [INFO] OpenFileManager:332 - Change cursor
2024-10-29 22:13:08,486 [INFO] Mcu:2032 - Initializing MCU STM32F103C(8-B)Tx STM32F103C8Tx STM32F103C8T6
2024-10-29 22:13:09,218 [INFO] Context:742 - Trying to add GPIOservice into a context  which must be forbidden
2024-10-29 22:13:09,492 [INFO] RtosManager:555 - Registered RTOS mode: class=CMSIS, group=RTOS, mode=CMSIS_V1, owner=FREERTOS
2024-10-29 22:13:09,492 [INFO] RtosManager:555 - Registered RTOS mode: class=CMSIS, group=RTOS2, mode=CMSIS_V2, owner=FREERTOS
2024-10-29 22:13:09,492 [INFO] RtosManager:555 - Registered RTOS mode: class=RTOS, group=Core, mode=CMSIS_V1, owner=FREERTOS
2024-10-29 22:13:09,492 [INFO] RtosManager:555 - Registered RTOS mode: class=RTOS, group=Core, mode=CMSIS_V2, owner=FREERTOS
2024-10-29 22:13:09,492 [WARN] ModelIntegratedComponent:184 - Missing modes for component STMicroelectronics:FreeRTOS:0.0.1:STMicroelectronics:RTOS:FreeRTOS:Core:::10.2.0:
2024-10-29 22:13:09,494 [WARN] ModelIntegratedComponent:63 - No mode defined for component null
2024-10-29 22:13:09,494 [WARN] ModelIntegratedComponent:63 - No mode defined for component null
2024-10-29 22:13:09,494 [WARN] ModelIntegratedComponent:63 - No mode defined for component null
2024-10-29 22:13:09,494 [WARN] ModelIntegratedComponent:63 - No mode defined for component null
2024-10-29 22:13:09,495 [WARN] ModelIntegratedComponent:63 - No mode defined for component null
2024-10-29 22:13:09,495 [WARN] ModelIntegratedComponent:63 - No mode defined for component null
2024-10-29 22:13:09,495 [WARN] ModelIntegratedComponent:63 - No mode defined for component null
2024-10-29 22:13:09,495 [WARN] ModelIntegratedComponent:63 - No mode defined for component null
2024-10-29 22:13:09,495 [WARN] ModelIntegratedComponent:63 - No mode defined for component null
2024-10-29 22:13:09,495 [WARN] ModelIntegratedComponent:63 - No mode defined for component null
2024-10-29 22:13:09,495 [WARN] ModelIntegratedComponent:63 - No mode defined for component null
2024-10-29 22:13:09,495 [WARN] ModelIntegratedComponent:63 - No mode defined for component null
2024-10-29 22:13:09,495 [WARN] ModelIntegratedComponent:63 - No mode defined for component null
2024-10-29 22:13:09,495 [WARN] ModelIntegratedComponent:63 - No mode defined for component null
2024-10-29 22:13:09,495 [WARN] ModelIntegratedComponent:63 - No mode defined for component null
2024-10-29 22:13:09,495 [WARN] ModelIntegratedComponent:63 - No mode defined for component null
2024-10-29 22:13:09,495 [WARN] ModelIntegratedComponent:63 - No mode defined for component null
2024-10-29 22:13:09,495 [WARN] ModelIntegratedComponent:63 - No mode defined for component null
2024-10-29 22:13:09,495 [WARN] ModelIntegratedComponent:63 - No mode defined for component null
2024-10-29 22:13:09,495 [WARN] ModelIntegratedComponent:63 - No mode defined for component null
2024-10-29 22:13:09,496 [WARN] ModelIntegratedComponent:63 - No mode defined for component null
2024-10-29 22:13:09,496 [WARN] ModelIntegratedComponent:63 - No mode defined for component null
2024-10-29 22:13:09,496 [WARN] ModelIntegratedComponent:63 - No mode defined for component null
2024-10-29 22:13:09,496 [WARN] ModelIntegratedComponent:63 - No mode defined for component null
2024-10-29 22:13:09,496 [WARN] ModelIntegratedComponent:63 - No mode defined for component null
2024-10-29 22:13:09,496 [WARN] ModelIntegratedComponent:63 - No mode defined for component null
2024-10-29 22:13:09,496 [WARN] ModelIntegratedComponent:63 - No mode defined for component null
2024-10-29 22:13:09,496 [WARN] ModelIntegratedComponent:63 - No mode defined for component null
2024-10-29 22:13:09,496 [WARN] ModelIntegratedComponent:63 - No mode defined for component null
2024-10-29 22:13:09,496 [WARN] ModelIntegratedComponent:63 - No mode defined for component null
2024-10-29 22:13:09,496 [WARN] ModelIntegratedComponent:63 - No mode defined for component null
2024-10-29 22:13:09,496 [WARN] ModelIntegratedComponent:63 - No mode defined for component null
2024-10-29 22:13:09,496 [WARN] ModelIntegratedComponent:63 - No mode defined for component null
2024-10-29 22:13:09,496 [WARN] ModelIntegratedComponent:63 - No mode defined for component null
2024-10-29 22:13:09,496 [WARN] ModelIntegratedComponent:63 - No mode defined for component null
2024-10-29 22:13:09,496 [WARN] ModelPack:524 - Component already loaded: STMicroelectronics:HAL Drivers:0.0.0:STMicroelectronics:Device:STMicro_Driver:XSPI:HAL::0.0.1:HAL_XSPI
2024-10-29 22:13:09,501 [INFO] ThirdPartyModel:298 - Start build external matchings
2024-10-29 22:13:09,502 [INFO] ThirdPartyModel:316 - End build external matchings
2024-10-29 22:13:09,505 [INFO] ImportTextPane:205 - (OptionalMessage_ERROR) IP (RCC) : Parameter (ADCFreqValue) has invalid value (36000000)
2024-10-29 22:13:09,505 [INFO] ImportTextPane:205 - (OptionalMessage_ERROR) IP (RCC) : Invalid parameter (FamilyName)
2024-10-29 22:13:09,505 [INFO] ImportTextPane:205 - (OptionalMessage_ERROR) IP (RCC) : Parameter (MCOFreq_Value) has invalid value (72000000)
2024-10-29 22:13:09,506 [INFO] ImportTextPane:205 - (OptionalMessage_ERROR) IP (RCC) : Parameter (USBFreq_Value) has invalid value (72000000)
2024-10-29 22:13:09,705 [INFO] ApiDb:581 - Connected to CubeFinder SQLite database (C:\Users\OS\.stmcufinder\plugins\mcufinder\mcu\cube-finder-db.db)
2024-10-29 22:13:09,775 [INFO] ApiDb:668 - CubeFinder database Data Model version=2.1
2024-10-29 22:13:09,775 [INFO] ApiDb:669 - CubeFinder database Configuration version=3.0.39
2024-10-29 22:13:09,776 [INFO] ApiDb:670 - CubeFinder database generation date=2024-10-15 (1729006872)
2024-10-29 22:13:09,776 [INFO] ApiDb:671 - CubeFinder database FW Pack versions=[FP-ATR-ASTRA1_V2.0.0, FP-SNS-FLIGHT1_V5.0.2, FP-SNS-MOTENV1_V5.0.0, FP-SNS-MOTENVWB1_V1.4.0, FP-SNS-SMARTAG2_V1.2.0, FP-SNS-STBOX1_V2.0.0, STM32Cube_FW_C0_V1.2.0, STM32Cube_FW_F4_V1.28.1, STM32Cube_FW_F7_V1.17.2, STM32Cube_FW_G0_V1.6.2, STM32Cube_FW_G4_V1.6.0, STM32Cube_FW_H5_V1.3.0, STM32Cube_FW_H7RS_V1.1.0, STM32Cube_FW_H7_V1.11.2, STM32Cube_FW_L0_V1.12.2, STM32Cube_FW_L5_V1.5.1, STM32Cube_FW_U0_V1.1.0, STM32Cube_FW_U5_V1.6.0, STM32Cube_FW_WB0_V1.0.0, STM32Cube_FW_WBA_V1.4.1, STM32Cube_FW_WB_V1.20.0, STM32Cube_FW_WL_V1.3.0, X-CUBE-ALGOBUILD_V1.4.0, X-CUBE-ALS_V1.0.2, X-CUBE-AZRTOS-F4_V1.1.0, X-CUBE-AZRTOS-F7_V1.1.0, X-CUBE-AZRTOS-G0_V1.1.0, X-CUBE-AZRTOS-G4_V2.0.0, X-CUBE-AZRTOS-H7RS_V1.0.0, X-CUBE-AZRTOS-H7_V3.3.0, X-CUBE-AZRTOS-L4_V2.0.0, X-CUBE-AZRTOS-L5_V2.0.0, X-CUBE-AZRTOS-WB_V2.0.0, X-CUBE-AZRTOS-WL_V2.0.0, X-CUBE-BLE1_V7.0.0, X-CUBE-BLE2_V3.3.0, X-CUBE-BLEMGR_V3.1.0, X-CUBE-EEPRMA1_V5.1.0, X-CUBE-FREERTOS_V1.2.0, X-CUBE-GNSS1_V6.0.0, X-CUBE-MEMS1_V11.0.0, X-CUBE-NFC4_V3.0.0, X-CUBE-NFC7_V1.0.1, X-CUBE-SFXS2LP1_V4.0.0, X-CUBE-SUBG2_V5.0.0, X-CUBE-TOF1_V3.4.2]
2024-10-29 22:13:09,887 [INFO] DbBoardsSqlite:226 - include board P-NUCLEO-WB55-NUCLEO as a kit item of type 'Nucleo-64'
2024-10-29 22:13:09,887 [INFO] DbBoardsSqlite:226 - include board P-NUCLEO-WB55-USBDONGLE as a kit item of type 'Nucleo USB Dongle'
2024-10-29 22:13:09,889 [INFO] DbBoardsSqlite:226 - include board STEVAL-IDP005V1 as a kit item of type 'Evaluation Board'
2024-10-29 22:13:09,889 [INFO] DbBoardsSqlite:226 - include board STEVAL-IDP005V2 as a kit item of type 'Evaluation Board'
2024-10-29 22:13:10,269 [INFO] ApiDb:240 - Found 646 in-development CPN: [B-G473E-ZEST1S, B-WB1M-WPAN1, B-WL5M-SUBG1, NUCLEO-C031C6, NUCLEO-C071RB, NUCLEO-H503RB, NUCLEO-H533RE, NUCLEO-H563ZI, NUCLEO-H7S3L8, NUCLEO-U031R8, NUCLEO-U083RC, NUCLEO-U545RE-Q, NUCLEO-U5A5ZJ-Q, NUCLEO-WB05KZ, NUCLEO-WB07CC, NUCLEO-WB09KE, NUCLEO-WBA52CG, NUCLEO-WBA55CG, STEVAL-PROTEUS1, STEVAL-SMARTAG2, STEVAL-STWINBX1, STM320518-EVAL, STM32C0116-DK, STM32C011D6Y3TR, STM32C011D6Y6TR, STM32C011F4P3, STM32C011F4P6, STM32C011F4U3, STM32C011F4U6TR, STM32C011F6P3, STM32C011F6P6, STM32C011F6U3, STM32C011F6U6TR, STM32C011J4M3, STM32C011J4M6, STM32C011J6M3, STM32C011J6M6, STM32C0316-DK, STM32C031C4T3, STM32C031C4T6, STM32C031C4U3, STM32C031C4U6, STM32C031C6T3, STM32C031C6T6, STM32C031C6U3, STM32C031C6U6, STM32C031F4P3, STM32C031F4P6, STM32C031F6P3, STM32C031F6P6, STM32C031G4U3, STM32C031G4U6, STM32C031G6U3, STM32C031G6U6, STM32C031K4T3, STM32C031K4T6, STM32C031K4U3, STM32C031K4U6, STM32C031K6T3, STM32C031K6T6, STM32C031K6U3, STM32C031K6U6, STM32C071C8T6, STM32C071C8T6N, STM32C071C8U6, STM32C071C8U6N, STM32C071CBT6, STM32C071CBT6N, STM32C071CBU6, STM32C071CBU6N, STM32C071F8P6, STM32C071F8P6N, STM32C071FBP6, STM32C071FBP6N, STM32C071FBY6TR, STM32C071G8U6, STM32C071G8U6N, STM32C071GBU6, STM32C071GBU6N, STM32C071K8T6, STM32C071K8T6N, STM32C071K8U6, STM32C071K8U6N, STM32C071KBT6, STM32C071KBT6N, STM32C071KBU6, STM32C071KBU6N, STM32C071R8T6, STM32C071R8T6N, STM32C071RBI6N, STM32C071RBT6, STM32C071RBT6N, STM32G071K8TXN, STM32G071K8UXN, STM32G081GBU6N, STM32G081KBT6N, STM32G081KBUXN, STM32G0B1CCT6N, STM32G0B1KCT6, STM32G0B1NEY6TR, STM32G0B1RCT6N, STM32G0C1CCT6, STM32G0C1CCT6N, STM32G0C1CCU6N, STM32G0C1CET6N, STM32G0C1CEU6N, STM32G0C1KCT6, STM32G0C1NEY6TR, STM32G0C1RCI6N, STM32G0C1RCT6N, STM32G0C1REI6N, STM32G0C1RET6N, STM32G0C1VCI6, STM32G0C1VEI6, STM32G411C6T3, STM32G411C6T6, STM32G411C6U3, STM32G411C6U6, STM32G411C8T3, STM32G411C8T6, STM32G411C8U3, STM32G411C8U6, STM32G411CBT3, STM32G411CBT6, STM32G411CBU3, STM32G411CBU6, STM32G411K6T3, STM32G411K6T6, STM32G411K6U3, STM32G411K6U6, STM32G411K8T3, STM32G411K8T6, STM32G411K8U3, STM32G411K8U6, STM32G411KBT3, STM32G411KBT6, STM32G411KBU3, STM32G411KBU6, STM32G411M6T3, STM32G411M6T6, STM32G411M8T3, STM32G411M8T6, STM32G411MBT3, STM32G411MBT6, STM32G411R6T3, STM32G411R6T6, STM32G411R8T3, STM32G411R8T6, STM32G411RBT3, STM32G411RBT6, STM32G414CBT3, STM32G414CBT6, STM32G414CBU3, STM32G414CBU6, STM32G414CCT3, STM32G414CCT6, STM32G414CCU3, STM32G414CCU6, STM32G414MBT3, STM32G414MBT6, STM32G414MCT3, STM32G414MCT6, STM32G414RBT3, STM32G414RBT6, STM32G414RCT3, STM32G414RCT6, STM32G414VBT3, STM32G414VBT6, STM32G414VCT3, STM32G414VCT6, STM32G431CBT3Z, STM32G431RBT3Z, STM32G471CCT6, STM32G471CCU6, STM32G471CET3, STM32G471CET6, STM32G471CEU3, STM32G471CEU6, STM32G471MCT6, STM32G471MET3, STM32G471MET6, STM32G471MEY6TR, STM32G471QCT6, STM32G471QET3, STM32G471RCT6, STM32G471RET3, STM32G471RET6, STM32G471VCH6, STM32G471VCI6, STM32G471VCT6, STM32G471VEH3, STM32G471VEH6, STM32G471VEI3, STM32G471VEI6, STM32G471VET3, STM32G471VET6, STM32G473QET3Z, STM32G473RET3Z, STM32G474CCT6, STM32G491RET3Z, STM32H503CBT6, STM32H503CBU6, STM32H503EBY6TR, STM32H503KBU6, STM32H503RBT6, STM32H523CCT6, STM32H523CCU6, STM32H523CET6, STM32H523CEU6, STM32H523HEY6TR, STM32H523RCT6, STM32H523RET6, STM32H523VCI6, STM32H523VCT6, STM32H523VEI6, STM32H523VET6, STM32H523ZCJ6, STM32H523ZCT6, STM32H523ZEJ6, STM32H523ZET6, STM32H533CET6, STM32H533CEU6, STM32H533HEY6TR, STM32H533RET6, STM32H533VEI6, STM32H533VET6, STM32H533ZEJ6, STM32H533ZET6, STM32H562AGI6, STM32H562AII6, STM32H562IGK6, STM32H562IGT6, STM32H562IIK6, STM32H562IIT6, STM32H562RGT6, STM32H562RGV6, STM32H562RIT6, STM32H562RIV6, STM32H562VGT6, STM32H562VIT6, STM32H562ZGT6, STM32H562ZIT6, STM32H563AGI6, STM32H563AII3Q, STM32H563AII6, STM32H563IGK6, STM32H563IGT6, STM32H563IIK3Q, STM32H563IIK6, STM32H563IIT3Q, STM32H563IIT6, STM32H563MIY3QTR, STM32H563RGT6, STM32H563RGV6, STM32H563RIT6, STM32H563RIV6, STM32H563VGT6, STM32H563VIT3Q, STM32H563VIT6, STM32H563ZGT6, STM32H563ZIT3Q, STM32H563ZIT6, STM32H573AII3Q, STM32H573AII6, STM32H573I-DK, STM32H573IIK3Q, STM32H573IIK6, STM32H573IIT3Q, STM32H573IIT6, STM32H573MIY3QTR, STM32H573RIT6, STM32H573RIV6, STM32H573VIT3Q, STM32H573VIT6, STM32H573ZIT3Q, STM32H573ZIT6, STM32H7R3A8I6, STM32H7R3I8K6, STM32H7R3I8T6, STM32H7R3L8H6, STM32H7R3L8H6H, STM32H7R3R8V6, STM32H7R3V8H6, STM32H7R3V8T6, STM32H7R3V8Y6TR, STM32H7R3Z8J6, STM32H7R3Z8T6, STM32H7R7A8I6, STM32H7R7I8K6, STM32H7R7I8T6, STM32H7R7L8H6, STM32H7R7L8H6H, STM32H7R7Z8J6, STM32H7S3A8I6, STM32H7S3I8K6, STM32H7S3I8T6, STM32H7S3L8H6, STM32H7S3L8H6H, STM32H7S3R8V6, STM32H7S3V8H6, STM32H7S3V8T6, STM32H7S3V8Y6TR, STM32H7S3Z8J6, STM32H7S3Z8T6, STM32H7S78-DK, STM32H7S7A8I6, STM32H7S7I8K6, STM32H7S7I8T6, STM32H7S7L8H6, STM32H7S7L8H6H, STM32H7S7Z8J6, STM32L4R5QGI6STR, STM32MP131AAE3, STM32MP131AAF3, STM32MP131AAG3, STM32MP131CAE3, STM32MP131CAF3, STM32MP131CAG3, STM32MP131DAE7, STM32MP131DAF7, STM32MP131DAG7, STM32MP131FAE7, STM32MP131FAF7, STM32MP131FAG7, STM32MP133AAE3, STM32MP133AAF3, STM32MP133AAG3, STM32MP133CAE3, STM32MP133CAF3, STM32MP133CAG3, STM32MP133DAE7, STM32MP133DAF7, STM32MP133DAG7, STM32MP133FAE7, STM32MP133FAF7, STM32MP133FAG7, STM32MP135AAE3, STM32MP135AAF3, STM32MP135AAG3, STM32MP135CAE3, STM32MP135CAF3, STM32MP135CAG3, STM32MP135DAE7, STM32MP135DAF7, STM32MP135DAG7, STM32MP135F-DK, STM32MP135FAE7, STM32MP135FAF7, STM32MP135FAF7T, STM32MP135FAF7U, STM32MP135FAG7, STM32MP251AAI3, STM32MP251AAK3, STM32MP251AAL3, STM32MP251CAI3, STM32MP251CAK3, STM32MP251CAL3, STM32MP251DAI3, STM32MP251DAK3, STM32MP251DAL3, STM32MP251FAI3, STM32MP251FAK3, STM32MP251FAL3, STM32MP253AAI3, STM32MP253AAK3, STM32MP253AAL3, STM32MP253CAI3, STM32MP253CAK3, STM32MP253CAL3, STM32MP253DAI3, STM32MP253DAK3, STM32MP253DAL3, STM32MP253FAI3, STM32MP253FAK3, STM32MP253FAL3, STM32MP255AAI3, STM32MP255AAK3, STM32MP255AAL3, STM32MP255CAI3, STM32MP255CAK3, STM32MP255CAL3, STM32MP255DAI3, STM32MP255DAK3, STM32MP255DAL3, STM32MP255FAI3, STM32MP255FAK3, STM32MP255FAL3, STM32MP257AAI3, STM32MP257AAK3, STM32MP257AAL3, STM32MP257CAI3, STM32MP257CAK3, STM32MP257CAL3, STM32MP257DAI3, STM32MP257DAK3, STM32MP257DAL3, STM32MP257F-DK, STM32MP257F-EV1, STM32MP257FAI3, STM32MP257FAK3, STM32MP257FAL3, STM32U031C6T6, STM32U031C6U6, STM32U031C8T6, STM32U031C8U6, STM32U031F4P6, STM32U031F6P6, STM32U031F8P6, STM32U031G6Y6TR, STM32U031G8Y6TR, STM32U031K4U6, STM32U031K6U6, STM32U031K8U6, STM32U031R6I6, STM32U031R6T6, STM32U031R8I6, STM32U031R8T6, STM32U073C8T6, STM32U073C8U6, STM32U073CBT6, STM32U073CBU6, STM32U073CCT6, STM32U073CCU6, STM32U073H8Y6TR, STM32U073HBY6TR, STM32U073HCY6TR, STM32U073K8U6, STM32U073KBU6, STM32U073KCU6, STM32U073M8I6, STM32U073M8T6, STM32U073MBI6, STM32U073MBT6, STM32U073MCI6, STM32U073MCT6, STM32U073R8I6, STM32U073R8T6, STM32U073RBI6, STM32U073RBT6, STM32U073RCI6, STM32U073RCT6, STM32U083C-DK, STM32U083CCT6, STM32U083CCU6, STM32U083HCY6TR, STM32U083KCU6, STM32U083MCI6, STM32U083MCT6, STM32U083RCI6, STM32U083RCT6, STM32U535CBT6, STM32U535CBT6Q, STM32U535CBU6, STM32U535CBU6Q, STM32U535CCT6, STM32U535CCT6Q, STM32U535CCU6, STM32U535CCU6Q, STM32U535CET6, STM32U535CET6Q, STM32U535CEU6, STM32U535CEU6Q, STM32U535JEY6QTR, STM32U535NCY6QTR, STM32U535NEY6QTR, STM32U535RBI6, STM32U535RBI6Q, STM32U535RBT6, STM32U535RBT6Q, STM32U535RCI6, STM32U535RCI6Q, STM32U535RCT6, STM32U535RCT6Q, STM32U535REI6, STM32U535REI6Q, STM32U535RET6, STM32U535RET6Q, STM32U535VCI6, STM32U535VCI6Q, STM32U535VCT6, STM32U535VCT6Q, STM32U535VEI6, STM32U535VEI6Q, STM32U535VET6, STM32U535VET6Q, STM32U545CET6, STM32U545CET6Q, STM32U545CEU6, STM32U545CEU6Q, STM32U545JEY6QTR, STM32U545NEY6QTR, STM32U545REI6, STM32U545REI6Q, STM32U545RET6, STM32U545RET6Q, STM32U545VEI6, STM32U545VEI6Q, STM32U545VET6, STM32U545VET6Q, STM32U595AIH6, STM32U595AIH6Q, STM32U595AJH6, STM32U595AJH6Q, STM32U595QII6, STM32U595QII6Q, STM32U595QJI6, STM32U595QJI6Q, STM32U595RIT6, STM32U595RIT6Q, STM32U595RJT6, STM32U595RJT6Q, STM32U595VIT6, STM32U595VIT6Q, STM32U595VJT6, STM32U595VJT6Q, STM32U595ZIT6, STM32U595ZIT6Q, STM32U595ZIY6QTR, STM32U595ZJT6, STM32U595ZJT6Q, STM32U595ZJY6QTR, STM32U599BJY6QTR, STM32U599NIH6Q, STM32U599NJH6Q, STM32U599VIT6Q, STM32U599VJT6, STM32U599VJT6Q, STM32U599ZIT6Q, STM32U599ZIY6QTR, STM32U599ZJT6Q, STM32U599ZJY6QTR, STM32U5A5AJH6, STM32U5A5AJH6Q, STM32U5A5QII3Q , STM32U5A5QJI6, STM32U5A5QJI6Q, STM32U5A5RJT6, STM32U5A5RJT6Q, STM32U5A5VJT6, STM32U5A5VJT6Q, STM32U5A5ZJT6, STM32U5A5ZJT6Q, STM32U5A5ZJY6QTR, STM32U5A9BJY6QTR, STM32U5A9J-DK, STM32U5A9NJH6Q, STM32U5A9VJT6Q, STM32U5A9ZJT6Q, STM32U5A9ZJY6QTR, STM32U5F7VIT6, STM32U5F7VIT6Q, STM32U5F7VJT6, STM32U5F7VJT6Q, STM32U5F9BJY6QTR, STM32U5F9NJH6Q, STM32U5F9VIT6Q, STM32U5F9VJT6Q, STM32U5F9ZIJ6QTR, STM32U5F9ZIT6Q, STM32U5F9ZJJ6QTR, STM32U5F9ZJT6Q, STM32U5G7VJT6, STM32U5G7VJT6Q, STM32U5G9BJY6QTR, STM32U5G9J-DK1, STM32U5G9J-DK2, STM32U5G9NJH6Q, STM32U5G9VJT6Q, STM32U5G9ZJJ6QTR, STM32U5G9ZJT6Q, STM32WB05KZV6TR, STM32WB05KZV7TR, STM32WB05TZF6TR, STM32WB05TZF7TR, STM32WB06CCF6TR, STM32WB06CCF7TR, STM32WB06CCV6TR, STM32WB06CCV7TR, STM32WB06KCV6TR, STM32WB06KCV7TR, STM32WB07CCF6TR, STM32WB07CCF7TR, STM32WB07CCV6TR, STM32WB07CCV7TR, STM32WB07KCV6TR, STM32WB07KCV7TR, STM32WB09KEV6TR, STM32WB09KEV7TR, STM32WB09TEF6TR, STM32WB09TEF7TR, STM32WB1MMCH6, STM32WBA50KGU6, STM32WBA50KGU6TR, STM32WBA52CEU6, STM32WBA52CEU6TR, STM32WBA52CEU7, STM32WBA52CEU7TR, STM32WBA52CGU6, STM32WBA52CGU6TR, STM32WBA52CGU6U, STM32WBA52CGU7, STM32WBA52CGU7TR, STM32WBA52KEU6, STM32WBA52KEU6TR, STM32WBA52KGU6, STM32WBA52KGU6TR, STM32WBA54CEU6, STM32WBA54CEU6TR, STM32WBA54CEU7, STM32WBA54CEU7TR, STM32WBA54CGU6, STM32WBA54CGU6TR, STM32WBA54CGU7, STM32WBA54CGU7TR, STM32WBA54KEU6, STM32WBA54KEU6TR, STM32WBA54KEU7, STM32WBA54KEU7TR, STM32WBA54KGU6, STM32WBA54KGU6TR, STM32WBA54KGU7, STM32WBA54KGU7TR, STM32WBA55CEU6, STM32WBA55CEU6TR, STM32WBA55CEU7, STM32WBA55CEU7TR, STM32WBA55CGU6, STM32WBA55CGU6TR, STM32WBA55CGU6U, STM32WBA55CGU7, STM32WBA55CGU7TR, STM32WBA55G-DK1, STM32WBA55HEF6, STM32WBA55HEF7, STM32WBA55HGF6, STM32WBA55HGF7, STM32WBA55UEI6, STM32WBA55UEI6TR, STM32WBA55UEI7, STM32WBA55UEI7TR, STM32WBA55UGI6, STM32WBA55UGI6TR, STM32WBA55UGI7, STM32WBA55UGI7TR, STM32WL5MOCH6, STM32WL5MOCH6TR]
2024-10-29 22:13:10,416 [INFO] BoardInfo:889 - No configuration file found for board P-NUCLEO-WB55
2024-10-29 22:13:10,417 [INFO] DbBoards:161 - Kit is not supported: P-NUCLEO-WB55
2024-10-29 22:13:10,422 [INFO] BoardInfo:889 - No configuration file found for board STEVAL-BFA001V1B
2024-10-29 22:13:10,423 [INFO] DbBoards:161 - Kit is not supported: STEVAL-BFA001V1B
2024-10-29 22:13:10,423 [INFO] BoardInfo:889 - No configuration file found for board STEVAL-BFA001V2B
2024-10-29 22:13:10,424 [INFO] DbBoards:161 - Kit is not supported: STEVAL-BFA001V2B
2024-10-29 22:13:10,564 [INFO] DbBoards:168 - Found 201 boards, 198 are supported
2024-10-29 22:13:10,564 [INFO] DbBoards:169 - Found 201 boards, 25 of them is supported for  Bsp
2024-10-29 22:13:10,567 [INFO] ApiDb:668 - CubeFinder database Data Model version=2.1
2024-10-29 22:13:10,567 [INFO] ApiDb:669 - CubeFinder database Configuration version=3.0.39
2024-10-29 22:13:10,567 [INFO] ApiDb:670 - CubeFinder database generation date=2024-10-15 (1729006872)
2024-10-29 22:13:10,567 [INFO] ApiDb:671 - CubeFinder database FW Pack versions=[FP-ATR-ASTRA1_V2.0.0, FP-SNS-FLIGHT1_V5.0.2, FP-SNS-MOTENV1_V5.0.0, FP-SNS-MOTENVWB1_V1.4.0, FP-SNS-SMARTAG2_V1.2.0, FP-SNS-STBOX1_V2.0.0, STM32Cube_FW_C0_V1.2.0, STM32Cube_FW_F4_V1.28.1, STM32Cube_FW_F7_V1.17.2, STM32Cube_FW_G0_V1.6.2, STM32Cube_FW_G4_V1.6.0, STM32Cube_FW_H5_V1.3.0, STM32Cube_FW_H7RS_V1.1.0, STM32Cube_FW_H7_V1.11.2, STM32Cube_FW_L0_V1.12.2, STM32Cube_FW_L5_V1.5.1, STM32Cube_FW_U0_V1.1.0, STM32Cube_FW_U5_V1.6.0, STM32Cube_FW_WB0_V1.0.0, STM32Cube_FW_WBA_V1.4.1, STM32Cube_FW_WB_V1.20.0, STM32Cube_FW_WL_V1.3.0, X-CUBE-ALGOBUILD_V1.4.0, X-CUBE-ALS_V1.0.2, X-CUBE-AZRTOS-F4_V1.1.0, X-CUBE-AZRTOS-F7_V1.1.0, X-CUBE-AZRTOS-G0_V1.1.0, X-CUBE-AZRTOS-G4_V2.0.0, X-CUBE-AZRTOS-H7RS_V1.0.0, X-CUBE-AZRTOS-H7_V3.3.0, X-CUBE-AZRTOS-L4_V2.0.0, X-CUBE-AZRTOS-L5_V2.0.0, X-CUBE-AZRTOS-WB_V2.0.0, X-CUBE-AZRTOS-WL_V2.0.0, X-CUBE-BLE1_V7.0.0, X-CUBE-BLE2_V3.3.0, X-CUBE-BLEMGR_V3.1.0, X-CUBE-EEPRMA1_V5.1.0, X-CUBE-FREERTOS_V1.2.0, X-CUBE-GNSS1_V6.0.0, X-CUBE-MEMS1_V11.0.0, X-CUBE-NFC4_V3.0.0, X-CUBE-NFC7_V1.0.1, X-CUBE-SFXS2LP1_V4.0.0, X-CUBE-SUBG2_V5.0.0, X-CUBE-TOF1_V3.4.2]
2024-10-29 22:13:12,155 [INFO] ApiDb:240 - Found 646 in-development CPN: [B-G473E-ZEST1S, B-WB1M-WPAN1, B-WL5M-SUBG1, NUCLEO-C031C6, NUCLEO-C071RB, NUCLEO-H503RB, NUCLEO-H533RE, NUCLEO-H563ZI, NUCLEO-H7S3L8, NUCLEO-U031R8, NUCLEO-U083RC, NUCLEO-U545RE-Q, NUCLEO-U5A5ZJ-Q, NUCLEO-WB05KZ, NUCLEO-WB07CC, NUCLEO-WB09KE, NUCLEO-WBA52CG, NUCLEO-WBA55CG, STEVAL-PROTEUS1, STEVAL-SMARTAG2, STEVAL-STWINBX1, STM320518-EVAL, STM32C0116-DK, STM32C011D6Y3TR, STM32C011D6Y6TR, STM32C011F4P3, STM32C011F4P6, STM32C011F4U3, STM32C011F4U6TR, STM32C011F6P3, STM32C011F6P6, STM32C011F6U3, STM32C011F6U6TR, STM32C011J4M3, STM32C011J4M6, STM32C011J6M3, STM32C011J6M6, STM32C0316-DK, STM32C031C4T3, STM32C031C4T6, STM32C031C4U3, STM32C031C4U6, STM32C031C6T3, STM32C031C6T6, STM32C031C6U3, STM32C031C6U6, STM32C031F4P3, STM32C031F4P6, STM32C031F6P3, STM32C031F6P6, STM32C031G4U3, STM32C031G4U6, STM32C031G6U3, STM32C031G6U6, STM32C031K4T3, STM32C031K4T6, STM32C031K4U3, STM32C031K4U6, STM32C031K6T3, STM32C031K6T6, STM32C031K6U3, STM32C031K6U6, STM32C071C8T6, STM32C071C8T6N, STM32C071C8U6, STM32C071C8U6N, STM32C071CBT6, STM32C071CBT6N, STM32C071CBU6, STM32C071CBU6N, STM32C071F8P6, STM32C071F8P6N, STM32C071FBP6, STM32C071FBP6N, STM32C071FBY6TR, STM32C071G8U6, STM32C071G8U6N, STM32C071GBU6, STM32C071GBU6N, STM32C071K8T6, STM32C071K8T6N, STM32C071K8U6, STM32C071K8U6N, STM32C071KBT6, STM32C071KBT6N, STM32C071KBU6, STM32C071KBU6N, STM32C071R8T6, STM32C071R8T6N, STM32C071RBI6N, STM32C071RBT6, STM32C071RBT6N, STM32G071K8TXN, STM32G071K8UXN, STM32G081GBU6N, STM32G081KBT6N, STM32G081KBUXN, STM32G0B1CCT6N, STM32G0B1KCT6, STM32G0B1NEY6TR, STM32G0B1RCT6N, STM32G0C1CCT6, STM32G0C1CCT6N, STM32G0C1CCU6N, STM32G0C1CET6N, STM32G0C1CEU6N, STM32G0C1KCT6, STM32G0C1NEY6TR, STM32G0C1RCI6N, STM32G0C1RCT6N, STM32G0C1REI6N, STM32G0C1RET6N, STM32G0C1VCI6, STM32G0C1VEI6, STM32G411C6T3, STM32G411C6T6, STM32G411C6U3, STM32G411C6U6, STM32G411C8T3, STM32G411C8T6, STM32G411C8U3, STM32G411C8U6, STM32G411CBT3, STM32G411CBT6, STM32G411CBU3, STM32G411CBU6, STM32G411K6T3, STM32G411K6T6, STM32G411K6U3, STM32G411K6U6, STM32G411K8T3, STM32G411K8T6, STM32G411K8U3, STM32G411K8U6, STM32G411KBT3, STM32G411KBT6, STM32G411KBU3, STM32G411KBU6, STM32G411M6T3, STM32G411M6T6, STM32G411M8T3, STM32G411M8T6, STM32G411MBT3, STM32G411MBT6, STM32G411R6T3, STM32G411R6T6, STM32G411R8T3, STM32G411R8T6, STM32G411RBT3, STM32G411RBT6, STM32G414CBT3, STM32G414CBT6, STM32G414CBU3, STM32G414CBU6, STM32G414CCT3, STM32G414CCT6, STM32G414CCU3, STM32G414CCU6, STM32G414MBT3, STM32G414MBT6, STM32G414MCT3, STM32G414MCT6, STM32G414RBT3, STM32G414RBT6, STM32G414RCT3, STM32G414RCT6, STM32G414VBT3, STM32G414VBT6, STM32G414VCT3, STM32G414VCT6, STM32G431CBT3Z, STM32G431RBT3Z, STM32G471CCT6, STM32G471CCU6, STM32G471CET3, STM32G471CET6, STM32G471CEU3, STM32G471CEU6, STM32G471MCT6, STM32G471MET3, STM32G471MET6, STM32G471MEY6TR, STM32G471QCT6, STM32G471QET3, STM32G471RCT6, STM32G471RET3, STM32G471RET6, STM32G471VCH6, STM32G471VCI6, STM32G471VCT6, STM32G471VEH3, STM32G471VEH6, STM32G471VEI3, STM32G471VEI6, STM32G471VET3, STM32G471VET6, STM32G473QET3Z, STM32G473RET3Z, STM32G474CCT6, STM32G491RET3Z, STM32H503CBT6, STM32H503CBU6, STM32H503EBY6TR, STM32H503KBU6, STM32H503RBT6, STM32H523CCT6, STM32H523CCU6, STM32H523CET6, STM32H523CEU6, STM32H523HEY6TR, STM32H523RCT6, STM32H523RET6, STM32H523VCI6, STM32H523VCT6, STM32H523VEI6, STM32H523VET6, STM32H523ZCJ6, STM32H523ZCT6, STM32H523ZEJ6, STM32H523ZET6, STM32H533CET6, STM32H533CEU6, STM32H533HEY6TR, STM32H533RET6, STM32H533VEI6, STM32H533VET6, STM32H533ZEJ6, STM32H533ZET6, STM32H562AGI6, STM32H562AII6, STM32H562IGK6, STM32H562IGT6, STM32H562IIK6, STM32H562IIT6, STM32H562RGT6, STM32H562RGV6, STM32H562RIT6, STM32H562RIV6, STM32H562VGT6, STM32H562VIT6, STM32H562ZGT6, STM32H562ZIT6, STM32H563AGI6, STM32H563AII3Q, STM32H563AII6, STM32H563IGK6, STM32H563IGT6, STM32H563IIK3Q, STM32H563IIK6, STM32H563IIT3Q, STM32H563IIT6, STM32H563MIY3QTR, STM32H563RGT6, STM32H563RGV6, STM32H563RIT6, STM32H563RIV6, STM32H563VGT6, STM32H563VIT3Q, STM32H563VIT6, STM32H563ZGT6, STM32H563ZIT3Q, STM32H563ZIT6, STM32H573AII3Q, STM32H573AII6, STM32H573I-DK, STM32H573IIK3Q, STM32H573IIK6, STM32H573IIT3Q, STM32H573IIT6, STM32H573MIY3QTR, STM32H573RIT6, STM32H573RIV6, STM32H573VIT3Q, STM32H573VIT6, STM32H573ZIT3Q, STM32H573ZIT6, STM32H7R3A8I6, STM32H7R3I8K6, STM32H7R3I8T6, STM32H7R3L8H6, STM32H7R3L8H6H, STM32H7R3R8V6, STM32H7R3V8H6, STM32H7R3V8T6, STM32H7R3V8Y6TR, STM32H7R3Z8J6, STM32H7R3Z8T6, STM32H7R7A8I6, STM32H7R7I8K6, STM32H7R7I8T6, STM32H7R7L8H6, STM32H7R7L8H6H, STM32H7R7Z8J6, STM32H7S3A8I6, STM32H7S3I8K6, STM32H7S3I8T6, STM32H7S3L8H6, STM32H7S3L8H6H, STM32H7S3R8V6, STM32H7S3V8H6, STM32H7S3V8T6, STM32H7S3V8Y6TR, STM32H7S3Z8J6, STM32H7S3Z8T6, STM32H7S78-DK, STM32H7S7A8I6, STM32H7S7I8K6, STM32H7S7I8T6, STM32H7S7L8H6, STM32H7S7L8H6H, STM32H7S7Z8J6, STM32L4R5QGI6STR, STM32MP131AAE3, STM32MP131AAF3, STM32MP131AAG3, STM32MP131CAE3, STM32MP131CAF3, STM32MP131CAG3, STM32MP131DAE7, STM32MP131DAF7, STM32MP131DAG7, STM32MP131FAE7, STM32MP131FAF7, STM32MP131FAG7, STM32MP133AAE3, STM32MP133AAF3, STM32MP133AAG3, STM32MP133CAE3, STM32MP133CAF3, STM32MP133CAG3, STM32MP133DAE7, STM32MP133DAF7, STM32MP133DAG7, STM32MP133FAE7, STM32MP133FAF7, STM32MP133FAG7, STM32MP135AAE3, STM32MP135AAF3, STM32MP135AAG3, STM32MP135CAE3, STM32MP135CAF3, STM32MP135CAG3, STM32MP135DAE7, STM32MP135DAF7, STM32MP135DAG7, STM32MP135F-DK, STM32MP135FAE7, STM32MP135FAF7, STM32MP135FAF7T, STM32MP135FAF7U, STM32MP135FAG7, STM32MP251AAI3, STM32MP251AAK3, STM32MP251AAL3, STM32MP251CAI3, STM32MP251CAK3, STM32MP251CAL3, STM32MP251DAI3, STM32MP251DAK3, STM32MP251DAL3, STM32MP251FAI3, STM32MP251FAK3, STM32MP251FAL3, STM32MP253AAI3, STM32MP253AAK3, STM32MP253AAL3, STM32MP253CAI3, STM32MP253CAK3, STM32MP253CAL3, STM32MP253DAI3, STM32MP253DAK3, STM32MP253DAL3, STM32MP253FAI3, STM32MP253FAK3, STM32MP253FAL3, STM32MP255AAI3, STM32MP255AAK3, STM32MP255AAL3, STM32MP255CAI3, STM32MP255CAK3, STM32MP255CAL3, STM32MP255DAI3, STM32MP255DAK3, STM32MP255DAL3, STM32MP255FAI3, STM32MP255FAK3, STM32MP255FAL3, STM32MP257AAI3, STM32MP257AAK3, STM32MP257AAL3, STM32MP257CAI3, STM32MP257CAK3, STM32MP257CAL3, STM32MP257DAI3, STM32MP257DAK3, STM32MP257DAL3, STM32MP257F-DK, STM32MP257F-EV1, STM32MP257FAI3, STM32MP257FAK3, STM32MP257FAL3, STM32U031C6T6, STM32U031C6U6, STM32U031C8T6, STM32U031C8U6, STM32U031F4P6, STM32U031F6P6, STM32U031F8P6, STM32U031G6Y6TR, STM32U031G8Y6TR, STM32U031K4U6, STM32U031K6U6, STM32U031K8U6, STM32U031R6I6, STM32U031R6T6, STM32U031R8I6, STM32U031R8T6, STM32U073C8T6, STM32U073C8U6, STM32U073CBT6, STM32U073CBU6, STM32U073CCT6, STM32U073CCU6, STM32U073H8Y6TR, STM32U073HBY6TR, STM32U073HCY6TR, STM32U073K8U6, STM32U073KBU6, STM32U073KCU6, STM32U073M8I6, STM32U073M8T6, STM32U073MBI6, STM32U073MBT6, STM32U073MCI6, STM32U073MCT6, STM32U073R8I6, STM32U073R8T6, STM32U073RBI6, STM32U073RBT6, STM32U073RCI6, STM32U073RCT6, STM32U083C-DK, STM32U083CCT6, STM32U083CCU6, STM32U083HCY6TR, STM32U083KCU6, STM32U083MCI6, STM32U083MCT6, STM32U083RCI6, STM32U083RCT6, STM32U535CBT6, STM32U535CBT6Q, STM32U535CBU6, STM32U535CBU6Q, STM32U535CCT6, STM32U535CCT6Q, STM32U535CCU6, STM32U535CCU6Q, STM32U535CET6, STM32U535CET6Q, STM32U535CEU6, STM32U535CEU6Q, STM32U535JEY6QTR, STM32U535NCY6QTR, STM32U535NEY6QTR, STM32U535RBI6, STM32U535RBI6Q, STM32U535RBT6, STM32U535RBT6Q, STM32U535RCI6, STM32U535RCI6Q, STM32U535RCT6, STM32U535RCT6Q, STM32U535REI6, STM32U535REI6Q, STM32U535RET6, STM32U535RET6Q, STM32U535VCI6, STM32U535VCI6Q, STM32U535VCT6, STM32U535VCT6Q, STM32U535VEI6, STM32U535VEI6Q, STM32U535VET6, STM32U535VET6Q, STM32U545CET6, STM32U545CET6Q, STM32U545CEU6, STM32U545CEU6Q, STM32U545JEY6QTR, STM32U545NEY6QTR, STM32U545REI6, STM32U545REI6Q, STM32U545RET6, STM32U545RET6Q, STM32U545VEI6, STM32U545VEI6Q, STM32U545VET6, STM32U545VET6Q, STM32U595AIH6, STM32U595AIH6Q, STM32U595AJH6, STM32U595AJH6Q, STM32U595QII6, STM32U595QII6Q, STM32U595QJI6, STM32U595QJI6Q, STM32U595RIT6, STM32U595RIT6Q, STM32U595RJT6, STM32U595RJT6Q, STM32U595VIT6, STM32U595VIT6Q, STM32U595VJT6, STM32U595VJT6Q, STM32U595ZIT6, STM32U595ZIT6Q, STM32U595ZIY6QTR, STM32U595ZJT6, STM32U595ZJT6Q, STM32U595ZJY6QTR, STM32U599BJY6QTR, STM32U599NIH6Q, STM32U599NJH6Q, STM32U599VIT6Q, STM32U599VJT6, STM32U599VJT6Q, STM32U599ZIT6Q, STM32U599ZIY6QTR, STM32U599ZJT6Q, STM32U599ZJY6QTR, STM32U5A5AJH6, STM32U5A5AJH6Q, STM32U5A5QII3Q , STM32U5A5QJI6, STM32U5A5QJI6Q, STM32U5A5RJT6, STM32U5A5RJT6Q, STM32U5A5VJT6, STM32U5A5VJT6Q, STM32U5A5ZJT6, STM32U5A5ZJT6Q, STM32U5A5ZJY6QTR, STM32U5A9BJY6QTR, STM32U5A9J-DK, STM32U5A9NJH6Q, STM32U5A9VJT6Q, STM32U5A9ZJT6Q, STM32U5A9ZJY6QTR, STM32U5F7VIT6, STM32U5F7VIT6Q, STM32U5F7VJT6, STM32U5F7VJT6Q, STM32U5F9BJY6QTR, STM32U5F9NJH6Q, STM32U5F9VIT6Q, STM32U5F9VJT6Q, STM32U5F9ZIJ6QTR, STM32U5F9ZIT6Q, STM32U5F9ZJJ6QTR, STM32U5F9ZJT6Q, STM32U5G7VJT6, STM32U5G7VJT6Q, STM32U5G9BJY6QTR, STM32U5G9J-DK1, STM32U5G9J-DK2, STM32U5G9NJH6Q, STM32U5G9VJT6Q, STM32U5G9ZJJ6QTR, STM32U5G9ZJT6Q, STM32WB05KZV6TR, STM32WB05KZV7TR, STM32WB05TZF6TR, STM32WB05TZF7TR, STM32WB06CCF6TR, STM32WB06CCF7TR, STM32WB06CCV6TR, STM32WB06CCV7TR, STM32WB06KCV6TR, STM32WB06KCV7TR, STM32WB07CCF6TR, STM32WB07CCF7TR, STM32WB07CCV6TR, STM32WB07CCV7TR, STM32WB07KCV6TR, STM32WB07KCV7TR, STM32WB09KEV6TR, STM32WB09KEV7TR, STM32WB09TEF6TR, STM32WB09TEF7TR, STM32WB1MMCH6, STM32WBA50KGU6, STM32WBA50KGU6TR, STM32WBA52CEU6, STM32WBA52CEU6TR, STM32WBA52CEU7, STM32WBA52CEU7TR, STM32WBA52CGU6, STM32WBA52CGU6TR, STM32WBA52CGU6U, STM32WBA52CGU7, STM32WBA52CGU7TR, STM32WBA52KEU6, STM32WBA52KEU6TR, STM32WBA52KGU6, STM32WBA52KGU6TR, STM32WBA54CEU6, STM32WBA54CEU6TR, STM32WBA54CEU7, STM32WBA54CEU7TR, STM32WBA54CGU6, STM32WBA54CGU6TR, STM32WBA54CGU7, STM32WBA54CGU7TR, STM32WBA54KEU6, STM32WBA54KEU6TR, STM32WBA54KEU7, STM32WBA54KEU7TR, STM32WBA54KGU6, STM32WBA54KGU6TR, STM32WBA54KGU7, STM32WBA54KGU7TR, STM32WBA55CEU6, STM32WBA55CEU6TR, STM32WBA55CEU7, STM32WBA55CEU7TR, STM32WBA55CGU6, STM32WBA55CGU6TR, STM32WBA55CGU6U, STM32WBA55CGU7, STM32WBA55CGU7TR, STM32WBA55G-DK1, STM32WBA55HEF6, STM32WBA55HEF7, STM32WBA55HGF6, STM32WBA55HGF7, STM32WBA55UEI6, STM32WBA55UEI6TR, STM32WBA55UEI7, STM32WBA55UEI7TR, STM32WBA55UGI6, STM32WBA55UGI6TR, STM32WBA55UGI7, STM32WBA55UGI7TR, STM32WL5MOCH6, STM32WL5MOCH6TR]
2024-10-29 22:13:12,158 [INFO] DbMcus:218 - Found 4252 MCUs, 4252 are supported
2024-10-29 22:13:12,159 [INFO] ApiDb:423 - Load user favorites file C:\Users\OS/.stm32cubeide/favorites.mcus.txt: 0 item(s)
2024-10-29 22:13:12,159 [INFO] ApiDb:427 - User favorites MCUs=[]
2024-10-29 22:13:12,159 [INFO] DbMcus:224 - Set 0 / 0 favorites MCUs
2024-10-29 22:13:12,407 [INFO] ApiDb:423 - Load user favorites file C:\Users\OS/.stm32cubeide/favorites.boards.txt: 0 item(s)
2024-10-29 22:13:12,407 [INFO] ApiDb:427 - User favorites Boards=[]
2024-10-29 22:13:12,407 [INFO] DbBoards:198 - Set 0 / 0 favorites Boards
2024-10-29 22:13:12,461 [INFO] UtilMem:75 - End LoadConfig() Used Memory: 812934464 Bytes (1073741824)
2024-10-29 22:13:12,578 [WARN] ThirdParty:833 - waiting for thirdparty lock release [change project]
2024-10-29 22:13:12,578 [INFO] ThirdParty:835 - entering critical section [change project]
2024-10-29 22:13:12,579 [INFO] ThirdParty:1030 - CMSIS Pack Vendor :STMicroelectronics USBPD 4.1
2024-10-29 22:13:12,579 [INFO] ThirdParty:1030 - CMSIS Pack Vendor :STMicroelectronics ThreadX 1.0.0
2024-10-29 22:13:12,579 [INFO] ThirdParty:1030 - CMSIS Pack Vendor :STMicroelectronics USB_HOST 2.0.0
2024-10-29 22:13:12,579 [INFO] ThirdParty:1030 - CMSIS Pack Vendor :STMicroelectronics LIBJPEG 8.0.0
2024-10-29 22:13:12,579 [INFO] ThirdParty:1030 - CMSIS Pack Vendor :STMicroelectronics FreeRTOS 0.0.1
2024-10-29 22:13:12,579 [INFO] ThirdParty:1030 - CMSIS Pack Vendor :STMicroelectronics USB_DEVICE 1.0.0
2024-10-29 22:13:12,579 [INFO] ThirdParty:1030 - CMSIS Pack Vendor :STMicroelectronics STM32_WPAN 1.0.0
2024-10-29 22:13:12,579 [INFO] ThirdParty:1030 - CMSIS Pack Vendor :STMicroelectronics USB_DEVICE 3.0.0
2024-10-29 22:13:12,579 [INFO] ThirdParty:1030 - CMSIS Pack Vendor :STMicroelectronics HAL Drivers 0.0.0
2024-10-29 22:13:12,579 [INFO] ThirdParty:1030 - CMSIS Pack Vendor :STMicroelectronics MBEDTLS 2.16.2
2024-10-29 22:13:12,579 [INFO] ThirdParty:1030 - CMSIS Pack Vendor :STMicroelectronics ThreadX 0.0.2
2024-10-29 22:13:12,579 [INFO] ThirdParty:1030 - CMSIS Pack Vendor :STMicroelectronics lwIP 2.0.3
2024-10-29 22:13:12,579 [INFO] ThirdParty:1030 - CMSIS Pack Vendor :STMicroelectronics lwIP 2.1.2
2024-10-29 22:13:12,579 [INFO] ThirdParty:1030 - CMSIS Pack Vendor :STMicroelectronics MBEDTLS 2.14.1
2024-10-29 22:13:12,579 [INFO] ThirdParty:1030 - CMSIS Pack Vendor :STMicroelectronics USB_HOST 1.0.0
2024-10-29 22:13:12,579 [INFO] ThirdParty:1030 - CMSIS Pack Vendor :STMicroelectronics PDM2PCM 3.1.0
2024-10-29 22:13:12,579 [INFO] ThirdParty:1030 - CMSIS Pack Vendor :STMicroelectronics PDM2PCM 3.2.0
2024-10-29 22:13:12,579 [INFO] ThirdParty:1030 - CMSIS Pack Vendor :STMicroelectronics USB_DEVICE 2.0.0
2024-10-29 22:13:12,579 [INFO] ThirdParty:1030 - CMSIS Pack Vendor :STMicroelectronics PDM2PCM 3.3.0
2024-10-29 22:13:12,579 [INFO] ThirdParty:841 - exiting critical section [change project]
2024-10-29 22:13:12,784 [INFO] PinOutPanel:1561 - setPackage(No Configuration,No Configuration)
2024-10-29 22:13:12,785 [INFO] PinOutPanel:1561 - setPackage(STM32F103C8Tx,LQFP48)
2024-10-29 22:13:13,146 [INFO] UtilMem:75 - Before build in PCC Used Memory: 646403760 Bytes (1073741824)
2024-10-29 22:13:13,754 [INFO] UtilMem:75 - After build in PCC Used Memory: 729405536 Bytes (1073741824)
2024-10-29 22:13:13,769 [INFO] IPUIPlugin:80 - create IPUIPlugin
2024-10-29 22:13:13,769 [INFO] IPUIPlugin:80 - create IPUIPlugin
2024-10-29 22:13:13,769 [INFO] IPUIPlugin:80 - create IPUIPlugin
2024-10-29 22:13:13,769 [INFO] IPUIPlugin:80 - create IPUIPlugin
2024-10-29 22:13:13,769 [INFO] IPUIPlugin:80 - create IPUIPlugin
2024-10-29 22:13:13,769 [INFO] IPUIPlugin:80 - create IPUIPlugin
2024-10-29 22:13:13,769 [INFO] IPUIPlugin:80 - create IPUIPlugin
2024-10-29 22:13:13,769 [INFO] IPUIPlugin:80 - create IPUIPlugin
2024-10-29 22:13:13,769 [INFO] IPUIPlugin:80 - create IPUIPlugin
2024-10-29 22:13:13,769 [INFO] IPUIPlugin:80 - create IPUIPlugin
2024-10-29 22:13:13,772 [INFO] IPUIPlugin:80 - create IPUIPlugin
2024-10-29 22:13:13,772 [INFO] IPUIPlugin:80 - create IPUIPlugin
2024-10-29 22:13:13,772 [INFO] IPUIPlugin:80 - create IPUIPlugin
2024-10-29 22:13:13,772 [INFO] IPUIPlugin:80 - create IPUIPlugin
2024-10-29 22:13:13,772 [INFO] IPUIPlugin:80 - create IPUIPlugin
2024-10-29 22:13:13,772 [INFO] IPUIPlugin:80 - create IPUIPlugin
2024-10-29 22:13:13,772 [INFO] IPUIPlugin:80 - create IPUIPlugin
2024-10-29 22:13:13,772 [INFO] IPUIPlugin:80 - create IPUIPlugin
2024-10-29 22:13:13,772 [INFO] IPUIPlugin:80 - create IPUIPlugin
2024-10-29 22:13:13,772 [INFO] IPUIPlugin:80 - create IPUIPlugin
2024-10-29 22:13:13,772 [INFO] IPUIPlugin:80 - create IPUIPlugin
2024-10-29 22:13:13,772 [INFO] IPUIPlugin:80 - create IPUIPlugin
2024-10-29 22:13:13,772 [INFO] IPUIPlugin:80 - create IPUIPlugin
2024-10-29 22:13:13,772 [INFO] IPUIPlugin:80 - create IPUIPlugin
2024-10-29 22:13:13,772 [INFO] IPUIPlugin:80 - create IPUIPlugin
2024-10-29 22:13:13,772 [INFO] IPUIPlugin:80 - create IPUIPlugin
2024-10-29 22:13:13,775 [INFO] IPUIPlugin:80 - create IPUIPlugin
2024-10-29 22:13:13,940 [INFO] CADModel:165 - CPN selected for project levelSTM32F103C8T6
2024-10-29 22:13:13,940 [INFO] CADModel:114 - Register for checkConnection events
2024-10-29 22:13:13,996 [INFO] OpenFileManager:363 - Restore cursor
2024-10-29 23:01:33,630 [INFO] WebApp:189 - Connection lost
2024-10-29 23:01:33,874 [INFO] WebApp:186 - Connection restablished
2024-10-29 23:48:55,323 [ERROR] LogOutputStream:75 - [STDERR_REDIRECT] 
